{"/Users/benjamincox/StackTracker/hruf/server/openai.ts": {"path":"/Users/benjamincox/StackTracker/hruf/server/openai.ts","statementMap":{"0":{"start":{"line":8,"column":0},"end":{"line":10,"column":1}},"1":{"start":{"line":9,"column":2},"end":{"line":9,"column":48}},"2":{"start":{"line":14,"column":22},"end":{"line":16,"column":2}},"3":{"start":{"line":21,"column":29},"end":{"line":46,"column":2}},"4":{"start":{"line":48,"column":35},"end":{"line":83,"column":2}},"5":{"start":{"line":89,"column":22},"end":{"line":92,"column":2}},"6":{"start":{"line":104,"column":2},"end":{"line":190,"column":3}},"7":{"start":{"line":106,"column":32},"end":{"line":109,"column":9}},"8":{"start":{"line":108,"column":6},"end":{"line":108,"column":55}},"9":{"start":{"line":111,"column":18},"end":{"line":111,"column":58}},"10":{"start":{"line":113,"column":4},"end":{"line":119,"column":7}},"11":{"start":{"line":121,"column":19},"end":{"line":132,"column":6}},"12":{"start":{"line":125,"column":32},"end":{"line":128,"column":10}},"13":{"start":{"line":134,"column":4},"end":{"line":134,"column":62}},"14":{"start":{"line":136,"column":23},"end":{"line":136,"column":25}},"15":{"start":{"line":139,"column":4},"end":{"line":157,"column":5}},"16":{"start":{"line":140,"column":6},"end":{"line":156,"column":7}},"17":{"start":{"line":141,"column":24},"end":{"line":141,"column":62}},"18":{"start":{"line":143,"column":8},"end":{"line":152,"column":9}},"19":{"start":{"line":144,"column":10},"end":{"line":148,"column":13}},"20":{"start":{"line":150,"column":10},"end":{"line":150,"column":34}},"21":{"start":{"line":151,"column":10},"end":{"line":151,"column":55}},"22":{"start":{"line":154,"column":8},"end":{"line":154,"column":60}},"23":{"start":{"line":159,"column":4},"end":{"line":162,"column":7}},"24":{"start":{"line":165,"column":4},"end":{"line":165,"column":45}},"25":{"start":{"line":167,"column":4},"end":{"line":173,"column":7}},"26":{"start":{"line":176,"column":4},"end":{"line":179,"column":5}},"27":{"start":{"line":178,"column":6},"end":{"line":178,"column":106}},"28":{"start":{"line":182,"column":4},"end":{"line":186,"column":6}},"29":{"start":{"line":189,"column":4},"end":{"line":189,"column":11}},"30":{"start":{"line":201,"column":2},"end":{"line":201,"column":36}},"31":{"start":{"line":211,"column":24},"end":{"line":211,"column":51}},"32":{"start":{"line":212,"column":25},"end":{"line":212,"column":53}},"33":{"start":{"line":213,"column":22},"end":{"line":213,"column":52}},"34":{"start":{"line":215,"column":2},"end":{"line":221,"column":5}}},"fnMap":{"0":{"name":"chatWithAI","decl":{"start":{"line":100,"column":23},"end":{"line":100,"column":33}},"loc":{"start":{"line":102,"column":24},"end":{"line":191,"column":1}}},"1":{"name":"(anonymous_1)","decl":{"start":{"line":106,"column":48},"end":{"line":106,"column":49}},"loc":{"start":{"line":106,"column":63},"end":{"line":109,"column":5}}},"2":{"name":"(anonymous_2)","decl":{"start":{"line":125,"column":24},"end":{"line":125,"column":27}},"loc":{"start":{"line":125,"column":32},"end":{"line":128,"column":10}}},"3":{"name":"estimateTokenCount","decl":{"start":{"line":198,"column":16},"end":{"line":198,"column":34}},"loc":{"start":{"line":198,"column":47},"end":{"line":202,"column":1}}},"4":{"name":"logTokenUsage","decl":{"start":{"line":210,"column":16},"end":{"line":210,"column":29}},"loc":{"start":{"line":210,"column":88},"end":{"line":222,"column":1}}}},"branchMap":{"0":{"loc":{"start":{"line":8,"column":0},"end":{"line":10,"column":1}},"type":"if","locations":[{"start":{"line":8,"column":0},"end":{"line":10,"column":1}}]},"1":{"loc":{"start":{"line":8,"column":4},"end":{"line":8,"column":66}},"type":"binary-expr","locations":[{"start":{"line":8,"column":4},"end":{"line":8,"column":31}},{"start":{"line":8,"column":35},"end":{"line":8,"column":66}}]},"2":{"loc":{"start":{"line":15,"column":10},"end":{"line":15,"column":62}},"type":"binary-expr","locations":[{"start":{"line":15,"column":10},"end":{"line":15,"column":36}},{"start":{"line":15,"column":40},"end":{"line":15,"column":62}}]},"3":{"loc":{"start":{"line":111,"column":18},"end":{"line":111,"column":58}},"type":"binary-expr","locations":[{"start":{"line":111,"column":18},"end":{"line":111,"column":31}},{"start":{"line":111,"column":35},"end":{"line":111,"column":58}}]},"4":{"loc":{"start":{"line":141,"column":24},"end":{"line":141,"column":62}},"type":"binary-expr","locations":[{"start":{"line":141,"column":24},"end":{"line":141,"column":56}},{"start":{"line":141,"column":60},"end":{"line":141,"column":62}}]},"5":{"loc":{"start":{"line":143,"column":8},"end":{"line":152,"column":9}},"type":"if","locations":[{"start":{"line":143,"column":8},"end":{"line":152,"column":9}}]},"6":{"loc":{"start":{"line":168,"column":13},"end":{"line":168,"column":67}},"type":"cond-expr","locations":[{"start":{"line":168,"column":38},"end":{"line":168,"column":51}},{"start":{"line":168,"column":54},"end":{"line":168,"column":67}}]},"7":{"loc":{"start":{"line":169,"column":13},"end":{"line":169,"column":61}},"type":"cond-expr","locations":[{"start":{"line":169,"column":38},"end":{"line":169,"column":49}},{"start":{"line":169,"column":52},"end":{"line":169,"column":61}}]},"8":{"loc":{"start":{"line":170,"column":13},"end":{"line":170,"column":53}},"type":"binary-expr","locations":[{"start":{"line":170,"column":13},"end":{"line":170,"column":26}},{"start":{"line":170,"column":30},"end":{"line":170,"column":53}}]},"9":{"loc":{"start":{"line":176,"column":4},"end":{"line":179,"column":5}},"type":"if","locations":[{"start":{"line":176,"column":4},"end":{"line":179,"column":5}}]},"10":{"loc":{"start":{"line":176,"column":8},"end":{"line":177,"column":78}},"type":"binary-expr","locations":[{"start":{"line":176,"column":8},"end":{"line":176,"column":30}},{"start":{"line":177,"column":9},"end":{"line":177,"column":40}},{"start":{"line":177,"column":44},"end":{"line":177,"column":77}}]},"11":{"loc":{"start":{"line":183,"column":13},"end":{"line":183,"column":71}},"type":"cond-expr","locations":[{"start":{"line":183,"column":38},"end":{"line":183,"column":51}},{"start":{"line":183,"column":54},"end":{"line":183,"column":71}}]},"12":{"loc":{"start":{"line":185,"column":15},"end":{"line":185,"column":63}},"type":"cond-expr","locations":[{"start":{"line":185,"column":40},"end":{"line":185,"column":51}},{"start":{"line":185,"column":54},"end":{"line":185,"column":63}}]}},"s":{"0":0,"1":0,"2":0,"3":0,"4":0,"5":0,"6":0,"7":0,"8":0,"9":0,"10":0,"11":0,"12":0,"13":0,"14":0,"15":0,"16":0,"17":0,"18":0,"19":0,"20":0,"21":0,"22":0,"23":0,"24":0,"25":0,"26":0,"27":0,"28":0,"29":0,"30":0,"31":0,"32":0,"33":0,"34":0},"f":{"0":0,"1":0,"2":0,"3":0,"4":0},"b":{"0":[0],"1":[0,0],"2":[0,0],"3":[0,0],"4":[0,0],"5":[0],"6":[0,0],"7":[0,0],"8":[0,0],"9":[0],"10":[0,0,0],"11":[0,0],"12":[0,0]}}
,"/Users/benjamincox/StackTracker/hruf/server/cron/summarizeChats.ts": {"path":"/Users/benjamincox/StackTracker/hruf/server/cron/summarizeChats.ts","statementMap":{"0":{"start":{"line":7,"column":19},"end":{"line":7,"column":50}},"1":{"start":{"line":9,"column":2},"end":{"line":15,"column":3}},"2":{"start":{"line":10,"column":4},"end":{"line":14,"column":5}},"3":{"start":{"line":11,"column":6},"end":{"line":11,"column":39}},"4":{"start":{"line":13,"column":6},"end":{"line":13,"column":77}}},"fnMap":{"0":{"name":"runChatSummarization","decl":{"start":{"line":6,"column":22},"end":{"line":6,"column":42}},"loc":{"start":{"line":6,"column":42},"end":{"line":16,"column":1}}}},"branchMap":{},"s":{"0":0,"1":0,"2":0,"3":0,"4":0},"f":{"0":0},"b":{}}
,"/Users/benjamincox/StackTracker/hruf/server/cron/summaryManager.ts": {"path":"/Users/benjamincox/StackTracker/hruf/server/cron/summaryManager.ts","statementMap":{"0":{"start":{"line":13,"column":49},"end":{"line":13,"column":53}},"1":{"start":{"line":14,"column":50},"end":{"line":14,"column":54}},"2":{"start":{"line":15,"column":57},"end":{"line":15,"column":61}},"3":{"start":{"line":22,"column":4},"end":{"line":24,"column":5}},"4":{"start":{"line":23,"column":6},"end":{"line":23,"column":40}},"5":{"start":{"line":26,"column":4},"end":{"line":26,"column":77}},"6":{"start":{"line":29,"column":16},"end":{"line":29,"column":26}},"7":{"start":{"line":30,"column":20},"end":{"line":30,"column":33}},"8":{"start":{"line":31,"column":4},"end":{"line":31,"column":36}},"9":{"start":{"line":34,"column":4},"end":{"line":36,"column":5}},"10":{"start":{"line":35,"column":6},"end":{"line":35,"column":45}},"11":{"start":{"line":38,"column":30},"end":{"line":38,"column":63}},"12":{"start":{"line":39,"column":4},"end":{"line":39,"column":111}},"13":{"start":{"line":42,"column":4},"end":{"line":50,"column":26}},"14":{"start":{"line":44,"column":6},"end":{"line":44,"column":33}},"15":{"start":{"line":47,"column":6},"end":{"line":49,"column":30}},"16":{"start":{"line":48,"column":8},"end":{"line":48,"column":35}},"17":{"start":{"line":58,"column":4},"end":{"line":60,"column":5}},"18":{"start":{"line":59,"column":6},"end":{"line":59,"column":41}},"19":{"start":{"line":62,"column":4},"end":{"line":62,"column":168}},"20":{"start":{"line":65,"column":16},"end":{"line":65,"column":26}},"21":{"start":{"line":66,"column":20},"end":{"line":66,"column":33}},"22":{"start":{"line":67,"column":4},"end":{"line":67,"column":36}},"23":{"start":{"line":70,"column":28},"end":{"line":70,"column":62}},"24":{"start":{"line":71,"column":4},"end":{"line":71,"column":57}},"25":{"start":{"line":74,"column":4},"end":{"line":76,"column":5}},"26":{"start":{"line":75,"column":6},"end":{"line":75,"column":45}},"27":{"start":{"line":78,"column":30},"end":{"line":78,"column":63}},"28":{"start":{"line":79,"column":4},"end":{"line":79,"column":115}},"29":{"start":{"line":82,"column":4},"end":{"line":90,"column":26}},"30":{"start":{"line":84,"column":6},"end":{"line":84,"column":34}},"31":{"start":{"line":87,"column":6},"end":{"line":89,"column":34}},"32":{"start":{"line":88,"column":8},"end":{"line":88,"column":36}},"33":{"start":{"line":97,"column":4},"end":{"line":106,"column":5}},"34":{"start":{"line":98,"column":6},"end":{"line":98,"column":48}},"35":{"start":{"line":99,"column":24},"end":{"line":99,"column":34}},"36":{"start":{"line":100,"column":6},"end":{"line":100,"column":49}},"37":{"start":{"line":102,"column":6},"end":{"line":102,"column":68}},"38":{"start":{"line":103,"column":6},"end":{"line":103,"column":63}},"39":{"start":{"line":105,"column":6},"end":{"line":105,"column":63}},"40":{"start":{"line":113,"column":4},"end":{"line":122,"column":5}},"41":{"start":{"line":114,"column":6},"end":{"line":114,"column":49}},"42":{"start":{"line":115,"column":24},"end":{"line":115,"column":34}},"43":{"start":{"line":116,"column":6},"end":{"line":116,"column":49}},"44":{"start":{"line":118,"column":6},"end":{"line":118,"column":69}},"45":{"start":{"line":119,"column":6},"end":{"line":119,"column":64}},"46":{"start":{"line":121,"column":6},"end":{"line":121,"column":64}},"47":{"start":{"line":131,"column":4},"end":{"line":156,"column":5}},"48":{"start":{"line":132,"column":6},"end":{"line":132,"column":66}},"49":{"start":{"line":135,"column":20},"end":{"line":135,"column":30}},"50":{"start":{"line":138,"column":24},"end":{"line":138,"column":39}},"51":{"start":{"line":139,"column":6},"end":{"line":139,"column":49}},"52":{"start":{"line":142,"column":29},"end":{"line":142,"column":93}},"53":{"start":{"line":145,"column":33},"end":{"line":145,"column":101}},"54":{"start":{"line":147,"column":6},"end":{"line":150,"column":9}},"55":{"start":{"line":152,"column":6},"end":{"line":152,"column":13}},"56":{"start":{"line":154,"column":6},"end":{"line":154,"column":81}},"57":{"start":{"line":155,"column":6},"end":{"line":155,"column":18}},"58":{"start":{"line":167,"column":27},"end":{"line":167,"column":46}},"59":{"start":{"line":169,"column":4},"end":{"line":169,"column":80}},"60":{"start":{"line":171,"column":4},"end":{"line":178,"column":7}},"61":{"start":{"line":172,"column":6},"end":{"line":177,"column":7}},"62":{"start":{"line":173,"column":8},"end":{"line":173,"column":61}},"63":{"start":{"line":174,"column":8},"end":{"line":174,"column":50}},"64":{"start":{"line":176,"column":8},"end":{"line":176,"column":71}},"65":{"start":{"line":185,"column":4},"end":{"line":224,"column":5}},"66":{"start":{"line":187,"column":30},"end":{"line":191,"column":null}},"67":{"start":{"line":194,"column":6},"end":{"line":194,"column":77}},"68":{"start":{"line":196,"column":33},"end":{"line":196,"column":35}},"69":{"start":{"line":199,"column":6},"end":{"line":215,"column":7}},"70":{"start":{"line":200,"column":8},"end":{"line":214,"column":9}},"71":{"start":{"line":201,"column":26},"end":{"line":201,"column":76}},"72":{"start":{"line":202,"column":10},"end":{"line":207,"column":11}},"73":{"start":{"line":203,"column":12},"end":{"line":203,"column":71}},"74":{"start":{"line":205,"column":12},"end":{"line":205,"column":34}},"75":{"start":{"line":206,"column":12},"end":{"line":206,"column":73}},"76":{"start":{"line":210,"column":10},"end":{"line":210,"column":66}},"77":{"start":{"line":210,"column":39},"end":{"line":210,"column":64}},"78":{"start":{"line":212,"column":10},"end":{"line":212,"column":32}},"79":{"start":{"line":213,"column":10},"end":{"line":213,"column":72}},"80":{"start":{"line":217,"column":6},"end":{"line":219,"column":7}},"81":{"start":{"line":218,"column":8},"end":{"line":218,"column":90}},"82":{"start":{"line":221,"column":6},"end":{"line":221,"column":69}},"83":{"start":{"line":223,"column":6},"end":{"line":223,"column":74}},"84":{"start":{"line":228,"column":25},"end":{"line":228,"column":44}},"85":{"start":{"line":229,"column":4},"end":{"line":232,"column":7}},"86":{"start":{"line":230,"column":6},"end":{"line":230,"column":63}},"87":{"start":{"line":231,"column":6},"end":{"line":231,"column":48}},"88":{"start":{"line":233,"column":4},"end":{"line":233,"column":73}},"89":{"start":{"line":237,"column":4},"end":{"line":240,"column":5}},"90":{"start":{"line":238,"column":6},"end":{"line":238,"column":40}},"91":{"start":{"line":239,"column":6},"end":{"line":239,"column":32}},"92":{"start":{"line":242,"column":4},"end":{"line":245,"column":5}},"93":{"start":{"line":243,"column":6},"end":{"line":243,"column":41}},"94":{"start":{"line":244,"column":6},"end":{"line":244,"column":33}},"95":{"start":{"line":247,"column":4},"end":{"line":250,"column":5}},"96":{"start":{"line":248,"column":6},"end":{"line":248,"column":36}},"97":{"start":{"line":249,"column":6},"end":{"line":249,"column":36}},"98":{"start":{"line":252,"column":4},"end":{"line":256,"column":5}},"99":{"start":{"line":253,"column":6},"end":{"line":253,"column":36}},"100":{"start":{"line":254,"column":6},"end":{"line":254,"column":36}},"101":{"start":{"line":255,"column":6},"end":{"line":255,"column":49}},"102":{"start":{"line":258,"column":4},"end":{"line":258,"column":45}},"103":{"start":{"line":263,"column":34},"end":{"line":263,"column":58}}},"fnMap":{"0":{"name":"(anonymous_0)","decl":{"start":{"line":21,"column":2},"end":{"line":21,"column":23}},"loc":{"start":{"line":21,"column":40},"end":{"line":51,"column":3}}},"1":{"name":"(anonymous_1)","decl":{"start":{"line":42,"column":15},"end":{"line":42,"column":18}},"loc":{"start":{"line":42,"column":20},"end":{"line":50,"column":5}}},"2":{"name":"(anonymous_2)","decl":{"start":{"line":47,"column":39},"end":{"line":47,"column":42}},"loc":{"start":{"line":47,"column":44},"end":{"line":49,"column":7}}},"3":{"name":"(anonymous_3)","decl":{"start":{"line":57,"column":2},"end":{"line":57,"column":24}},"loc":{"start":{"line":57,"column":64},"end":{"line":91,"column":3}}},"4":{"name":"(anonymous_4)","decl":{"start":{"line":82,"column":15},"end":{"line":82,"column":18}},"loc":{"start":{"line":82,"column":20},"end":{"line":90,"column":5}}},"5":{"name":"(anonymous_5)","decl":{"start":{"line":87,"column":40},"end":{"line":87,"column":43}},"loc":{"start":{"line":87,"column":45},"end":{"line":89,"column":7}}},"6":{"name":"(anonymous_6)","decl":{"start":{"line":96,"column":2},"end":{"line":96,"column":7}},"loc":{"start":{"line":96,"column":27},"end":{"line":107,"column":3}}},"7":{"name":"(anonymous_7)","decl":{"start":{"line":112,"column":2},"end":{"line":112,"column":7}},"loc":{"start":{"line":112,"column":28},"end":{"line":123,"column":3}}},"8":{"name":"(anonymous_8)","decl":{"start":{"line":130,"column":2},"end":{"line":130,"column":7}},"loc":{"start":{"line":130,"column":41},"end":{"line":157,"column":3}}},"9":{"name":"(anonymous_9)","decl":{"start":{"line":166,"column":2},"end":{"line":166,"column":24}},"loc":{"start":{"line":166,"column":41},"end":{"line":179,"column":3}}},"10":{"name":"(anonymous_10)","decl":{"start":{"line":171,"column":59},"end":{"line":171,"column":64}},"loc":{"start":{"line":171,"column":70},"end":{"line":178,"column":5}}},"11":{"name":"(anonymous_11)","decl":{"start":{"line":184,"column":2},"end":{"line":184,"column":7}},"loc":{"start":{"line":184,"column":36},"end":{"line":225,"column":3}}},"12":{"name":"(anonymous_12)","decl":{"start":{"line":210,"column":28},"end":{"line":210,"column":35}},"loc":{"start":{"line":210,"column":39},"end":{"line":210,"column":64}}},"13":{"name":"(anonymous_13)","decl":{"start":{"line":227,"column":2},"end":{"line":227,"column":24}},"loc":{"start":{"line":227,"column":41},"end":{"line":234,"column":3}}},"14":{"name":"(anonymous_14)","decl":{"start":{"line":229,"column":57},"end":{"line":229,"column":62}},"loc":{"start":{"line":229,"column":68},"end":{"line":232,"column":5}}},"15":{"name":"(anonymous_15)","decl":{"start":{"line":236,"column":2},"end":{"line":236,"column":14}},"loc":{"start":{"line":236,"column":14},"end":{"line":259,"column":3}}}},"branchMap":{"0":{"loc":{"start":{"line":21,"column":24},"end":{"line":21,"column":40}},"type":"default-arg","locations":[{"start":{"line":21,"column":39},"end":{"line":21,"column":40}}]},"1":{"loc":{"start":{"line":22,"column":4},"end":{"line":24,"column":5}},"type":"if","locations":[{"start":{"line":22,"column":4},"end":{"line":24,"column":5}}]},"2":{"loc":{"start":{"line":34,"column":4},"end":{"line":36,"column":5}},"type":"if","locations":[{"start":{"line":34,"column":4},"end":{"line":36,"column":5}}]},"3":{"loc":{"start":{"line":57,"column":25},"end":{"line":57,"column":46}},"type":"default-arg","locations":[{"start":{"line":57,"column":45},"end":{"line":57,"column":46}}]},"4":{"loc":{"start":{"line":57,"column":48},"end":{"line":57,"column":64}},"type":"default-arg","locations":[{"start":{"line":57,"column":63},"end":{"line":57,"column":64}}]},"5":{"loc":{"start":{"line":58,"column":4},"end":{"line":60,"column":5}},"type":"if","locations":[{"start":{"line":58,"column":4},"end":{"line":60,"column":5}}]},"6":{"loc":{"start":{"line":74,"column":4},"end":{"line":76,"column":5}},"type":"if","locations":[{"start":{"line":74,"column":4},"end":{"line":76,"column":5}}]},"7":{"loc":{"start":{"line":74,"column":8},"end":{"line":74,"column":66}},"type":"binary-expr","locations":[{"start":{"line":74,"column":8},"end":{"line":74,"column":29}},{"start":{"line":74,"column":33},"end":{"line":74,"column":66}}]},"8":{"loc":{"start":{"line":166,"column":25},"end":{"line":166,"column":41}},"type":"default-arg","locations":[{"start":{"line":166,"column":40},"end":{"line":166,"column":41}}]},"9":{"loc":{"start":{"line":202,"column":10},"end":{"line":207,"column":11}},"type":"if","locations":[{"start":{"line":202,"column":10},"end":{"line":207,"column":11}},{"start":{"line":204,"column":17},"end":{"line":207,"column":11}}]},"10":{"loc":{"start":{"line":217,"column":6},"end":{"line":219,"column":7}},"type":"if","locations":[{"start":{"line":217,"column":6},"end":{"line":219,"column":7}}]},"11":{"loc":{"start":{"line":227,"column":25},"end":{"line":227,"column":41}},"type":"default-arg","locations":[{"start":{"line":227,"column":40},"end":{"line":227,"column":41}}]},"12":{"loc":{"start":{"line":237,"column":4},"end":{"line":240,"column":5}},"type":"if","locations":[{"start":{"line":237,"column":4},"end":{"line":240,"column":5}}]},"13":{"loc":{"start":{"line":242,"column":4},"end":{"line":245,"column":5}},"type":"if","locations":[{"start":{"line":242,"column":4},"end":{"line":245,"column":5}}]},"14":{"loc":{"start":{"line":247,"column":4},"end":{"line":250,"column":5}},"type":"if","locations":[{"start":{"line":247,"column":4},"end":{"line":250,"column":5}}]},"15":{"loc":{"start":{"line":252,"column":4},"end":{"line":256,"column":5}},"type":"if","locations":[{"start":{"line":252,"column":4},"end":{"line":256,"column":5}}]}},"s":{"0":0,"1":0,"2":0,"3":0,"4":0,"5":0,"6":0,"7":0,"8":0,"9":0,"10":0,"11":0,"12":0,"13":0,"14":0,"15":0,"16":0,"17":0,"18":0,"19":0,"20":0,"21":0,"22":0,"23":0,"24":0,"25":0,"26":0,"27":0,"28":0,"29":0,"30":0,"31":0,"32":0,"33":0,"34":0,"35":0,"36":0,"37":0,"38":0,"39":0,"40":0,"41":0,"42":0,"43":0,"44":0,"45":0,"46":0,"47":0,"48":0,"49":0,"50":0,"51":0,"52":0,"53":0,"54":0,"55":0,"56":0,"57":0,"58":0,"59":0,"60":0,"61":0,"62":0,"63":0,"64":0,"65":0,"66":0,"67":0,"68":0,"69":0,"70":0,"71":0,"72":0,"73":0,"74":0,"75":0,"76":0,"77":0,"78":0,"79":0,"80":0,"81":0,"82":0,"83":0,"84":0,"85":0,"86":0,"87":0,"88":0,"89":0,"90":0,"91":0,"92":0,"93":0,"94":0,"95":0,"96":0,"97":0,"98":0,"99":0,"100":0,"101":0,"102":0,"103":0},"f":{"0":0,"1":0,"2":0,"3":0,"4":0,"5":0,"6":0,"7":0,"8":0,"9":0,"10":0,"11":0,"12":0,"13":0,"14":0,"15":0},"b":{"0":[0],"1":[0],"2":[0],"3":[0],"4":[0],"5":[0],"6":[0],"7":[0,0],"8":[0],"9":[0,0],"10":[0],"11":[0],"12":[0],"13":[0],"14":[0],"15":[0]}}
,"/Users/benjamincox/StackTracker/hruf/server/cron/updateTrialStatuses.ts": {"path":"/Users/benjamincox/StackTracker/hruf/server/cron/updateTrialStatuses.ts","statementMap":{"0":{"start":{"line":8,"column":14},"end":{"line":8,"column":24}},"1":{"start":{"line":11,"column":21},"end":{"line":13,"column":4}},"2":{"start":{"line":16,"column":2},"end":{"line":18,"column":3}},"3":{"start":{"line":17,"column":4},"end":{"line":17,"column":51}}},"fnMap":{"0":{"name":"updateTrialStatuses","decl":{"start":{"line":7,"column":22},"end":{"line":7,"column":41}},"loc":{"start":{"line":7,"column":41},"end":{"line":19,"column":1}}}},"branchMap":{},"s":{"0":0,"1":0,"2":0,"3":0},"f":{"0":0},"b":{}}
,"/Users/benjamincox/StackTracker/hruf/server/services/advancedSummaryService.ts": {"path":"/Users/benjamincox/StackTracker/hruf/server/services/advancedSummaryService.ts","statementMap":{"0":{"start":{"line":11,"column":15},"end":{"line":13,"column":2}},"1":{"start":{"line":20,"column":26},"end":{"line":20,"column":39}},"2":{"start":{"line":21,"column":28},"end":{"line":21,"column":33}},"3":{"start":{"line":22,"column":33},"end":{"line":22,"column":35}},"4":{"start":{"line":25,"column":33},"end":{"line":38,"column":4}},"5":{"start":{"line":40,"column":38},"end":{"line":53,"column":80}},"6":{"start":{"line":62,"column":4},"end":{"line":203,"column":5}},"7":{"start":{"line":64,"column":25},"end":{"line":64,"column":39}},"8":{"start":{"line":65,"column":6},"end":{"line":65,"column":38}},"9":{"start":{"line":67,"column":23},"end":{"line":67,"column":37}},"10":{"start":{"line":68,"column":6},"end":{"line":68,"column":41}},"11":{"start":{"line":70,"column":6},"end":{"line":70,"column":104}},"12":{"start":{"line":73,"column":35},"end":{"line":90,"column":null}},"13":{"start":{"line":94,"column":36},"end":{"line":101,"column":null}},"14":{"start":{"line":105,"column":6},"end":{"line":108,"column":7}},"15":{"start":{"line":106,"column":8},"end":{"line":106,"column":95}},"16":{"start":{"line":107,"column":8},"end":{"line":107,"column":20}},"17":{"start":{"line":111,"column":38},"end":{"line":120,"column":19}},"18":{"start":{"line":112,"column":26},"end":{"line":112,"column":68}},"19":{"start":{"line":113,"column":28},"end":{"line":117,"column":33}},"20":{"start":{"line":115,"column":35},"end":{"line":115,"column":53}},"21":{"start":{"line":119,"column":8},"end":{"line":119,"column":145}},"22":{"start":{"line":122,"column":39},"end":{"line":142,"column":19}},"23":{"start":{"line":123,"column":26},"end":{"line":123,"column":69}},"24":{"start":{"line":126,"column":22},"end":{"line":126,"column":33}},"25":{"start":{"line":127,"column":8},"end":{"line":139,"column":9}},"26":{"start":{"line":129,"column":25},"end":{"line":129,"column":48}},"27":{"start":{"line":130,"column":10},"end":{"line":136,"column":11}},"28":{"start":{"line":132,"column":12},"end":{"line":135,"column":26}},"29":{"start":{"line":133,"column":29},"end":{"line":133,"column":48}},"30":{"start":{"line":134,"column":26},"end":{"line":134,"column":37}},"31":{"start":{"line":141,"column":8},"end":{"line":141,"column":43}},"32":{"start":{"line":145,"column":22},"end":{"line":145,"column":54}},"33":{"start":{"line":146,"column":27},"end":{"line":154,"column":8}},"34":{"start":{"line":157,"column":25},"end":{"line":170,"column":8}},"35":{"start":{"line":172,"column":29},"end":{"line":172,"column":103}},"36":{"start":{"line":175,"column":24},"end":{"line":190,"column":20}},"37":{"start":{"line":193,"column":6},"end":{"line":195,"column":7}},"38":{"start":{"line":194,"column":8},"end":{"line":194,"column":82}},"39":{"start":{"line":197,"column":6},"end":{"line":197,"column":101}},"40":{"start":{"line":198,"column":6},"end":{"line":198,"column":33}},"41":{"start":{"line":201,"column":6},"end":{"line":201,"column":80}},"42":{"start":{"line":202,"column":6},"end":{"line":202,"column":18}},"43":{"start":{"line":214,"column":4},"end":{"line":299,"column":5}},"44":{"start":{"line":216,"column":29},"end":{"line":226,"column":40}},"45":{"start":{"line":228,"column":6},"end":{"line":231,"column":7}},"46":{"start":{"line":229,"column":8},"end":{"line":229,"column":131}},"47":{"start":{"line":230,"column":8},"end":{"line":230,"column":20}},"48":{"start":{"line":234,"column":26},"end":{"line":237,"column":21}},"49":{"start":{"line":235,"column":21},"end":{"line":235,"column":66}},"50":{"start":{"line":236,"column":8},"end":{"line":236,"column":51}},"51":{"start":{"line":240,"column":27},"end":{"line":252,"column":8}},"52":{"start":{"line":255,"column":25},"end":{"line":268,"column":8}},"53":{"start":{"line":270,"column":29},"end":{"line":270,"column":103}},"54":{"start":{"line":273,"column":24},"end":{"line":286,"column":20}},"55":{"start":{"line":289,"column":6},"end":{"line":291,"column":7}},"56":{"start":{"line":290,"column":8},"end":{"line":290,"column":82}},"57":{"start":{"line":293,"column":6},"end":{"line":293,"column":176}},"58":{"start":{"line":294,"column":6},"end":{"line":294,"column":33}},"59":{"start":{"line":297,"column":6},"end":{"line":297,"column":81}},"60":{"start":{"line":298,"column":6},"end":{"line":298,"column":18}},"61":{"start":{"line":306,"column":30},"end":{"line":306,"column":32}},"62":{"start":{"line":309,"column":29},"end":{"line":313,"column":6}},"63":{"start":{"line":316,"column":22},"end":{"line":316,"column":47}},"64":{"start":{"line":317,"column":4},"end":{"line":325,"column":5}},"65":{"start":{"line":318,"column":6},"end":{"line":324,"column":7}},"66":{"start":{"line":318,"column":45},"end":{"line":318,"column":87}},"67":{"start":{"line":320,"column":30},"end":{"line":320,"column":72}},"68":{"start":{"line":321,"column":8},"end":{"line":323,"column":9}},"69":{"start":{"line":322,"column":10},"end":{"line":322,"column":38}},"70":{"start":{"line":327,"column":4},"end":{"line":327,"column":19}},"71":{"start":{"line":335,"column":4},"end":{"line":386,"column":5}},"72":{"start":{"line":337,"column":25},"end":{"line":337,"column":39}},"73":{"start":{"line":338,"column":6},"end":{"line":338,"column":38}},"74":{"start":{"line":340,"column":23},"end":{"line":340,"column":37}},"75":{"start":{"line":341,"column":6},"end":{"line":341,"column":41}},"76":{"start":{"line":344,"column":28},"end":{"line":353,"column":8}},"77":{"start":{"line":355,"column":6},"end":{"line":355,"column":106}},"78":{"start":{"line":358,"column":6},"end":{"line":381,"column":7}},"79":{"start":{"line":359,"column":23},"end":{"line":359,"column":35}},"80":{"start":{"line":362,"column":32},"end":{"line":372,"column":19}},"81":{"start":{"line":374,"column":8},"end":{"line":377,"column":9}},"82":{"start":{"line":375,"column":10},"end":{"line":375,"column":112}},"83":{"start":{"line":376,"column":10},"end":{"line":376,"column":19}},"84":{"start":{"line":380,"column":8},"end":{"line":380,"column":54}},"85":{"start":{"line":383,"column":6},"end":{"line":383,"column":96}},"86":{"start":{"line":385,"column":6},"end":{"line":385,"column":103}},"87":{"start":{"line":394,"column":4},"end":{"line":442,"column":5}},"88":{"start":{"line":396,"column":24},"end":{"line":396,"column":41}},"89":{"start":{"line":397,"column":6},"end":{"line":397,"column":49}},"90":{"start":{"line":398,"column":6},"end":{"line":398,"column":37}},"91":{"start":{"line":401,"column":23},"end":{"line":401,"column":40}},"92":{"start":{"line":402,"column":6},"end":{"line":402,"column":41}},"93":{"start":{"line":405,"column":33},"end":{"line":409,"column":8}},"94":{"start":{"line":411,"column":6},"end":{"line":411,"column":175}},"95":{"start":{"line":414,"column":6},"end":{"line":437,"column":7}},"96":{"start":{"line":415,"column":23},"end":{"line":415,"column":35}},"97":{"start":{"line":418,"column":32},"end":{"line":428,"column":19}},"98":{"start":{"line":430,"column":8},"end":{"line":433,"column":9}},"99":{"start":{"line":431,"column":10},"end":{"line":431,"column":129}},"100":{"start":{"line":432,"column":10},"end":{"line":432,"column":19}},"101":{"start":{"line":436,"column":8},"end":{"line":436,"column":70}},"102":{"start":{"line":439,"column":6},"end":{"line":439,"column":112}},"103":{"start":{"line":441,"column":6},"end":{"line":441,"column":119}},"104":{"start":{"line":451,"column":4},"end":{"line":537,"column":5}},"105":{"start":{"line":452,"column":23},"end":{"line":452,"column":25}},"106":{"start":{"line":453,"column":34},"end":{"line":453,"column":38}},"107":{"start":{"line":455,"column":6},"end":{"line":499,"column":7}},"108":{"start":{"line":456,"column":22},"end":{"line":460,"column":19}},"109":{"start":{"line":462,"column":8},"end":{"line":465,"column":9}},"110":{"start":{"line":463,"column":10},"end":{"line":463,"column":61}},"111":{"start":{"line":464,"column":10},"end":{"line":464,"column":22}},"112":{"start":{"line":467,"column":8},"end":{"line":467,"column":33}},"113":{"start":{"line":468,"column":8},"end":{"line":468,"column":28}},"114":{"start":{"line":471,"column":22},"end":{"line":484,"column":19}},"115":{"start":{"line":486,"column":8},"end":{"line":489,"column":9}},"116":{"start":{"line":487,"column":10},"end":{"line":487,"column":62}},"117":{"start":{"line":488,"column":10},"end":{"line":488,"column":22}},"118":{"start":{"line":491,"column":28},"end":{"line":495,"column":33}},"119":{"start":{"line":493,"column":35},"end":{"line":493,"column":53}},"120":{"start":{"line":497,"column":8},"end":{"line":497,"column":195}},"121":{"start":{"line":498,"column":8},"end":{"line":498,"column":28}},"122":{"start":{"line":501,"column":6},"end":{"line":504,"column":7}},"123":{"start":{"line":502,"column":8},"end":{"line":502,"column":70}},"124":{"start":{"line":503,"column":8},"end":{"line":503,"column":20}},"125":{"start":{"line":507,"column":28},"end":{"line":513,"column":8}},"126":{"start":{"line":515,"column":25},"end":{"line":524,"column":8}},"127":{"start":{"line":526,"column":22},"end":{"line":526,"column":77}},"128":{"start":{"line":529,"column":6},"end":{"line":531,"column":7}},"129":{"start":{"line":530,"column":8},"end":{"line":530,"column":78}},"130":{"start":{"line":533,"column":6},"end":{"line":533,"column":21}},"131":{"start":{"line":535,"column":6},"end":{"line":535,"column":87}},"132":{"start":{"line":536,"column":6},"end":{"line":536,"column":18}},"133":{"start":{"line":548,"column":4},"end":{"line":621,"column":5}},"134":{"start":{"line":550,"column":29},"end":{"line":550,"column":92}},"135":{"start":{"line":553,"column":32},"end":{"line":553,"column":34}},"136":{"start":{"line":555,"column":6},"end":{"line":614,"column":7}},"137":{"start":{"line":556,"column":8},"end":{"line":613,"column":9}},"138":{"start":{"line":558,"column":28},"end":{"line":562,"column":21}},"139":{"start":{"line":564,"column":10},"end":{"line":570,"column":11}},"140":{"start":{"line":565,"column":12},"end":{"line":569,"column":15}},"141":{"start":{"line":571,"column":15},"end":{"line":613,"column":9}},"142":{"start":{"line":573,"column":10},"end":{"line":612,"column":11}},"143":{"start":{"line":574,"column":26},"end":{"line":578,"column":23}},"144":{"start":{"line":580,"column":12},"end":{"line":586,"column":13}},"145":{"start":{"line":581,"column":14},"end":{"line":585,"column":17}},"146":{"start":{"line":589,"column":26},"end":{"line":603,"column":23}},"147":{"start":{"line":605,"column":12},"end":{"line":611,"column":13}},"148":{"start":{"line":606,"column":14},"end":{"line":610,"column":17}},"149":{"start":{"line":617,"column":6},"end":{"line":617,"column":75}},"150":{"start":{"line":617,"column":46},"end":{"line":617,"column":73}},"151":{"start":{"line":619,"column":6},"end":{"line":619,"column":82}},"152":{"start":{"line":620,"column":6},"end":{"line":620,"column":16}},"153":{"start":{"line":631,"column":4},"end":{"line":744,"column":5}},"154":{"start":{"line":632,"column":25},"end":{"line":632,"column":35}},"155":{"start":{"line":633,"column":6},"end":{"line":633,"column":54}},"156":{"start":{"line":635,"column":6},"end":{"line":635,"column":104}},"157":{"start":{"line":638,"column":35},"end":{"line":657,"column":18}},"158":{"start":{"line":659,"column":24},"end":{"line":659,"column":80}},"159":{"start":{"line":659,"column":59},"end":{"line":659,"column":79}},"160":{"start":{"line":661,"column":6},"end":{"line":664,"column":7}},"161":{"start":{"line":662,"column":8},"end":{"line":662,"column":98}},"162":{"start":{"line":663,"column":8},"end":{"line":663,"column":20}},"163":{"start":{"line":667,"column":31},"end":{"line":667,"column":83}},"164":{"start":{"line":668,"column":6},"end":{"line":674,"column":7}},"165":{"start":{"line":669,"column":21},"end":{"line":669,"column":63}},"166":{"start":{"line":670,"column":8},"end":{"line":672,"column":9}},"167":{"start":{"line":671,"column":10},"end":{"line":671,"column":41}},"168":{"start":{"line":673,"column":8},"end":{"line":673,"column":46}},"169":{"start":{"line":677,"column":25},"end":{"line":677,"column":58}},"170":{"start":{"line":679,"column":6},"end":{"line":693,"column":7}},"171":{"start":{"line":680,"column":8},"end":{"line":680,"column":37}},"172":{"start":{"line":681,"column":8},"end":{"line":691,"column":9}},"173":{"start":{"line":683,"column":28},"end":{"line":683,"column":71}},"174":{"start":{"line":684,"column":30},"end":{"line":688,"column":35}},"175":{"start":{"line":686,"column":39},"end":{"line":686,"column":57}},"176":{"start":{"line":690,"column":10},"end":{"line":690,"column":159}},"177":{"start":{"line":692,"column":8},"end":{"line":692,"column":29}},"178":{"start":{"line":696,"column":25},"end":{"line":709,"column":8}},"179":{"start":{"line":711,"column":29},"end":{"line":711,"column":105}},"180":{"start":{"line":714,"column":44},"end":{"line":726,"column":8}},"181":{"start":{"line":728,"column":24},"end":{"line":731,"column":20}},"182":{"start":{"line":734,"column":6},"end":{"line":736,"column":7}},"183":{"start":{"line":735,"column":8},"end":{"line":735,"column":82}},"184":{"start":{"line":738,"column":6},"end":{"line":738,"column":77}},"185":{"start":{"line":739,"column":6},"end":{"line":739,"column":33}},"186":{"start":{"line":742,"column":6},"end":{"line":742,"column":93}},"187":{"start":{"line":743,"column":6},"end":{"line":743,"column":18}},"188":{"start":{"line":749,"column":38},"end":{"line":749,"column":66}}},"fnMap":{"0":{"name":"(anonymous_0)","decl":{"start":{"line":61,"column":2},"end":{"line":61,"column":7}},"loc":{"start":{"line":61,"column":55},"end":{"line":204,"column":3}}},"1":{"name":"(anonymous_1)","decl":{"start":{"line":111,"column":63},"end":{"line":111,"column":66}},"loc":{"start":{"line":111,"column":69},"end":{"line":120,"column":7}}},"2":{"name":"(anonymous_2)","decl":{"start":{"line":115,"column":17},"end":{"line":115,"column":18}},"loc":{"start":{"line":115,"column":35},"end":{"line":115,"column":53}}},"3":{"name":"(anonymous_3)","decl":{"start":{"line":122,"column":65},"end":{"line":122,"column":68}},"loc":{"start":{"line":122,"column":71},"end":{"line":142,"column":7}}},"4":{"name":"(anonymous_4)","decl":{"start":{"line":133,"column":22},"end":{"line":133,"column":25}},"loc":{"start":{"line":133,"column":29},"end":{"line":133,"column":48}}},"5":{"name":"(anonymous_5)","decl":{"start":{"line":134,"column":19},"end":{"line":134,"column":22}},"loc":{"start":{"line":134,"column":26},"end":{"line":134,"column":37}}},"6":{"name":"(anonymous_6)","decl":{"start":{"line":213,"column":2},"end":{"line":213,"column":7}},"loc":{"start":{"line":213,"column":76},"end":{"line":300,"column":3}}},"7":{"name":"(anonymous_7)","decl":{"start":{"line":234,"column":45},"end":{"line":234,"column":52}},"loc":{"start":{"line":234,"column":55},"end":{"line":237,"column":7}}},"8":{"name":"(anonymous_8)","decl":{"start":{"line":305,"column":10},"end":{"line":305,"column":35}},"loc":{"start":{"line":305,"column":51},"end":{"line":328,"column":3}}},"9":{"name":"(anonymous_9)","decl":{"start":{"line":318,"column":32},"end":{"line":318,"column":41}},"loc":{"start":{"line":318,"column":45},"end":{"line":318,"column":87}}},"10":{"name":"(anonymous_10)","decl":{"start":{"line":334,"column":2},"end":{"line":334,"column":7}},"loc":{"start":{"line":334,"column":53},"end":{"line":387,"column":3}}},"11":{"name":"(anonymous_11)","decl":{"start":{"line":393,"column":2},"end":{"line":393,"column":7}},"loc":{"start":{"line":393,"column":57},"end":{"line":443,"column":3}}},"12":{"name":"(anonymous_12)","decl":{"start":{"line":450,"column":2},"end":{"line":450,"column":7}},"loc":{"start":{"line":450,"column":81},"end":{"line":538,"column":3}}},"13":{"name":"(anonymous_13)","decl":{"start":{"line":493,"column":17},"end":{"line":493,"column":18}},"loc":{"start":{"line":493,"column":35},"end":{"line":493,"column":53}}},"14":{"name":"(anonymous_14)","decl":{"start":{"line":547,"column":2},"end":{"line":547,"column":7}},"loc":{"start":{"line":547,"column":77},"end":{"line":622,"column":3}}},"15":{"name":"(anonymous_15)","decl":{"start":{"line":617,"column":36},"end":{"line":617,"column":37}},"loc":{"start":{"line":617,"column":46},"end":{"line":617,"column":73}}},"16":{"name":"(anonymous_16)","decl":{"start":{"line":630,"column":2},"end":{"line":630,"column":7}},"loc":{"start":{"line":630,"column":73},"end":{"line":745,"column":3}}},"17":{"name":"(anonymous_17)","decl":{"start":{"line":659,"column":52},"end":{"line":659,"column":55}},"loc":{"start":{"line":659,"column":59},"end":{"line":659,"column":79}}},"18":{"name":"(anonymous_18)","decl":{"start":{"line":686,"column":21},"end":{"line":686,"column":22}},"loc":{"start":{"line":686,"column":39},"end":{"line":686,"column":57}}}},"branchMap":{"0":{"loc":{"start":{"line":105,"column":6},"end":{"line":108,"column":7}},"type":"if","locations":[{"start":{"line":105,"column":6},"end":{"line":108,"column":7}}]},"1":{"loc":{"start":{"line":105,"column":10},"end":{"line":105,"column":81}},"type":"binary-expr","locations":[{"start":{"line":105,"column":10},"end":{"line":105,"column":43}},{"start":{"line":105,"column":47},"end":{"line":105,"column":81}}]},"2":{"loc":{"start":{"line":113,"column":28},"end":{"line":117,"column":33}},"type":"cond-expr","locations":[{"start":{"line":114,"column":12},"end":{"line":116,"column":23}},{"start":{"line":117,"column":12},"end":{"line":117,"column":33}}]},"3":{"loc":{"start":{"line":119,"column":98},"end":{"line":119,"column":117}},"type":"binary-expr","locations":[{"start":{"line":119,"column":98},"end":{"line":119,"column":107}},{"start":{"line":119,"column":111},"end":{"line":119,"column":117}}]},"4":{"loc":{"start":{"line":130,"column":10},"end":{"line":136,"column":11}},"type":"if","locations":[{"start":{"line":130,"column":10},"end":{"line":136,"column":11}}]},"5":{"loc":{"start":{"line":150,"column":8},"end":{"line":150,"column":69}},"type":"binary-expr","locations":[{"start":{"line":150,"column":8},"end":{"line":150,"column":31}},{"start":{"line":150,"column":35},"end":{"line":150,"column":69}}]},"6":{"loc":{"start":{"line":153,"column":8},"end":{"line":153,"column":71}},"type":"binary-expr","locations":[{"start":{"line":153,"column":8},"end":{"line":153,"column":32}},{"start":{"line":153,"column":36},"end":{"line":153,"column":71}}]},"7":{"loc":{"start":{"line":172,"column":29},"end":{"line":172,"column":103}},"type":"binary-expr","locations":[{"start":{"line":172,"column":29},"end":{"line":172,"column":76}},{"start":{"line":172,"column":80},"end":{"line":172,"column":103}}]},"8":{"loc":{"start":{"line":193,"column":6},"end":{"line":195,"column":7}},"type":"if","locations":[{"start":{"line":193,"column":6},"end":{"line":195,"column":7}}]},"9":{"loc":{"start":{"line":198,"column":13},"end":{"line":198,"column":32}},"type":"binary-expr","locations":[{"start":{"line":198,"column":13},"end":{"line":198,"column":24}},{"start":{"line":198,"column":28},"end":{"line":198,"column":32}}]},"10":{"loc":{"start":{"line":228,"column":6},"end":{"line":231,"column":7}},"type":"if","locations":[{"start":{"line":228,"column":6},"end":{"line":231,"column":7}}]},"11":{"loc":{"start":{"line":270,"column":29},"end":{"line":270,"column":103}},"type":"binary-expr","locations":[{"start":{"line":270,"column":29},"end":{"line":270,"column":76}},{"start":{"line":270,"column":80},"end":{"line":270,"column":103}}]},"12":{"loc":{"start":{"line":289,"column":6},"end":{"line":291,"column":7}},"type":"if","locations":[{"start":{"line":289,"column":6},"end":{"line":291,"column":7}}]},"13":{"loc":{"start":{"line":294,"column":13},"end":{"line":294,"column":32}},"type":"binary-expr","locations":[{"start":{"line":294,"column":13},"end":{"line":294,"column":24}},{"start":{"line":294,"column":28},"end":{"line":294,"column":32}}]},"14":{"loc":{"start":{"line":318,"column":6},"end":{"line":324,"column":7}},"type":"if","locations":[{"start":{"line":318,"column":6},"end":{"line":324,"column":7}}]},"15":{"loc":{"start":{"line":321,"column":8},"end":{"line":323,"column":9}},"type":"if","locations":[{"start":{"line":321,"column":8},"end":{"line":323,"column":9}}]},"16":{"loc":{"start":{"line":321,"column":12},"end":{"line":321,"column":61}},"type":"binary-expr","locations":[{"start":{"line":321,"column":12},"end":{"line":321,"column":25}},{"start":{"line":321,"column":29},"end":{"line":321,"column":61}}]},"17":{"loc":{"start":{"line":334,"column":30},"end":{"line":334,"column":53}},"type":"default-arg","locations":[{"start":{"line":334,"column":43},"end":{"line":334,"column":53}}]},"18":{"loc":{"start":{"line":374,"column":8},"end":{"line":377,"column":9}},"type":"if","locations":[{"start":{"line":374,"column":8},"end":{"line":377,"column":9}}]},"19":{"loc":{"start":{"line":393,"column":31},"end":{"line":393,"column":57}},"type":"default-arg","locations":[{"start":{"line":393,"column":47},"end":{"line":393,"column":57}}]},"20":{"loc":{"start":{"line":430,"column":8},"end":{"line":433,"column":9}},"type":"if","locations":[{"start":{"line":430,"column":8},"end":{"line":433,"column":9}}]},"21":{"loc":{"start":{"line":455,"column":6},"end":{"line":499,"column":7}},"type":"if","locations":[{"start":{"line":455,"column":6},"end":{"line":499,"column":7}},{"start":{"line":469,"column":13},"end":{"line":499,"column":7}}]},"22":{"loc":{"start":{"line":462,"column":8},"end":{"line":465,"column":9}},"type":"if","locations":[{"start":{"line":462,"column":8},"end":{"line":465,"column":9}}]},"23":{"loc":{"start":{"line":486,"column":8},"end":{"line":489,"column":9}},"type":"if","locations":[{"start":{"line":486,"column":8},"end":{"line":489,"column":9}}]},"24":{"loc":{"start":{"line":491,"column":28},"end":{"line":495,"column":33}},"type":"cond-expr","locations":[{"start":{"line":492,"column":12},"end":{"line":494,"column":23}},{"start":{"line":495,"column":12},"end":{"line":495,"column":33}}]},"25":{"loc":{"start":{"line":497,"column":148},"end":{"line":497,"column":167}},"type":"binary-expr","locations":[{"start":{"line":497,"column":148},"end":{"line":497,"column":157}},{"start":{"line":497,"column":161},"end":{"line":497,"column":167}}]},"26":{"loc":{"start":{"line":501,"column":6},"end":{"line":504,"column":7}},"type":"if","locations":[{"start":{"line":501,"column":6},"end":{"line":504,"column":7}}]},"27":{"loc":{"start":{"line":526,"column":22},"end":{"line":526,"column":77}},"type":"binary-expr","locations":[{"start":{"line":526,"column":22},"end":{"line":526,"column":69}},{"start":{"line":526,"column":73},"end":{"line":526,"column":77}}]},"28":{"loc":{"start":{"line":529,"column":6},"end":{"line":531,"column":7}},"type":"if","locations":[{"start":{"line":529,"column":6},"end":{"line":531,"column":7}}]},"29":{"loc":{"start":{"line":547,"column":60},"end":{"line":547,"column":77}},"type":"default-arg","locations":[{"start":{"line":547,"column":76},"end":{"line":547,"column":77}}]},"30":{"loc":{"start":{"line":556,"column":8},"end":{"line":613,"column":9}},"type":"if","locations":[{"start":{"line":556,"column":8},"end":{"line":613,"column":9}},{"start":{"line":571,"column":15},"end":{"line":613,"column":9}}]},"31":{"loc":{"start":{"line":564,"column":10},"end":{"line":570,"column":11}},"type":"if","locations":[{"start":{"line":564,"column":10},"end":{"line":570,"column":11}}]},"32":{"loc":{"start":{"line":571,"column":15},"end":{"line":613,"column":9}},"type":"if","locations":[{"start":{"line":571,"column":15},"end":{"line":613,"column":9}}]},"33":{"loc":{"start":{"line":573,"column":10},"end":{"line":612,"column":11}},"type":"if","locations":[{"start":{"line":573,"column":10},"end":{"line":612,"column":11}},{"start":{"line":587,"column":17},"end":{"line":612,"column":11}}]},"34":{"loc":{"start":{"line":580,"column":12},"end":{"line":586,"column":13}},"type":"if","locations":[{"start":{"line":580,"column":12},"end":{"line":586,"column":13}}]},"35":{"loc":{"start":{"line":605,"column":12},"end":{"line":611,"column":13}},"type":"if","locations":[{"start":{"line":605,"column":12},"end":{"line":611,"column":13}}]},"36":{"loc":{"start":{"line":630,"column":57},"end":{"line":630,"column":73}},"type":"default-arg","locations":[{"start":{"line":630,"column":72},"end":{"line":630,"column":73}}]},"37":{"loc":{"start":{"line":661,"column":6},"end":{"line":664,"column":7}},"type":"if","locations":[{"start":{"line":661,"column":6},"end":{"line":664,"column":7}}]},"38":{"loc":{"start":{"line":669,"column":21},"end":{"line":669,"column":63}},"type":"binary-expr","locations":[{"start":{"line":669,"column":21},"end":{"line":669,"column":39}},{"start":{"line":669,"column":43},"end":{"line":669,"column":63}}]},"39":{"loc":{"start":{"line":670,"column":8},"end":{"line":672,"column":9}},"type":"if","locations":[{"start":{"line":670,"column":8},"end":{"line":672,"column":9}}]},"40":{"loc":{"start":{"line":684,"column":30},"end":{"line":688,"column":35}},"type":"cond-expr","locations":[{"start":{"line":685,"column":14},"end":{"line":687,"column":27}},{"start":{"line":688,"column":14},"end":{"line":688,"column":35}}]},"41":{"loc":{"start":{"line":690,"column":52},"end":{"line":690,"column":81}},"type":"binary-expr","locations":[{"start":{"line":690,"column":52},"end":{"line":690,"column":62}},{"start":{"line":690,"column":66},"end":{"line":690,"column":81}}]},"42":{"loc":{"start":{"line":690,"column":97},"end":{"line":690,"column":129}},"type":"binary-expr","locations":[{"start":{"line":690,"column":97},"end":{"line":690,"column":110}},{"start":{"line":690,"column":114},"end":{"line":690,"column":129}}]},"43":{"loc":{"start":{"line":711,"column":29},"end":{"line":711,"column":105}},"type":"binary-expr","locations":[{"start":{"line":711,"column":29},"end":{"line":711,"column":76}},{"start":{"line":711,"column":80},"end":{"line":711,"column":105}}]},"44":{"loc":{"start":{"line":734,"column":6},"end":{"line":736,"column":7}},"type":"if","locations":[{"start":{"line":734,"column":6},"end":{"line":736,"column":7}}]},"45":{"loc":{"start":{"line":739,"column":13},"end":{"line":739,"column":32}},"type":"binary-expr","locations":[{"start":{"line":739,"column":13},"end":{"line":739,"column":24}},{"start":{"line":739,"column":28},"end":{"line":739,"column":32}}]}},"s":{"0":0,"1":0,"2":0,"3":0,"4":0,"5":0,"6":0,"7":0,"8":0,"9":0,"10":0,"11":0,"12":0,"13":0,"14":0,"15":0,"16":0,"17":0,"18":0,"19":0,"20":0,"21":0,"22":0,"23":0,"24":0,"25":0,"26":0,"27":0,"28":0,"29":0,"30":0,"31":0,"32":0,"33":0,"34":0,"35":0,"36":0,"37":0,"38":0,"39":0,"40":0,"41":0,"42":0,"43":0,"44":0,"45":0,"46":0,"47":0,"48":0,"49":0,"50":0,"51":0,"52":0,"53":0,"54":0,"55":0,"56":0,"57":0,"58":0,"59":0,"60":0,"61":0,"62":0,"63":0,"64":0,"65":0,"66":0,"67":0,"68":0,"69":0,"70":0,"71":0,"72":0,"73":0,"74":0,"75":0,"76":0,"77":0,"78":0,"79":0,"80":0,"81":0,"82":0,"83":0,"84":0,"85":0,"86":0,"87":0,"88":0,"89":0,"90":0,"91":0,"92":0,"93":0,"94":0,"95":0,"96":0,"97":0,"98":0,"99":0,"100":0,"101":0,"102":0,"103":0,"104":0,"105":0,"106":0,"107":0,"108":0,"109":0,"110":0,"111":0,"112":0,"113":0,"114":0,"115":0,"116":0,"117":0,"118":0,"119":0,"120":0,"121":0,"122":0,"123":0,"124":0,"125":0,"126":0,"127":0,"128":0,"129":0,"130":0,"131":0,"132":0,"133":0,"134":0,"135":0,"136":0,"137":0,"138":0,"139":0,"140":0,"141":0,"142":0,"143":0,"144":0,"145":0,"146":0,"147":0,"148":0,"149":0,"150":0,"151":0,"152":0,"153":0,"154":0,"155":0,"156":0,"157":0,"158":0,"159":0,"160":0,"161":0,"162":0,"163":0,"164":0,"165":0,"166":0,"167":0,"168":0,"169":0,"170":0,"171":0,"172":0,"173":0,"174":0,"175":0,"176":0,"177":0,"178":0,"179":0,"180":0,"181":0,"182":0,"183":0,"184":0,"185":0,"186":0,"187":0,"188":0},"f":{"0":0,"1":0,"2":0,"3":0,"4":0,"5":0,"6":0,"7":0,"8":0,"9":0,"10":0,"11":0,"12":0,"13":0,"14":0,"15":0,"16":0,"17":0,"18":0},"b":{"0":[0],"1":[0,0],"2":[0,0],"3":[0,0],"4":[0],"5":[0,0],"6":[0,0],"7":[0,0],"8":[0],"9":[0,0],"10":[0],"11":[0,0],"12":[0],"13":[0,0],"14":[0],"15":[0],"16":[0,0],"17":[0],"18":[0],"19":[0],"20":[0],"21":[0,0],"22":[0],"23":[0],"24":[0,0],"25":[0,0],"26":[0],"27":[0,0],"28":[0],"29":[0],"30":[0,0],"31":[0],"32":[0],"33":[0,0],"34":[0],"35":[0],"36":[0],"37":[0],"38":[0,0],"39":[0],"40":[0,0],"41":[0,0],"42":[0,0],"43":[0,0],"44":[0],"45":[0,0]}}
,"/Users/benjamincox/StackTracker/hruf/server/services/biomarkerExtractionService.ts": {"path":"/Users/benjamincox/StackTracker/hruf/server/services/biomarkerExtractionService.ts","statementMap":{"0":{"start":{"line":40,"column":24},"end":{"line":111,"column":2}},"1":{"start":{"line":46,"column":21},"end":{"line":46,"column":32}},"2":{"start":{"line":47,"column":6},"end":{"line":50,"column":7}},"3":{"start":{"line":48,"column":8},"end":{"line":48,"column":73}},"4":{"start":{"line":49,"column":8},"end":{"line":49,"column":17}},"5":{"start":{"line":51,"column":6},"end":{"line":51,"column":20}},"6":{"start":{"line":58,"column":30},"end":{"line":59,"column":66}},"7":{"start":{"line":60,"column":6},"end":{"line":62,"column":7}},"8":{"start":{"line":61,"column":8},"end":{"line":61,"column":33}},"9":{"start":{"line":63,"column":6},"end":{"line":63,"column":79}},"10":{"start":{"line":64,"column":6},"end":{"line":64,"column":21}},"11":{"start":{"line":71,"column":6},"end":{"line":95,"column":7}},"12":{"start":{"line":73,"column":8},"end":{"line":75,"column":9}},"13":{"start":{"line":74,"column":10},"end":{"line":74,"column":35}},"14":{"start":{"line":77,"column":8},"end":{"line":79,"column":9}},"15":{"start":{"line":78,"column":10},"end":{"line":78,"column":54}},"16":{"start":{"line":81,"column":8},"end":{"line":84,"column":9}},"17":{"start":{"line":82,"column":37},"end":{"line":82,"column":55}},"18":{"start":{"line":83,"column":10},"end":{"line":83,"column":101}},"19":{"start":{"line":86,"column":23},"end":{"line":86,"column":40}},"20":{"start":{"line":87,"column":8},"end":{"line":90,"column":9}},"21":{"start":{"line":88,"column":10},"end":{"line":88,"column":79}},"22":{"start":{"line":89,"column":10},"end":{"line":89,"column":28}},"23":{"start":{"line":91,"column":8},"end":{"line":91,"column":22}},"24":{"start":{"line":93,"column":8},"end":{"line":93,"column":110}},"25":{"start":{"line":94,"column":8},"end":{"line":94,"column":26}},"26":{"start":{"line":102,"column":25},"end":{"line":102,"column":42}},"27":{"start":{"line":103,"column":6},"end":{"line":103,"column":53}},"28":{"start":{"line":103,"column":39},"end":{"line":103,"column":53}},"29":{"start":{"line":104,"column":6},"end":{"line":104,"column":51}},"30":{"start":{"line":104,"column":38},"end":{"line":104,"column":51}},"31":{"start":{"line":105,"column":6},"end":{"line":105,"column":22}},"32":{"start":{"line":113,"column":30},"end":{"line":113,"column":54}},"33":{"start":{"line":129,"column":114},"end":{"line":314,"column":2}},"34":{"start":{"line":334,"column":55},"end":{"line":334,"column":57}},"35":{"start":{"line":335,"column":4},"end":{"line":339,"column":7}},"36":{"start":{"line":342,"column":29},"end":{"line":348,"column":120}},"37":{"start":{"line":351,"column":25},"end":{"line":356,"column":6}},"38":{"start":{"line":359,"column":4},"end":{"line":370,"column":5}},"39":{"start":{"line":360,"column":24},"end":{"line":360,"column":55}},"40":{"start":{"line":361,"column":6},"end":{"line":369,"column":7}},"41":{"start":{"line":362,"column":8},"end":{"line":368,"column":9}},"42":{"start":{"line":363,"column":10},"end":{"line":363,"column":58}},"43":{"start":{"line":364,"column":10},"end":{"line":364,"column":102}},"44":{"start":{"line":365,"column":10},"end":{"line":365,"column":16}},"45":{"start":{"line":367,"column":10},"end":{"line":367,"column":122}},"46":{"start":{"line":373,"column":23},"end":{"line":373,"column":24}},"47":{"start":{"line":374,"column":29},"end":{"line":374,"column":30}},"48":{"start":{"line":375,"column":32},"end":{"line":375,"column":33}},"49":{"start":{"line":377,"column":4},"end":{"line":443,"column":5}},"50":{"start":{"line":379,"column":28},"end":{"line":379,"column":99}},"51":{"start":{"line":381,"column":22},"end":{"line":381,"column":62}},"52":{"start":{"line":383,"column":6},"end":{"line":442,"column":7}},"53":{"start":{"line":384,"column":8},"end":{"line":384,"column":23}},"54":{"start":{"line":387,"column":22},"end":{"line":387,"column":42}},"55":{"start":{"line":388,"column":21},"end":{"line":388,"column":56}},"56":{"start":{"line":389,"column":23},"end":{"line":389,"column":72}},"57":{"start":{"line":391,"column":8},"end":{"line":394,"column":9}},"58":{"start":{"line":392,"column":10},"end":{"line":392,"column":88}},"59":{"start":{"line":393,"column":10},"end":{"line":393,"column":19}},"60":{"start":{"line":396,"column":8},"end":{"line":441,"column":9}},"61":{"start":{"line":397,"column":30},"end":{"line":397,"column":47}},"62":{"start":{"line":398,"column":10},"end":{"line":405,"column":11}},"63":{"start":{"line":399,"column":12},"end":{"line":402,"column":15}},"64":{"start":{"line":403,"column":12},"end":{"line":403,"column":33}},"65":{"start":{"line":404,"column":12},"end":{"line":404,"column":21}},"66":{"start":{"line":407,"column":28},"end":{"line":416,"column":12}},"67":{"start":{"line":418,"column":10},"end":{"line":434,"column":11}},"68":{"start":{"line":419,"column":30},"end":{"line":419,"column":62}},"69":{"start":{"line":420,"column":12},"end":{"line":420,"column":36}},"70":{"start":{"line":421,"column":12},"end":{"line":421,"column":36}},"71":{"start":{"line":422,"column":12},"end":{"line":427,"column":15}},"72":{"start":{"line":429,"column":12},"end":{"line":429,"column":33}},"73":{"start":{"line":430,"column":12},"end":{"line":433,"column":15}},"74":{"start":{"line":436,"column":10},"end":{"line":436,"column":31}},"75":{"start":{"line":437,"column":10},"end":{"line":440,"column":13}},"76":{"start":{"line":446,"column":31},"end":{"line":446,"column":69}},"77":{"start":{"line":447,"column":29},"end":{"line":447,"column":79}},"78":{"start":{"line":449,"column":4},"end":{"line":459,"column":5}},"79":{"start":{"line":450,"column":6},"end":{"line":458,"column":9}},"80":{"start":{"line":461,"column":4},"end":{"line":467,"column":7}},"81":{"start":{"line":466,"column":40},"end":{"line":466,"column":46}},"82":{"start":{"line":469,"column":4},"end":{"line":469,"column":19}},"83":{"start":{"line":473,"column":4},"end":{"line":635,"column":5}},"84":{"start":{"line":474,"column":6},"end":{"line":474,"column":92}},"85":{"start":{"line":476,"column":24},"end":{"line":527,"column":8}},"86":{"start":{"line":529,"column":27},"end":{"line":554,"column":44}},"87":{"start":{"line":557,"column":23},"end":{"line":572,"column":8}},"88":{"start":{"line":564,"column":38},"end":{"line":567,"column":10}},"89":{"start":{"line":575,"column":23},"end":{"line":575,"column":68}},"90":{"start":{"line":576,"column":6},"end":{"line":626,"column":7}},"91":{"start":{"line":577,"column":8},"end":{"line":623,"column":9}},"92":{"start":{"line":578,"column":33},"end":{"line":578,"column":72}},"93":{"start":{"line":579,"column":29},"end":{"line":579,"column":54}},"94":{"start":{"line":581,"column":10},"end":{"line":585,"column":13}},"95":{"start":{"line":588,"column":73},"end":{"line":588,"column":75}},"96":{"start":{"line":589,"column":10},"end":{"line":610,"column":11}},"97":{"start":{"line":590,"column":12},"end":{"line":609,"column":13}},"98":{"start":{"line":592,"column":32},"end":{"line":598,"column":16}},"99":{"start":{"line":601,"column":32},"end":{"line":601,"column":64}},"100":{"start":{"line":602,"column":14},"end":{"line":602,"column":50}},"101":{"start":{"line":604,"column":14},"end":{"line":608,"column":17}},"102":{"start":{"line":612,"column":10},"end":{"line":615,"column":13}},"103":{"start":{"line":617,"column":10},"end":{"line":617,"column":37}},"104":{"start":{"line":619,"column":10},"end":{"line":622,"column":13}},"105":{"start":{"line":625,"column":8},"end":{"line":625,"column":72}},"106":{"start":{"line":628,"column":6},"end":{"line":628,"column":16}},"107":{"start":{"line":630,"column":6},"end":{"line":633,"column":9}},"108":{"start":{"line":634,"column":6},"end":{"line":634,"column":16}},"109":{"start":{"line":639,"column":4},"end":{"line":661,"column":5}},"110":{"start":{"line":640,"column":29},"end":{"line":640,"column":58}},"111":{"start":{"line":641,"column":29},"end":{"line":641,"column":71}},"112":{"start":{"line":644,"column":6},"end":{"line":655,"column":10}},"113":{"start":{"line":644,"column":58},"end":{"line":655,"column":8}},"114":{"start":{"line":657,"column":6},"end":{"line":659,"column":9}},"115":{"start":{"line":660,"column":6},"end":{"line":660,"column":16}},"116":{"start":{"line":669,"column":22},"end":{"line":669,"column":50}},"117":{"start":{"line":672,"column":33},"end":{"line":679,"column":5}},"118":{"start":{"line":673,"column":18},"end":{"line":673,"column":46}},"119":{"start":{"line":674,"column":23},"end":{"line":674,"column":41}},"120":{"start":{"line":676,"column":6},"end":{"line":678,"column":7}},"121":{"start":{"line":677,"column":8},"end":{"line":677,"column":38}},"122":{"start":{"line":682,"column":4},"end":{"line":682,"column":49}},"123":{"start":{"line":683,"column":4},"end":{"line":683,"column":47}},"124":{"start":{"line":684,"column":4},"end":{"line":684,"column":45}},"125":{"start":{"line":686,"column":4},"end":{"line":686,"column":42}},"126":{"start":{"line":693,"column":45},"end":{"line":693,"column":47}},"127":{"start":{"line":694,"column":29},"end":{"line":694,"column":31}},"128":{"start":{"line":696,"column":4},"end":{"line":708,"column":5}},"129":{"start":{"line":697,"column":6},"end":{"line":707,"column":7}},"130":{"start":{"line":699,"column":26},"end":{"line":699,"column":58}},"131":{"start":{"line":702,"column":29},"end":{"line":702,"column":60}},"132":{"start":{"line":704,"column":8},"end":{"line":704,"column":47}},"133":{"start":{"line":706,"column":8},"end":{"line":706,"column":122}},"134":{"start":{"line":710,"column":4},"end":{"line":713,"column":6}},"135":{"start":{"line":717,"column":47},"end":{"line":720,"column":6}},"136":{"start":{"line":722,"column":31},"end":{"line":723,"column":null}},"137":{"start":{"line":723,"column":31},"end":{"line":723,"column":77}},"138":{"start":{"line":726,"column":30},"end":{"line":727,"column":null}},"139":{"start":{"line":727,"column":13},"end":{"line":727,"column":41}},"140":{"start":{"line":730,"column":4},"end":{"line":730,"column":40}},"141":{"start":{"line":735,"column":27},"end":{"line":735,"column":56}},"142":{"start":{"line":738,"column":25},"end":{"line":739,"column":51}},"143":{"start":{"line":742,"column":25},"end":{"line":746,"column":6}},"144":{"start":{"line":748,"column":4},"end":{"line":748,"column":24}},"145":{"start":{"line":756,"column":25},"end":{"line":756,"column":58}},"146":{"start":{"line":759,"column":22},"end":{"line":759,"column":66}},"147":{"start":{"line":760,"column":23},"end":{"line":760,"column":59}},"148":{"start":{"line":763,"column":27},"end":{"line":763,"column":63}},"149":{"start":{"line":766,"column":26},"end":{"line":769,"column":null}},"150":{"start":{"line":773,"column":4},"end":{"line":773,"column":61}},"151":{"start":{"line":778,"column":4},"end":{"line":789,"column":15}},"152":{"start":{"line":793,"column":22},"end":{"line":793,"column":32}},"153":{"start":{"line":794,"column":4},"end":{"line":800,"column":7}},"154":{"start":{"line":803,"column":16},"end":{"line":803,"column":38}},"155":{"start":{"line":804,"column":4},"end":{"line":1017,"column":5}},"156":{"start":{"line":806,"column":31},"end":{"line":810,"column":17}},"157":{"start":{"line":812,"column":33},"end":{"line":815,"column":8}},"158":{"start":{"line":817,"column":6},"end":{"line":838,"column":7}},"159":{"start":{"line":818,"column":8},"end":{"line":828,"column":73}},"160":{"start":{"line":830,"column":8},"end":{"line":837,"column":13}},"161":{"start":{"line":841,"column":6},"end":{"line":843,"column":62}},"162":{"start":{"line":845,"column":6},"end":{"line":845,"column":72}},"163":{"start":{"line":848,"column":31},"end":{"line":906,"column":62}},"164":{"start":{"line":850,"column":10},"end":{"line":904,"column":11}},"165":{"start":{"line":851,"column":33},"end":{"line":851,"column":92}},"166":{"start":{"line":852,"column":38},"end":{"line":853,"column":96}},"167":{"start":{"line":857,"column":12},"end":{"line":869,"column":13}},"168":{"start":{"line":858,"column":14},"end":{"line":859,"column":51}},"169":{"start":{"line":860,"column":14},"end":{"line":862,"column":15}},"170":{"start":{"line":861,"column":16},"end":{"line":861,"column":48}},"171":{"start":{"line":864,"column":14},"end":{"line":867,"column":17}},"172":{"start":{"line":868,"column":14},"end":{"line":868,"column":41}},"173":{"start":{"line":872,"column":12},"end":{"line":874,"column":13}},"174":{"start":{"line":873,"column":14},"end":{"line":873,"column":78}},"175":{"start":{"line":877,"column":35},"end":{"line":877,"column":64}},"176":{"start":{"line":879,"column":50},"end":{"line":895,"column":14}},"177":{"start":{"line":897,"column":12},"end":{"line":897,"column":26}},"178":{"start":{"line":899,"column":12},"end":{"line":902,"column":15}},"179":{"start":{"line":903,"column":12},"end":{"line":903,"column":24}},"180":{"start":{"line":906,"column":51},"end":{"line":906,"column":61}},"181":{"start":{"line":908,"column":6},"end":{"line":910,"column":7}},"182":{"start":{"line":909,"column":8},"end":{"line":909,"column":57}},"183":{"start":{"line":913,"column":25},"end":{"line":913,"column":27}},"184":{"start":{"line":914,"column":6},"end":{"line":918,"column":7}},"185":{"start":{"line":914,"column":19},"end":{"line":914,"column":20}},"186":{"start":{"line":915,"column":22},"end":{"line":915,"column":63}},"187":{"start":{"line":916,"column":8},"end":{"line":916,"column":57}},"188":{"start":{"line":917,"column":8},"end":{"line":917,"column":129}},"189":{"start":{"line":921,"column":26},"end":{"line":925,"column":17}},"190":{"start":{"line":927,"column":6},"end":{"line":929,"column":7}},"191":{"start":{"line":928,"column":8},"end":{"line":928,"column":86}},"192":{"start":{"line":931,"column":31},"end":{"line":931,"column":55}},"193":{"start":{"line":932,"column":32},"end":{"line":943,"column":8}},"194":{"start":{"line":933,"column":53},"end":{"line":940,"column":10}},"195":{"start":{"line":945,"column":6},"end":{"line":954,"column":47}},"196":{"start":{"line":957,"column":33},"end":{"line":961,"column":8}},"197":{"start":{"line":959,"column":51},"end":{"line":959,"column":81}},"198":{"start":{"line":960,"column":53},"end":{"line":960,"column":81}},"199":{"start":{"line":963,"column":6},"end":{"line":972,"column":71}},"200":{"start":{"line":969,"column":55},"end":{"line":969,"column":83}},"201":{"start":{"line":975,"column":6},"end":{"line":975,"column":25}},"202":{"start":{"line":977,"column":6},"end":{"line":980,"column":9}},"203":{"start":{"line":984,"column":6},"end":{"line":984,"column":27}},"204":{"start":{"line":987,"column":28},"end":{"line":990,"column":8}},"205":{"start":{"line":992,"column":6},"end":{"line":1007,"column":7}},"206":{"start":{"line":993,"column":8},"end":{"line":1001,"column":73}},"207":{"start":{"line":1003,"column":8},"end":{"line":1006,"column":11}},"208":{"start":{"line":1009,"column":6},"end":{"line":1014,"column":9}},"209":{"start":{"line":1016,"column":6},"end":{"line":1016,"column":18}},"210":{"start":{"line":1021,"column":22},"end":{"line":1021,"column":32}},"211":{"start":{"line":1024,"column":4},"end":{"line":1156,"column":5}},"212":{"start":{"line":1026,"column":26},"end":{"line":1030,"column":17}},"213":{"start":{"line":1032,"column":6},"end":{"line":1034,"column":7}},"214":{"start":{"line":1033,"column":8},"end":{"line":1033,"column":63}},"215":{"start":{"line":1037,"column":6},"end":{"line":1040,"column":47}},"216":{"start":{"line":1042,"column":6},"end":{"line":1044,"column":7}},"217":{"start":{"line":1043,"column":8},"end":{"line":1043,"column":79}},"218":{"start":{"line":1047,"column":6},"end":{"line":1056,"column":71}},"219":{"start":{"line":1059,"column":34},"end":{"line":1059,"column":75}},"220":{"start":{"line":1060,"column":29},"end":{"line":1060,"column":61}},"221":{"start":{"line":1062,"column":6},"end":{"line":1067,"column":9}},"222":{"start":{"line":1064,"column":66},"end":{"line":1064,"column":72}},"223":{"start":{"line":1065,"column":69},"end":{"line":1065,"column":99}},"224":{"start":{"line":1066,"column":67},"end":{"line":1066,"column":95}},"225":{"start":{"line":1069,"column":6},"end":{"line":1131,"column":7}},"226":{"start":{"line":1071,"column":36},"end":{"line":1082,"column":11}},"227":{"start":{"line":1071,"column":83},"end":{"line":1082,"column":10}},"228":{"start":{"line":1085,"column":8},"end":{"line":1085,"column":69}},"229":{"start":{"line":1088,"column":34},"end":{"line":1088,"column":58}},"230":{"start":{"line":1089,"column":53},"end":{"line":1100,"column":10}},"231":{"start":{"line":1090,"column":58},"end":{"line":1097,"column":12}},"232":{"start":{"line":1102,"column":45},"end":{"line":1107,"column":10}},"233":{"start":{"line":1109,"column":8},"end":{"line":1111,"column":49}},"234":{"start":{"line":1113,"column":8},"end":{"line":1113,"column":83}},"235":{"start":{"line":1115,"column":8},"end":{"line":1115,"column":77}},"236":{"start":{"line":1118,"column":8},"end":{"line":1130,"column":73}},"237":{"start":{"line":1133,"column":29},"end":{"line":1133,"column":61}},"238":{"start":{"line":1136,"column":6},"end":{"line":1147,"column":71}},"239":{"start":{"line":1149,"column":6},"end":{"line":1153,"column":9}},"240":{"start":{"line":1155,"column":6},"end":{"line":1155,"column":18}},"241":{"start":{"line":1160,"column":23},"end":{"line":1160,"column":43}},"242":{"start":{"line":1161,"column":4},"end":{"line":1161,"column":73}},"243":{"start":{"line":1161,"column":59},"end":{"line":1161,"column":73}},"244":{"start":{"line":1162,"column":4},"end":{"line":1162,"column":71}},"245":{"start":{"line":1162,"column":58},"end":{"line":1162,"column":71}},"246":{"start":{"line":1163,"column":4},"end":{"line":1163,"column":20}}},"fnMap":{"0":{"name":"(anonymous_0)","decl":{"start":{"line":45,"column":25},"end":{"line":45,"column":28}},"loc":{"start":{"line":45,"column":31},"end":{"line":52,"column":5}}},"1":{"name":"(anonymous_1)","decl":{"start":{"line":57,"column":15},"end":{"line":57,"column":18}},"loc":{"start":{"line":57,"column":21},"end":{"line":65,"column":5}}},"2":{"name":"(anonymous_2)","decl":{"start":{"line":70,"column":25},"end":{"line":70,"column":32}},"loc":{"start":{"line":70,"column":35},"end":{"line":96,"column":5}}},"3":{"name":"(anonymous_3)","decl":{"start":{"line":101,"column":25},"end":{"line":101,"column":28}},"loc":{"start":{"line":101,"column":31},"end":{"line":106,"column":5}}},"4":{"name":"(anonymous_4)","decl":{"start":{"line":333,"column":10},"end":{"line":333,"column":15}},"loc":{"start":{"line":333,"column":45},"end":{"line":470,"column":3}}},"5":{"name":"(anonymous_5)","decl":{"start":{"line":466,"column":35},"end":{"line":466,"column":36}},"loc":{"start":{"line":466,"column":40},"end":{"line":466,"column":46}}},"6":{"name":"(anonymous_6)","decl":{"start":{"line":472,"column":10},"end":{"line":472,"column":15}},"loc":{"start":{"line":472,"column":43},"end":{"line":636,"column":3}}},"7":{"name":"(anonymous_7)","decl":{"start":{"line":564,"column":29},"end":{"line":564,"column":33}},"loc":{"start":{"line":564,"column":38},"end":{"line":567,"column":10}}},"8":{"name":"(anonymous_8)","decl":{"start":{"line":638,"column":10},"end":{"line":638,"column":15}},"loc":{"start":{"line":638,"column":48},"end":{"line":662,"column":3}}},"9":{"name":"(anonymous_9)","decl":{"start":{"line":644,"column":32},"end":{"line":644,"column":33}},"loc":{"start":{"line":644,"column":58},"end":{"line":655,"column":8}}},"10":{"name":"(anonymous_10)","decl":{"start":{"line":664,"column":10},"end":{"line":664,"column":36}},"loc":{"start":{"line":667,"column":31},"end":{"line":687,"column":3}}},"11":{"name":"(anonymous_11)","decl":{"start":{"line":672,"column":33},"end":{"line":672,"column":34}},"loc":{"start":{"line":672,"column":58},"end":{"line":679,"column":5}}},"12":{"name":"(anonymous_12)","decl":{"start":{"line":689,"column":10},"end":{"line":689,"column":39}},"loc":{"start":{"line":689,"column":60},"end":{"line":714,"column":3}}},"13":{"name":"(anonymous_13)","decl":{"start":{"line":716,"column":10},"end":{"line":716,"column":30}},"loc":{"start":{"line":716,"column":59},"end":{"line":731,"column":3}}},"14":{"name":"(anonymous_14)","decl":{"start":{"line":723,"column":26},"end":{"line":723,"column":27}},"loc":{"start":{"line":723,"column":31},"end":{"line":723,"column":77}}},"15":{"name":"(anonymous_15)","decl":{"start":{"line":727,"column":6},"end":{"line":727,"column":9}},"loc":{"start":{"line":727,"column":13},"end":{"line":727,"column":41}}},"16":{"name":"(anonymous_16)","decl":{"start":{"line":733,"column":10},"end":{"line":733,"column":25}},"loc":{"start":{"line":733,"column":46},"end":{"line":749,"column":3}}},"17":{"name":"(anonymous_17)","decl":{"start":{"line":751,"column":2},"end":{"line":751,"column":7}},"loc":{"start":{"line":751,"column":38},"end":{"line":774,"column":3}}},"18":{"name":"(anonymous_18)","decl":{"start":{"line":776,"column":10},"end":{"line":776,"column":29}},"loc":{"start":{"line":776,"column":69},"end":{"line":790,"column":3}}},"19":{"name":"(anonymous_19)","decl":{"start":{"line":792,"column":2},"end":{"line":792,"column":7}},"loc":{"start":{"line":792,"column":68},"end":{"line":1018,"column":3}}},"20":{"name":"(anonymous_20)","decl":{"start":{"line":849,"column":13},"end":{"line":849,"column":14}},"loc":{"start":{"line":849,"column":17},"end":{"line":905,"column":9}}},"21":{"name":"(anonymous_21)","decl":{"start":{"line":906,"column":16},"end":{"line":906,"column":17}},"loc":{"start":{"line":906,"column":51},"end":{"line":906,"column":61}}},"22":{"name":"(anonymous_22)","decl":{"start":{"line":933,"column":47},"end":{"line":933,"column":48}},"loc":{"start":{"line":933,"column":53},"end":{"line":940,"column":10}}},"23":{"name":"(anonymous_23)","decl":{"start":{"line":959,"column":46},"end":{"line":959,"column":47}},"loc":{"start":{"line":959,"column":51},"end":{"line":959,"column":81}}},"24":{"name":"(anonymous_24)","decl":{"start":{"line":960,"column":48},"end":{"line":960,"column":49}},"loc":{"start":{"line":960,"column":53},"end":{"line":960,"column":81}}},"25":{"name":"(anonymous_25)","decl":{"start":{"line":969,"column":50},"end":{"line":969,"column":51}},"loc":{"start":{"line":969,"column":55},"end":{"line":969,"column":83}}},"26":{"name":"(anonymous_26)","decl":{"start":{"line":1020,"column":2},"end":{"line":1020,"column":7}},"loc":{"start":{"line":1020,"column":44},"end":{"line":1157,"column":3}}},"27":{"name":"(anonymous_27)","decl":{"start":{"line":1064,"column":61},"end":{"line":1064,"column":62}},"loc":{"start":{"line":1064,"column":66},"end":{"line":1064,"column":72}}},"28":{"name":"(anonymous_28)","decl":{"start":{"line":1065,"column":64},"end":{"line":1065,"column":65}},"loc":{"start":{"line":1065,"column":69},"end":{"line":1065,"column":99}}},"29":{"name":"(anonymous_29)","decl":{"start":{"line":1066,"column":62},"end":{"line":1066,"column":63}},"loc":{"start":{"line":1066,"column":67},"end":{"line":1066,"column":95}}},"30":{"name":"(anonymous_30)","decl":{"start":{"line":1071,"column":77},"end":{"line":1071,"column":78}},"loc":{"start":{"line":1071,"column":83},"end":{"line":1082,"column":10}}},"31":{"name":"(anonymous_31)","decl":{"start":{"line":1090,"column":52},"end":{"line":1090,"column":53}},"loc":{"start":{"line":1090,"column":58},"end":{"line":1097,"column":12}}},"32":{"name":"(anonymous_32)","decl":{"start":{"line":1159,"column":10},"end":{"line":1159,"column":25}},"loc":{"start":{"line":1159,"column":40},"end":{"line":1164,"column":3}}}},"branchMap":{"0":{"loc":{"start":{"line":47,"column":6},"end":{"line":50,"column":7}},"type":"if","locations":[{"start":{"line":47,"column":6},"end":{"line":50,"column":7}}]},"1":{"loc":{"start":{"line":60,"column":6},"end":{"line":62,"column":7}},"type":"if","locations":[{"start":{"line":60,"column":6},"end":{"line":62,"column":7}}]},"2":{"loc":{"start":{"line":73,"column":8},"end":{"line":75,"column":9}},"type":"if","locations":[{"start":{"line":73,"column":8},"end":{"line":75,"column":9}}]},"3":{"loc":{"start":{"line":77,"column":8},"end":{"line":79,"column":9}},"type":"if","locations":[{"start":{"line":77,"column":8},"end":{"line":79,"column":9}}]},"4":{"loc":{"start":{"line":81,"column":8},"end":{"line":84,"column":9}},"type":"if","locations":[{"start":{"line":81,"column":8},"end":{"line":84,"column":9}}]},"5":{"loc":{"start":{"line":87,"column":8},"end":{"line":90,"column":9}},"type":"if","locations":[{"start":{"line":87,"column":8},"end":{"line":90,"column":9}}]},"6":{"loc":{"start":{"line":93,"column":43},"end":{"line":93,"column":85}},"type":"cond-expr","locations":[{"start":{"line":93,"column":64},"end":{"line":93,"column":73}},{"start":{"line":93,"column":76},"end":{"line":93,"column":85}}]},"7":{"loc":{"start":{"line":103,"column":6},"end":{"line":103,"column":53}},"type":"if","locations":[{"start":{"line":103,"column":6},"end":{"line":103,"column":53}}]},"8":{"loc":{"start":{"line":104,"column":6},"end":{"line":104,"column":51}},"type":"if","locations":[{"start":{"line":104,"column":6},"end":{"line":104,"column":51}}]},"9":{"loc":{"start":{"line":361,"column":6},"end":{"line":369,"column":7}},"type":"if","locations":[{"start":{"line":361,"column":6},"end":{"line":369,"column":7}}]},"10":{"loc":{"start":{"line":367,"column":76},"end":{"line":367,"column":118}},"type":"cond-expr","locations":[{"start":{"line":367,"column":97},"end":{"line":367,"column":106}},{"start":{"line":367,"column":109},"end":{"line":367,"column":118}}]},"11":{"loc":{"start":{"line":379,"column":72},"end":{"line":379,"column":97}},"type":"cond-expr","locations":[{"start":{"line":379,"column":89},"end":{"line":379,"column":91}},{"start":{"line":379,"column":94},"end":{"line":379,"column":97}}]},"12":{"loc":{"start":{"line":387,"column":22},"end":{"line":387,"column":42}},"type":"binary-expr","locations":[{"start":{"line":387,"column":22},"end":{"line":387,"column":30}},{"start":{"line":387,"column":34},"end":{"line":387,"column":42}}]},"13":{"loc":{"start":{"line":388,"column":21},"end":{"line":388,"column":56}},"type":"binary-expr","locations":[{"start":{"line":388,"column":21},"end":{"line":388,"column":29}},{"start":{"line":388,"column":33},"end":{"line":388,"column":41}},{"start":{"line":388,"column":45},"end":{"line":388,"column":56}}]},"14":{"loc":{"start":{"line":391,"column":8},"end":{"line":394,"column":9}},"type":"if","locations":[{"start":{"line":391,"column":8},"end":{"line":394,"column":9}}]},"15":{"loc":{"start":{"line":398,"column":10},"end":{"line":405,"column":11}},"type":"if","locations":[{"start":{"line":398,"column":10},"end":{"line":405,"column":11}}]},"16":{"loc":{"start":{"line":410,"column":18},"end":{"line":410,"column":37}},"type":"binary-expr","locations":[{"start":{"line":410,"column":18},"end":{"line":410,"column":22}},{"start":{"line":410,"column":26},"end":{"line":410,"column":37}}]},"17":{"loc":{"start":{"line":415,"column":20},"end":{"line":415,"column":69}},"type":"cond-expr","locations":[{"start":{"line":415,"column":29},"end":{"line":415,"column":57}},{"start":{"line":415,"column":60},"end":{"line":415,"column":69}}]},"18":{"loc":{"start":{"line":432,"column":21},"end":{"line":432,"column":105}},"type":"cond-expr","locations":[{"start":{"line":432,"column":56},"end":{"line":432,"column":79}},{"start":{"line":432,"column":82},"end":{"line":432,"column":105}}]},"19":{"loc":{"start":{"line":439,"column":19},"end":{"line":439,"column":88}},"type":"cond-expr","locations":[{"start":{"line":439,"column":49},"end":{"line":439,"column":67}},{"start":{"line":439,"column":70},"end":{"line":439,"column":88}}]},"20":{"loc":{"start":{"line":449,"column":4},"end":{"line":459,"column":5}},"type":"if","locations":[{"start":{"line":449,"column":4},"end":{"line":459,"column":5}}]},"21":{"loc":{"start":{"line":576,"column":6},"end":{"line":626,"column":7}},"type":"if","locations":[{"start":{"line":576,"column":6},"end":{"line":626,"column":7}},{"start":{"line":624,"column":13},"end":{"line":626,"column":7}}]},"22":{"loc":{"start":{"line":576,"column":10},"end":{"line":576,"column":94}},"type":"binary-expr","locations":[{"start":{"line":576,"column":10},"end":{"line":576,"column":39}},{"start":{"line":576,"column":43},"end":{"line":576,"column":94}}]},"23":{"loc":{"start":{"line":583,"column":28},"end":{"line":584,"column":90}},"type":"cond-expr","locations":[{"start":{"line":584,"column":14},"end":{"line":584,"column":83}},{"start":{"line":584,"column":86},"end":{"line":584,"column":90}}]},"24":{"loc":{"start":{"line":597,"column":26},"end":{"line":597,"column":78}},"type":"binary-expr","locations":[{"start":{"line":597,"column":26},"end":{"line":597,"column":36}},{"start":{"line":597,"column":40},"end":{"line":597,"column":78}}]},"25":{"loc":{"start":{"line":606,"column":23},"end":{"line":606,"column":80}},"type":"cond-expr","locations":[{"start":{"line":606,"column":49},"end":{"line":606,"column":63}},{"start":{"line":606,"column":66},"end":{"line":606,"column":80}}]},"26":{"loc":{"start":{"line":607,"column":24},"end":{"line":607,"column":80}},"type":"cond-expr","locations":[{"start":{"line":607,"column":55},"end":{"line":607,"column":68}},{"start":{"line":607,"column":71},"end":{"line":607,"column":80}}]},"27":{"loc":{"start":{"line":620,"column":19},"end":{"line":620,"column":88}},"type":"cond-expr","locations":[{"start":{"line":620,"column":49},"end":{"line":620,"column"
[...]
":91,"column":4},"end":{"line":121,"column":5}},"34":{"start":{"line":92,"column":6},"end":{"line":95,"column":7}},"35":{"start":{"line":93,"column":8},"end":{"line":93,"column":80}},"36":{"start":{"line":94,"column":8},"end":{"line":94,"column":32}},"37":{"start":{"line":97,"column":6},"end":{"line":97,"column":66}},"38":{"start":{"line":100,"column":26},"end":{"line":100,"column":56}},"39":{"start":{"line":102,"column":6},"end":{"line":104,"column":7}},"40":{"start":{"line":103,"column":8},"end":{"line":103,"column":27}},"41":{"start":{"line":107,"column":24},"end":{"line":115,"column":42}},"42":{"start":{"line":117,"column":6},"end":{"line":117,"column":44}},"43":{"start":{"line":119,"column":6},"end":{"line":119,"column":58}},"44":{"start":{"line":120,"column":6},"end":{"line":120,"column":16}},"45":{"start":{"line":125,"column":33},"end":{"line":125,"column":56}}},"fnMap":{"0":{"name":"(anonymous_0)","decl":{"start":{"line":16,"column":2},"end":{"line":16,"column":null}},"loc":{"start":{"line":16,"column":2},"end":{"line":22,"column":3}}},"1":{"name":"(anonymous_1)","decl":{"start":{"line":24,"column":2},"end":{"line":24,"column":7}},"loc":{"start":{"line":24,"column":18},"end":{"line":52,"column":3}}},"2":{"name":"(anonymous_2)","decl":{"start":{"line":54,"column":10},"end":{"line":54,"column":30}},"loc":{"start":{"line":54,"column":30},"end":{"line":59,"column":3}}},"3":{"name":"(anonymous_3)","decl":{"start":{"line":58,"column":35},"end":{"line":58,"column":38}},"loc":{"start":{"line":58,"column":41},"end":{"line":58,"column":58}}},"4":{"name":"(anonymous_4)","decl":{"start":{"line":61,"column":10},"end":{"line":61,"column":15}},"loc":{"start":{"line":61,"column":40},"end":{"line":83,"column":3}}},"5":{"name":"(anonymous_5)","decl":{"start":{"line":81,"column":24},"end":{"line":81,"column":31}},"loc":{"start":{"line":81,"column":35},"end":{"line":81,"column":59}}},"6":{"name":"(anonymous_6)","decl":{"start":{"line":85,"column":10},"end":{"line":85,"column":25}},"loc":{"start":{"line":85,"column":44},"end":{"line":88,"column":3}}},"7":{"name":"(anonymous_7)","decl":{"start":{"line":90,"column":2},"end":{"line":90,"column":7}},"loc":{"start":{"line":90,"column":47},"end":{"line":122,"column":3}}}},"branchMap":{"0":{"loc":{"start":{"line":55,"column":4},"end":{"line":57,"column":5}},"type":"if","locations":[{"start":{"line":55,"column":4},"end":{"line":57,"column":5}}]},"1":{"loc":{"start":{"line":75,"column":6},"end":{"line":75,"column":42}},"type":"if","locations":[{"start":{"line":75,"column":6},"end":{"line":75,"column":42}}]},"2":{"loc":{"start":{"line":90,"column":30},"end":{"line":90,"column":47}},"type":"default-arg","locations":[{"start":{"line":90,"column":46},"end":{"line":90,"column":47}}]},"3":{"loc":{"start":{"line":92,"column":6},"end":{"line":95,"column":7}},"type":"if","locations":[{"start":{"line":92,"column":6},"end":{"line":95,"column":7}}]},"4":{"loc":{"start":{"line":102,"column":6},"end":{"line":104,"column":7}},"type":"if","locations":[{"start":{"line":102,"column":6},"end":{"line":104,"column":7}}]}},"s":{"0":0,"1":0,"2":0,"3":0,"4":0,"5":0,"6":0,"7":0,"8":0,"9":0,"10":0,"11":0,"12":0,"13":0,"14":0,"15":0,"16":0,"17":0,"18":0,"19":0,"20":0,"21":0,"22":0,"23":0,"24":0,"25":0,"26":0,"27":0,"28":0,"29":0,"30":0,"31":0,"32":0,"33":0,"34":0,"35":0,"36":0,"37":0,"38":0,"39":0,"40":0,"41":0,"42":0,"43":0,"44":0,"45":0},"f":{"0":0,"1":0,"2":0,"3":0,"4":0,"5":0,"6":0,"7":0},"b":{"0":[0],"1":[0],"2":[0],"3":[0],"4":[0]}}
,"/Users/benjamincox/StackTracker/hruf/server/services/tierLimitService.ts": {"path":"/Users/benjamincox/StackTracker/hruf/server/services/tierLimitService.ts","statementMap":{"0":{"start":{"line":13,"column":58},"end":{"line":26,"column":2}},"1":{"start":{"line":28,"column":32},"end":{"line":109,"column":2}},"2":{"start":{"line":30,"column":17},"end":{"line":32,"column":6}},"3":{"start":{"line":34,"column":4},"end":{"line":34,"column":28}},"4":{"start":{"line":34,"column":15},"end":{"line":34,"column":28}},"5":{"start":{"line":36,"column":23},"end":{"line":36,"column":77}},"6":{"start":{"line":39,"column":4},"end":{"line":39,"column":53}},"7":{"start":{"line":39,"column":41},"end":{"line":39,"column":53}},"8":{"start":{"line":42,"column":4},"end":{"line":42,"column":55}},"9":{"start":{"line":42,"column":42},"end":{"line":42,"column":55}},"10":{"start":{"line":45,"column":16},"end":{"line":45,"column":26}},"11":{"start":{"line":46,"column":22},"end":{"line":46,"column":90}},"12":{"start":{"line":48,"column":2},"end":{"line":57,"column":3}},"13":{"start":{"line":49,"column":30},"end":{"line":49,"column":80}},"14":{"start":{"line":50,"column":4},"end":{"line":55,"column":35}},"15":{"start":{"line":56,"column":4},"end":{"line":56,"column":16}},"16":{"start":{"line":60,"column":2},"end":{"line":60,"column":69}},"17":{"start":{"line":64,"column":4},"end":{"line":68,"column":35}},"18":{"start":{"line":72,"column":17},"end":{"line":74,"column":6}},"19":{"start":{"line":76,"column":4},"end":{"line":76,"column":28}},"20":{"start":{"line":76,"column":15},"end":{"line":76,"column":28}},"21":{"start":{"line":78,"column":23},"end":{"line":78,"column":77}},"22":{"start":{"line":81,"column":4},"end":{"line":81,"column":53}},"23":{"start":{"line":81,"column":41},"end":{"line":81,"column":53}},"24":{"start":{"line":84,"column":4},"end":{"line":84,"column":55}},"25":{"start":{"line":84,"column":42},"end":{"line":84,"column":55}},"26":{"start":{"line":87,"column":16},"end":{"line":87,"column":26}},"27":{"start":{"line":88,"column":22},"end":{"line":88,"column":82}},"28":{"start":{"line":89,"column":4},"end":{"line":97,"column":5}},"29":{"start":{"line":90,"column":6},"end":{"line":95,"column":37}},"30":{"start":{"line":96,"column":6},"end":{"line":96,"column":18}},"31":{"start":{"line":99,"column":4},"end":{"line":99,"column":63}},"32":{"start":{"line":103,"column":4},"end":{"line":107,"column":35}}},"fnMap":{"0":{"name":"(anonymous_0)","decl":{"start":{"line":29,"column":2},"end":{"line":29,"column":7}},"loc":{"start":{"line":29,"column":31},"end":{"line":61,"column":3}}},"1":{"name":"(anonymous_1)","decl":{"start":{"line":63,"column":2},"end":{"line":63,"column":7}},"loc":{"start":{"line":63,"column":39},"end":{"line":69,"column":3}}},"2":{"name":"(anonymous_2)","decl":{"start":{"line":71,"column":2},"end":{"line":71,"column":7}},"loc":{"start":{"line":71,"column":35},"end":{"line":100,"column":3}}},"3":{"name":"(anonymous_3)","decl":{"start":{"line":102,"column":2},"end":{"line":102,"column":7}},"loc":{"start":{"line":102,"column":40},"end":{"line":108,"column":3}}}},"branchMap":{"0":{"loc":{"start":{"line":34,"column":4},"end":{"line":34,"column":28}},"type":"if","locations":[{"start":{"line":34,"column":4},"end":{"line":34,"column":28}}]},"1":{"loc":{"start":{"line":39,"column":4},"end":{"line":39,"column":53}},"type":"if","locations":[{"start":{"line":39,"column":4},"end":{"line":39,"column":53}}]},"2":{"loc":{"start":{"line":42,"column":4},"end":{"line":42,"column":55}},"type":"if","locations":[{"start":{"line":42,"column":4},"end":{"line":42,"column":55}}]},"3":{"loc":{"start":{"line":46,"column":22},"end":{"line":46,"column":90}},"type":"cond-expr","locations":[{"start":{"line":46,"column":49},"end":{"line":46,"column":83}},{"start":{"line":46,"column":86},"end":{"line":46,"column":90}}]},"4":{"loc":{"start":{"line":48,"column":2},"end":{"line":57,"column":3}},"type":"if","locations":[{"start":{"line":48,"column":2},"end":{"line":57,"column":3}}]},"5":{"loc":{"start":{"line":48,"column":6},"end":{"line":48,"column":35}},"type":"binary-expr","locations":[{"start":{"line":48,"column":6},"end":{"line":48,"column":16}},{"start":{"line":48,"column":20},"end":{"line":48,"column":35}}]},"6":{"loc":{"start":{"line":60,"column":10},"end":{"line":60,"column":39}},"type":"binary-expr","locations":[{"start":{"line":60,"column":10},"end":{"line":60,"column":34}},{"start":{"line":60,"column":38},"end":{"line":60,"column":39}}]},"7":{"loc":{"start":{"line":76,"column":4},"end":{"line":76,"column":28}},"type":"if","locations":[{"start":{"line":76,"column":4},"end":{"line":76,"column":28}}]},"8":{"loc":{"start":{"line":81,"column":4},"end":{"line":81,"column":53}},"type":"if","locations":[{"start":{"line":81,"column":4},"end":{"line":81,"column":53}}]},"9":{"loc":{"start":{"line":84,"column":4},"end":{"line":84,"column":55}},"type":"if","locations":[{"start":{"line":84,"column":4},"end":{"line":84,"column":55}}]},"10":{"loc":{"start":{"line":88,"column":22},"end":{"line":88,"column":82}},"type":"cond-expr","locations":[{"start":{"line":88,"column":45},"end":{"line":88,"column":75}},{"start":{"line":88,"column":78},"end":{"line":88,"column":82}}]},"11":{"loc":{"start":{"line":89,"column":4},"end":{"line":97,"column":5}},"type":"if","locations":[{"start":{"line":89,"column":4},"end":{"line":97,"column":5}}]},"12":{"loc":{"start":{"line":89,"column":8},"end":{"line":89,"column":37}},"type":"binary-expr","locations":[{"start":{"line":89,"column":8},"end":{"line":89,"column":18}},{"start":{"line":89,"column":22},"end":{"line":89,"column":37}}]},"13":{"loc":{"start":{"line":99,"column":12},"end":{"line":99,"column":37}},"type":"binary-expr","locations":[{"start":{"line":99,"column":12},"end":{"line":99,"column":32}},{"start":{"line":99,"column":36},"end":{"line":99,"column":37}}]}},"s":{"0":0,"1":0,"2":0,"3":0,"4":0,"5":0,"6":0,"7":0,"8":0,"9":0,"10":0,"11":0,"12":0,"13":0,"14":0,"15":0,"16":0,"17":0,"18":0,"19":0,"20":0,"21":0,"22":0,"23":0,"24":0,"25":0,"26":0,"27":0,"28":0,"29":0,"30":0,"31":0,"32":0},"f":{"0":0,"1":0,"2":0,"3":0},"b":{"0":[0],"1":[0],"2":[0],"3":[0,0],"4":[0],"5":[0,0],"6":[0,0],"7":[0],"8":[0],"9":[0],"10":[0,0],"11":[0],"12":[0,0],"13":[0,0]}}
,"/Users/benjamincox/StackTracker/hruf/server/services/__tests__/biomarkerPatternService.test.ts": {"path":"/Users/benjamincox/StackTracker/hruf/server/services/__tests__/biomarkerPatternService.test.ts","statementMap":{"0":{"start":{"line":4,"column":0},"end":{"line":229,"column":3}},"1":{"start":{"line":6,"column":20},"end":{"line":100,"column":4}},"2":{"start":{"line":103,"column":23},"end":{"line":112,"column":3}},"3":{"start":{"line":104,"column":4},"end":{"line":104,"column":44}},"4":{"start":{"line":105,"column":4},"end":{"line":105,"column":56}},"5":{"start":{"line":106,"column":4},"end":{"line":106,"column":44}},"6":{"start":{"line":107,"column":4},"end":{"line":107,"column":66}},"7":{"start":{"line":108,"column":4},"end":{"line":108,"column":44}},"8":{"start":{"line":109,"column":4},"end":{"line":111,"column":5}},"9":{"start":{"line":110,"column":6},"end":{"line":110,"column":70}},"10":{"start":{"line":115,"column":2},"end":{"line":132,"column":5}},"11":{"start":{"line":116,"column":20},"end":{"line":116,"column":72}},"12":{"start":{"line":118,"column":4},"end":{"line":121,"column":5}},"13":{"start":{"line":119,"column":6},"end":{"line":119,"column":38}},"14":{"start":{"line":120,"column":6},"end":{"line":120,"column":13}},"15":{"start":{"line":123,"column":4},"end":{"line":131,"column":5}},"16":{"start":{"line":124,"column":6},"end":{"line":124,"column":52}},"17":{"start":{"line":125,"column":6},"end":{"line":127,"column":9}},"18":{"start":{"line":126,"column":8},"end":{"line":126,"column":42}},"19":{"start":{"line":129,"column":6},"end":{"line":129,"column":38}},"20":{"start":{"line":130,"column":6},"end":{"line":130,"column":41}},"21":{"start":{"line":135,"column":2},"end":{"line":184,"column":5}},"22":{"start":{"line":136,"column":34},"end":{"line":153,"column":6}},"23":{"start":{"line":155,"column":4},"end":{"line":183,"column":7}},"24":{"start":{"line":156,"column":26},"end":{"line":156,"column":27}},"25":{"start":{"line":157,"column":27},"end":{"line":157,"column":28}},"26":{"start":{"line":158,"column":27},"end":{"line":158,"column":28}},"27":{"start":{"line":160,"column":6},"end":{"line":167,"column":7}},"28":{"start":{"line":161,"column":24},"end":{"line":161,"column":76}},"29":{"start":{"line":162,"column":22},"end":{"line":162,"column":40}},"30":{"start":{"line":164,"column":8},"end":{"line":164,"column":47}},"31":{"start":{"line":164,"column":31},"end":{"line":164,"column":47}},"32":{"start":{"line":165,"column":8},"end":{"line":165,"column":49}},"33":{"start":{"line":165,"column":32},"end":{"line":165,"column":49}},"34":{"start":{"line":166,"column":8},"end":{"line":166,"column":49}},"35":{"start":{"line":166,"column":32},"end":{"line":166,"column":49}},"36":{"start":{"line":169,"column":21},"end":{"line":169,"column":69}},"37":{"start":{"line":170,"column":24},"end":{"line":170,"column":72}},"38":{"start":{"line":172,"column":6},"end":{"line":178,"column":9}},"39":{"start":{"line":181,"column":6},"end":{"line":181,"column":50}},"40":{"start":{"line":182,"column":6},"end":{"line":182,"column":53}},"41":{"start":{"line":187,"column":2},"end":{"line":204,"column":5}},"42":{"start":{"line":188,"column":4},"end":{"line":192,"column":7}},"43":{"start":{"line":189,"column":22},"end":{"line":189,"column":90}},"44":{"start":{"line":190,"column":6},"end":{"line":190,"column":58}},"45":{"start":{"line":191,"column":6},"end":{"line":191,"column":79}},"46":{"start":{"line":194,"column":4},"end":{"line":197,"column":7}},"47":{"start":{"line":195,"column":22},"end":{"line":195,"column":95}},"48":{"start":{"line":196,"column":6},"end":{"line":196,"column":38}},"49":{"start":{"line":199,"column":4},"end":{"line":203,"column":7}},"50":{"start":{"line":200,"column":22},"end":{"line":200,"column":90}},"51":{"start":{"line":201,"column":6},"end":{"line":201,"column":44}},"52":{"start":{"line":202,"column":6},"end":{"line":202,"column":50}},"53":{"start":{"line":207,"column":2},"end":{"line":228,"column":5}},"54":{"start":{"line":208,"column":4},"end":{"line":222,"column":7}},"55":{"start":{"line":209,"column":22},"end":{"line":213,"column":8}},"56":{"start":{"line":215,"column":22},"end":{"line":215,"column":61}},"57":{"start":{"line":215,"column":40},"end":{"line":215,"column":60}},"58":{"start":{"line":216,"column":18},"end":{"line":216,"column":53}},"59":{"start":{"line":216,"column":36},"end":{"line":216,"column":52}},"60":{"start":{"line":217,"column":23},"end":{"line":217,"column":63}},"61":{"start":{"line":217,"column":41},"end":{"line":217,"column":62}},"62":{"start":{"line":219,"column":6},"end":{"line":219,"column":55}},"63":{"start":{"line":220,"column":6},"end":{"line":220,"column":51}},"64":{"start":{"line":221,"column":6},"end":{"line":221,"column":56}},"65":{"start":{"line":224,"column":4},"end":{"line":227,"column":7}},"66":{"start":{"line":225,"column":22},"end":{"line":225,"column":90}},"67":{"start":{"line":226,"column":6},"end":{"line":226,"column":59}}},"fnMap":{"0":{"name":"(anonymous_0)","decl":{"start":{"line":4,"column":36},"end":{"line":4,"column":39}},"loc":{"start":{"line":4,"column":41},"end":{"line":229,"column":1}}},"1":{"name":"(anonymous_1)","decl":{"start":{"line":103,"column":23},"end":{"line":103,"column":24}},"loc":{"start":{"line":103,"column":63},"end":{"line":112,"column":3}}},"2":{"name":"(anonymous_2)","decl":{"start":{"line":115,"column":32},"end":{"line":115,"column":37}},"loc":{"start":{"line":115,"column":62},"end":{"line":132,"column":3}}},"3":{"name":"(anonymous_3)","decl":{"start":{"line":125,"column":23},"end":{"line":125,"column":24}},"loc":{"start":{"line":125,"column":38},"end":{"line":127,"column":7}}},"4":{"name":"(anonymous_4)","decl":{"start":{"line":135,"column":35},"end":{"line":135,"column":38}},"loc":{"start":{"line":135,"column":40},"end":{"line":184,"column":3}}},"5":{"name":"(anonymous_5)","decl":{"start":{"line":155,"column":42},"end":{"line":155,"column":47}},"loc":{"start":{"line":155,"column":53},"end":{"line":183,"column":5}}},"6":{"name":"(anonymous_6)","decl":{"start":{"line":187,"column":45},"end":{"line":187,"column":48}},"loc":{"start":{"line":187,"column":50},"end":{"line":204,"column":3}}},"7":{"name":"(anonymous_7)","decl":{"start":{"line":188,"column":35},"end":{"line":188,"column":40}},"loc":{"start":{"line":188,"column":46},"end":{"line":192,"column":5}}},"8":{"name":"(anonymous_8)","decl":{"start":{"line":194,"column":28},"end":{"line":194,"column":33}},"loc":{"start":{"line":194,"column":39},"end":{"line":197,"column":5}}},"9":{"name":"(anonymous_9)","decl":{"start":{"line":199,"column":31},"end":{"line":199,"column":36}},"loc":{"start":{"line":199,"column":42},"end":{"line":203,"column":5}}},"10":{"name":"(anonymous_10)","decl":{"start":{"line":207,"column":33},"end":{"line":207,"column":36}},"loc":{"start":{"line":207,"column":38},"end":{"line":228,"column":3}}},"11":{"name":"(anonymous_11)","decl":{"start":{"line":208,"column":57},"end":{"line":208,"column":62}},"loc":{"start":{"line":208,"column":68},"end":{"line":222,"column":5}}},"12":{"name":"(anonymous_12)","decl":{"start":{"line":215,"column":35},"end":{"line":215,"column":36}},"loc":{"start":{"line":215,"column":40},"end":{"line":215,"column":60}}},"13":{"name":"(anonymous_13)","decl":{"start":{"line":216,"column":31},"end":{"line":216,"column":32}},"loc":{"start":{"line":216,"column":36},"end":{"line":216,"column":52}}},"14":{"name":"(anonymous_14)","decl":{"start":{"line":217,"column":36},"end":{"line":217,"column":37}},"loc":{"start":{"line":217,"column":41},"end":{"line":217,"column":62}}},"15":{"name":"(anonymous_15)","decl":{"start":{"line":224,"column":52},"end":{"line":224,"column":57}},"loc":{"start":{"line":224,"column":63},"end":{"line":227,"column":5}}}},"branchMap":{"0":{"loc":{"start":{"line":109,"column":4},"end":{"line":111,"column":5}},"type":"if","locations":[{"start":{"line":109,"column":4},"end":{"line":111,"column":5}}]},"1":{"loc":{"start":{"line":118,"column":4},"end":{"line":121,"column":5}},"type":"if","locations":[{"start":{"line":118,"column":4},"end":{"line":121,"column":5}}]},"2":{"loc":{"start":{"line":123,"column":4},"end":{"line":131,"column":5}},"type":"if","locations":[{"start":{"line":123,"column":4},"end":{"line":131,"column":5}},{"start":{"line":128,"column":11},"end":{"line":131,"column":5}}]},"3":{"loc":{"start":{"line":164,"column":8},"end":{"line":164,"column":47}},"type":"if","locations":[{"start":{"line":164,"column":8},"end":{"line":164,"column":47}}]},"4":{"loc":{"start":{"line":164,"column":12},"end":{"line":164,"column":29}},"type":"binary-expr","locations":[{"start":{"line":164,"column":12},"end":{"line":164,"column":20}},{"start":{"line":164,"column":24},"end":{"line":164,"column":29}}]},"5":{"loc":{"start":{"line":165,"column":8},"end":{"line":165,"column":49}},"type":"if","locations":[{"start":{"line":165,"column":8},"end":{"line":165,"column":49}}]},"6":{"loc":{"start":{"line":165,"column":12},"end":{"line":165,"column":30}},"type":"binary-expr","locations":[{"start":{"line":165,"column":12},"end":{"line":165,"column":21}},{"start":{"line":165,"column":25},"end":{"line":165,"column":30}}]},"7":{"loc":{"start":{"line":166,"column":8},"end":{"line":166,"column":49}},"type":"if","locations":[{"start":{"line":166,"column":8},"end":{"line":166,"column":49}}]},"8":{"loc":{"start":{"line":166,"column":12},"end":{"line":166,"column":30}},"type":"binary-expr","locations":[{"start":{"line":166,"column":12},"end":{"line":166,"column":20}},{"start":{"line":166,"column":24},"end":{"line":166,"column":30}}]}},"s":{"0":0,"1":0,"2":0,"3":0,"4":0,"5":0,"6":0,"7":0,"8":0,"9":0,"10":0,"11":0,"12":0,"13":0,"14":0,"15":0,"16":0,"17":0,"18":0,"19":0,"20":0,"21":0,"22":0,"23":0,"24":0,"25":0,"26":0,"27":0,"28":0,"29":0,"30":0,"31":0,"32":0,"33":0,"34":0,"35":0,"36":0,"37":0,"38":0,"39":0,"40":0,"41":0,"42":0,"43":0,"44":0,"45":0,"46":0,"47":0,"48":0,"49":0,"50":0,"51":0,"52":0,"53":0,"54":0,"55":0,"56":0,"57":0,"58":0,"59":0,"60":0,"61":0,"62":0,"63":0,"64":0,"65":0,"66":0,"67":0},"f":{"0":0,"1":0,"2":0,"3":0,"4":0,"5":0,"6":0,"7":0,"8":0,"9":0,"10":0,"11":0,"12":0,"13":0,"14":0,"15":0},"b":{"0":[0],"1":[0],"2":[0,0],"3":[0],"4":[0,0],"5":[0],"6":[0,0],"7":[0],"8":[0,0]}}
}
