{"/home/runner/workspace/server/openai.ts": {"path":"/home/runner/workspace/server/openai.ts","statementMap":{"0":{"start":{"line":35,"column":0},"end":{"line":35,"column":7}},"1":{"start":{"line":120,"column":0},"end":{"line":120,"column":16}},"2":{"start":{"line":132,"column":0},"end":{"line":132,"column":16}},"3":{"start":{"line":4,"column":0},"end":{"line":4,"column":28}},"4":{"start":{"line":5,"column":0},"end":{"line":5,"column":36}},"5":{"start":{"line":8,"column":0},"end":{"line":10,"column":1}},"6":{"start":{"line":9,"column":2},"end":{"line":9,"column":48}},"7":{"start":{"line":13,"column":15},"end":{"line":13,"column":65}},"8":{"start":{"line":18,"column":13},"end":{"line":18,"column":380}},"9":{"start":{"line":24,"column":13},"end":{"line":27,"column":2}},"10":{"start":{"line":39,"column":2},"end":{"line":112,"column":3}},"11":{"start":{"line":41,"column":32},"end":{"line":44,"column":9}},"12":{"start":{"line":43,"column":6},"end":{"line":43,"column":55}},"13":{"start":{"line":46,"column":18},"end":{"line":46,"column":58}},"14":{"start":{"line":48,"column":4},"end":{"line":54,"column":7}},"15":{"start":{"line":56,"column":19},"end":{"line":67,"column":6}},"16":{"start":{"line":60,"column":32},"end":{"line":63,"column":10}},"17":{"start":{"line":69,"column":4},"end":{"line":69,"column":62}},"18":{"start":{"line":71,"column":23},"end":{"line":71,"column":25}},"19":{"start":{"line":74,"column":4},"end":{"line":87,"column":5}},"20":{"start":{"line":75,"column":22},"end":{"line":75,"column":60}},"21":{"start":{"line":77,"column":6},"end":{"line":86,"column":7}},"22":{"start":{"line":78,"column":8},"end":{"line":82,"column":11}},"23":{"start":{"line":84,"column":8},"end":{"line":84,"column":32}},"24":{"start":{"line":85,"column":8},"end":{"line":85,"column":53}},"25":{"start":{"line":89,"column":4},"end":{"line":92,"column":7}},"26":{"start":{"line":95,"column":4},"end":{"line":95,"column":45}},"27":{"start":{"line":97,"column":4},"end":{"line":103,"column":7}},"28":{"start":{"line":106,"column":4},"end":{"line":109,"column":5}},"29":{"start":{"line":108,"column":6},"end":{"line":108,"column":106}},"30":{"start":{"line":111,"column":4},"end":{"line":111,"column":16}},"31":{"start":{"line":123,"column":2},"end":{"line":123,"column":36}},"32":{"start":{"line":133,"column":24},"end":{"line":133,"column":51}},"33":{"start":{"line":134,"column":25},"end":{"line":134,"column":53}},"34":{"start":{"line":135,"column":22},"end":{"line":135,"column":52}},"35":{"start":{"line":137,"column":2},"end":{"line":143,"column":5}}},"fnMap":{"0":{"name":"chatWithAI","decl":{"start":{"line":35,"column":23},"end":{"line":35,"column":33}},"loc":{"start":{"line":37,"column":24},"end":{"line":113,"column":1}}},"1":{"name":"(anonymous_2)","decl":{"start":{"line":41,"column":48},"end":{"line":41,"column":49}},"loc":{"start":{"line":41,"column":63},"end":{"line":44,"column":5}}},"2":{"name":"(anonymous_3)","decl":{"start":{"line":60,"column":24},"end":{"line":60,"column":27}},"loc":{"start":{"line":60,"column":32},"end":{"line":63,"column":10}}},"3":{"name":"estimateTokenCount","decl":{"start":{"line":120,"column":16},"end":{"line":120,"column":34}},"loc":{"start":{"line":120,"column":47},"end":{"line":124,"column":1}}},"4":{"name":"logTokenUsage","decl":{"start":{"line":132,"column":16},"end":{"line":132,"column":29}},"loc":{"start":{"line":132,"column":88},"end":{"line":144,"column":1}}}},"branchMap":{"0":{"loc":{"start":{"line":8,"column":0},"end":{"line":10,"column":1}},"type":"if","locations":[{"start":{"line":8,"column":0},"end":{"line":10,"column":1}}]},"1":{"loc":{"start":{"line":46,"column":18},"end":{"line":46,"column":58}},"type":"binary-expr","locations":[{"start":{"line":46,"column":18},"end":{"line":46,"column":31}},{"start":{"line":46,"column":35},"end":{"line":46,"column":58}}]},"2":{"loc":{"start":{"line":75,"column":22},"end":{"line":75,"column":60}},"type":"binary-expr","locations":[{"start":{"line":75,"column":22},"end":{"line":75,"column":54}},{"start":{"line":75,"column":58},"end":{"line":75,"column":60}}]},"3":{"loc":{"start":{"line":77,"column":6},"end":{"line":86,"column":7}},"type":"if","locations":[{"start":{"line":77,"column":6},"end":{"line":86,"column":7}}]},"4":{"loc":{"start":{"line":98,"column":13},"end":{"line":98,"column":67}},"type":"cond-expr","locations":[{"start":{"line":98,"column":38},"end":{"line":98,"column":51}},{"start":{"line":98,"column":54},"end":{"line":98,"column":67}}]},"5":{"loc":{"start":{"line":99,"column":13},"end":{"line":99,"column":61}},"type":"cond-expr","locations":[{"start":{"line":99,"column":38},"end":{"line":99,"column":49}},{"start":{"line":99,"column":52},"end":{"line":99,"column":61}}]},"6":{"loc":{"start":{"line":100,"column":13},"end":{"line":100,"column":53}},"type":"binary-expr","locations":[{"start":{"line":100,"column":13},"end":{"line":100,"column":26}},{"start":{"line":100,"column":30},"end":{"line":100,"column":53}}]},"7":{"loc":{"start":{"line":106,"column":4},"end":{"line":109,"column":5}},"type":"if","locations":[{"start":{"line":106,"column":4},"end":{"line":109,"column":5}}]},"8":{"loc":{"start":{"line":106,"column":8},"end":{"line":107,"column":78}},"type":"binary-expr","locations":[{"start":{"line":106,"column":8},"end":{"line":106,"column":30}},{"start":{"line":107,"column":9},"end":{"line":107,"column":40}},{"start":{"line":107,"column":44},"end":{"line":107,"column":77}}]}},"s":{"0":0,"1":0,"2":0,"3":0,"4":0,"5":0,"6":0,"7":0,"8":0,"9":0,"10":0,"11":0,"12":0,"13":0,"14":0,"15":0,"16":0,"17":0,"18":0,"19":0,"20":0,"21":0,"22":0,"23":0,"24":0,"25":0,"26":0,"27":0,"28":0,"29":0,"30":0,"31":0,"32":0,"33":0,"34":0,"35":0},"f":{"0":0,"1":0,"2":0,"3":0,"4":0},"b":{"0":[0],"1":[0,0],"2":[0,0],"3":[0],"4":[0,0],"5":[0,0],"6":[0,0],"7":[0],"8":[0,0,0]}}
,"/home/runner/workspace/server/cron/summarizeChats.ts": {"path":"/home/runner/workspace/server/cron/summarizeChats.ts","statementMap":{"0":{"start":{"line":6,"column":0},"end":{"line":6,"column":7}},"1":{"start":{"line":2,"column":0},"end":{"line":2,"column":30}},"2":{"start":{"line":4,"column":0},"end":{"line":4,"column":66}},"3":{"start":{"line":7,"column":19},"end":{"line":7,"column":50}},"4":{"start":{"line":9,"column":2},"end":{"line":15,"column":3}},"5":{"start":{"line":10,"column":4},"end":{"line":14,"column":5}},"6":{"start":{"line":11,"column":6},"end":{"line":11,"column":39}},"7":{"start":{"line":13,"column":6},"end":{"line":13,"column":77}}},"fnMap":{"0":{"name":"runChatSummarization","decl":{"start":{"line":6,"column":22},"end":{"line":6,"column":42}},"loc":{"start":{"line":6,"column":42},"end":{"line":16,"column":1}}}},"branchMap":{},"s":{"0":0,"1":0,"2":0,"3":0,"4":0,"5":0,"6":0,"7":0},"f":{"0":0},"b":{}}
,"/home/runner/workspace/server/cron/summaryManager.ts": {"path":"/home/runner/workspace/server/cron/summaryManager.ts","statementMap":{"0":{"start":{"line":3,"column":0},"end":{"line":3,"column":76}},"1":{"start":{"line":4,"column":0},"end":{"line":4,"column":37}},"2":{"start":{"line":10,"column":49},"end":{"line":10,"column":53}},"3":{"start":{"line":11,"column":50},"end":{"line":11,"column":54}},"4":{"start":{"line":18,"column":4},"end":{"line":20,"column":5}},"5":{"start":{"line":19,"column":6},"end":{"line":19,"column":40}},"6":{"start":{"line":22,"column":4},"end":{"line":22,"column":77}},"7":{"start":{"line":25,"column":16},"end":{"line":25,"column":26}},"8":{"start":{"line":26,"column":20},"end":{"line":26,"column":33}},"9":{"start":{"line":27,"column":4},"end":{"line":27,"column":36}},"10":{"start":{"line":30,"column":4},"end":{"line":32,"column":5}},"11":{"start":{"line":31,"column":6},"end":{"line":31,"column":45}},"12":{"start":{"line":34,"column":30},"end":{"line":34,"column":63}},"13":{"start":{"line":35,"column":4},"end":{"line":35,"column":111}},"14":{"start":{"line":38,"column":4},"end":{"line":46,"column":26}},"15":{"start":{"line":40,"column":6},"end":{"line":40,"column":33}},"16":{"start":{"line":43,"column":6},"end":{"line":45,"column":30}},"17":{"start":{"line":44,"column":8},"end":{"line":44,"column":35}},"18":{"start":{"line":54,"column":4},"end":{"line":56,"column":5}},"19":{"start":{"line":55,"column":6},"end":{"line":55,"column":41}},"20":{"start":{"line":58,"column":4},"end":{"line":58,"column":168}},"21":{"start":{"line":61,"column":16},"end":{"line":61,"column":26}},"22":{"start":{"line":62,"column":20},"end":{"line":62,"column":33}},"23":{"start":{"line":63,"column":4},"end":{"line":63,"column":36}},"24":{"start":{"line":66,"column":28},"end":{"line":66,"column":62}},"25":{"start":{"line":67,"column":4},"end":{"line":67,"column":57}},"26":{"start":{"line":70,"column":4},"end":{"line":72,"column":5}},"27":{"start":{"line":71,"column":6},"end":{"line":71,"column":45}},"28":{"start":{"line":74,"column":30},"end":{"line":74,"column":63}},"29":{"start":{"line":75,"column":4},"end":{"line":75,"column":115}},"30":{"start":{"line":78,"column":4},"end":{"line":86,"column":26}},"31":{"start":{"line":80,"column":6},"end":{"line":80,"column":34}},"32":{"start":{"line":83,"column":6},"end":{"line":85,"column":34}},"33":{"start":{"line":84,"column":8},"end":{"line":84,"column":36}},"34":{"start":{"line":93,"column":4},"end":{"line":102,"column":5}},"35":{"start":{"line":94,"column":6},"end":{"line":94,"column":48}},"36":{"start":{"line":95,"column":24},"end":{"line":95,"column":34}},"37":{"start":{"line":96,"column":6},"end":{"line":96,"column":49}},"38":{"start":{"line":98,"column":6},"end":{"line":98,"column":68}},"39":{"start":{"line":99,"column":6},"end":{"line":99,"column":63}},"40":{"start":{"line":101,"column":6},"end":{"line":101,"column":63}},"41":{"start":{"line":109,"column":4},"end":{"line":118,"column":5}},"42":{"start":{"line":110,"column":6},"end":{"line":110,"column":49}},"43":{"start":{"line":111,"column":24},"end":{"line":111,"column":34}},"44":{"start":{"line":112,"column":6},"end":{"line":112,"column":49}},"45":{"start":{"line":114,"column":6},"end":{"line":114,"column":69}},"46":{"start":{"line":115,"column":6},"end":{"line":115,"column":64}},"47":{"start":{"line":117,"column":6},"end":{"line":117,"column":64}},"48":{"start":{"line":126,"column":4},"end":{"line":138,"column":5}},"49":{"start":{"line":127,"column":6},"end":{"line":127,"column":66}},"50":{"start":{"line":130,"column":20},"end":{"line":130,"column":30}},"51":{"start":{"line":133,"column":6},"end":{"line":133,"column":71}},"52":{"start":{"line":135,"column":6},"end":{"line":135,"column":68}},"53":{"start":{"line":137,"column":6},"end":{"line":137,"column":81}},"54":{"start":{"line":145,"column":4},"end":{"line":148,"column":5}},"55":{"start":{"line":146,"column":6},"end":{"line":146,"column":40}},"56":{"start":{"line":147,"column":6},"end":{"line":147,"column":32}},"57":{"start":{"line":150,"column":4},"end":{"line":153,"column":5}},"58":{"start":{"line":151,"column":6},"end":{"line":151,"column":41}},"59":{"start":{"line":152,"column":6},"end":{"line":152,"column":33}},"60":{"start":{"line":155,"column":4},"end":{"line":155,"column":45}},"61":{"start":{"line":160,"column":13},"end":{"line":160,"column":59}}},"fnMap":{"0":{"name":"(anonymous_1)","decl":{"start":{"line":17,"column":2},"end":{"line":17,"column":23}},"loc":{"start":{"line":17,"column":40},"end":{"line":47,"column":3}}},"1":{"name":"(anonymous_2)","decl":{"start":{"line":38,"column":15},"end":{"line":38,"column":18}},"loc":{"start":{"line":38,"column":20},"end":{"line":46,"column":5}}},"2":{"name":"(anonymous_3)","decl":{"start":{"line":43,"column":39},"end":{"line":43,"column":42}},"loc":{"start":{"line":43,"column":44},"end":{"line":45,"column":7}}},"3":{"name":"(anonymous_4)","decl":{"start":{"line":53,"column":2},"end":{"line":53,"column":24}},"loc":{"start":{"line":53,"column":64},"end":{"line":87,"column":3}}},"4":{"name":"(anonymous_5)","decl":{"start":{"line":78,"column":15},"end":{"line":78,"column":18}},"loc":{"start":{"line":78,"column":20},"end":{"line":86,"column":5}}},"5":{"name":"(anonymous_6)","decl":{"start":{"line":83,"column":40},"end":{"line":83,"column":43}},"loc":{"start":{"line":83,"column":45},"end":{"line":85,"column":7}}},"6":{"name":"(anonymous_7)","decl":{"start":{"line":92,"column":2},"end":{"line":92,"column":7}},"loc":{"start":{"line":92,"column":27},"end":{"line":103,"column":3}}},"7":{"name":"(anonymous_8)","decl":{"start":{"line":108,"column":2},"end":{"line":108,"column":7}},"loc":{"start":{"line":108,"column":28},"end":{"line":119,"column":3}}},"8":{"name":"(anonymous_9)","decl":{"start":{"line":125,"column":2},"end":{"line":125,"column":7}},"loc":{"start":{"line":125,"column":41},"end":{"line":139,"column":3}}},"9":{"name":"(anonymous_10)","decl":{"start":{"line":144,"column":2},"end":{"line":144,"column":14}},"loc":{"start":{"line":144,"column":14},"end":{"line":156,"column":3}}}},"branchMap":{"0":{"loc":{"start":{"line":17,"column":24},"end":{"line":17,"column":40}},"type":"default-arg","locations":[{"start":{"line":17,"column":39},"end":{"line":17,"column":40}}]},"1":{"loc":{"start":{"line":18,"column":4},"end":{"line":20,"column":5}},"type":"if","locations":[{"start":{"line":18,"column":4},"end":{"line":20,"column":5}}]},"2":{"loc":{"start":{"line":30,"column":4},"end":{"line":32,"column":5}},"type":"if","locations":[{"start":{"line":30,"column":4},"end":{"line":32,"column":5}}]},"3":{"loc":{"start":{"line":53,"column":25},"end":{"line":53,"column":46}},"type":"default-arg","locations":[{"start":{"line":53,"column":45},"end":{"line":53,"column":46}}]},"4":{"loc":{"start":{"line":53,"column":48},"end":{"line":53,"column":64}},"type":"default-arg","locations":[{"start":{"line":53,"column":63},"end":{"line":53,"column":64}}]},"5":{"loc":{"start":{"line":54,"column":4},"end":{"line":56,"column":5}},"type":"if","locations":[{"start":{"line":54,"column":4},"end":{"line":56,"column":5}}]},"6":{"loc":{"start":{"line":70,"column":4},"end":{"line":72,"column":5}},"type":"if","locations":[{"start":{"line":70,"column":4},"end":{"line":72,"column":5}}]},"7":{"loc":{"start":{"line":70,"column":8},"end":{"line":70,"column":66}},"type":"binary-expr","locations":[{"start":{"line":70,"column":8},"end":{"line":70,"column":29}},{"start":{"line":70,"column":33},"end":{"line":70,"column":66}}]},"8":{"loc":{"start":{"line":145,"column":4},"end":{"line":148,"column":5}},"type":"if","locations":[{"start":{"line":145,"column":4},"end":{"line":148,"column":5}}]},"9":{"loc":{"start":{"line":150,"column":4},"end":{"line":153,"column":5}},"type":"if","locations":[{"start":{"line":150,"column":4},"end":{"line":153,"column":5}}]}},"s":{"0":0,"1":0,"2":0,"3":0,"4":0,"5":0,"6":0,"7":0,"8":0,"9":0,"10":0,"11":0,"12":0,"13":0,"14":0,"15":0,"16":0,"17":0,"18":0,"19":0,"20":0,"21":0,"22":0,"23":0,"24":0,"25":0,"26":0,"27":0,"28":0,"29":0,"30":0,"31":0,"32":0,"33":0,"34":0,"35":0,"36":0,"37":0,"38":0,"39":0,"40":0,"41":0,"42":0,"43":0,"44":0,"45":0,"46":0,"47":0,"48":0,"49":0,"50":0,"51":0,"52":0,"53":0,"54":0,"55":0,"56":0,"57":0,"58":0,"59":0,"60":0,"61":0},"f":{"0":0,"1":0,"2":0,"3":0,"4":0,"5":0,"6":0,"7":0,"8":0,"9":0},"b":{"0":[0],"1":[0],"2":[0],"3":[0],"4":[0],"5":[0],"6":[0],"7":[0,0],"8":[0],"9":[0]}}
,"/home/runner/workspace/server/services/openaiQueryService.ts": {"path":"/home/runner/workspace/server/services/openaiQueryService.ts","statementMap":{"0":{"start":{"line":14,"column":0},"end":{"line":14,"column":7}},"1":{"start":{"line":1,"column":0},"end":{"line":1,"column":28}},"2":{"start":{"line":3,"column":0},"end":{"line":3,"column":30}},"3":{"start":{"line":4,"column":0},"end":{"line":4,"column":50}},"4":{"start":{"line":7,"column":0},"end":{"line":7,"column":35}},"5":{"start":{"line":10,"column":15},"end":{"line":12,"column":2}},"6":{"start":{"line":15,"column":2},"end":{"line":87,"column":3}},"7":{"start":{"line":17,"column":4},"end":{"line":25,"column":7}},"8":{"start":{"line":29,"column":4},"end":{"line":34,"column":7}},"9":{"start":{"line":36,"column":19},"end":{"line":44,"column":6}},"10":{"start":{"line":38,"column":37},"end":{"line":41,"column":8}},"11":{"start":{"line":46,"column":23},"end":{"line":46,"column":25}},"12":{"start":{"line":49,"column":4},"end":{"line":62,"column":5}},"13":{"start":{"line":50,"column":22},"end":{"line":50,"column":60}},"14":{"start":{"line":52,"column":6},"end":{"line":61,"column":7}},"15":{"start":{"line":53,"column":8},"end":{"line":57,"column":11}},"16":{"start":{"line":59,"column":8},"end":{"line":59,"column":32}},"17":{"start":{"line":60,"column":8},"end":{"line":60,"column":53}},"18":{"start":{"line":65,"column":4},"end":{"line":67,"column":5}},"19":{"start":{"line":66,"column":6},"end":{"line":66,"column":89}},"20":{"start":{"line":70,"column":4},"end":{"line":74,"column":7}},"21":{"start":{"line":77,"column":4},"end":{"line":77,"column":45}},"22":{"start":{"line":80,"column":4},"end":{"line":85,"column":7}},"23":{"start":{"line":86,"column":4},"end":{"line":86,"column":16}},"24":{"start":{"line":92,"column":2},"end":{"line":107,"column":3}},"25":{"start":{"line":93,"column":4},"end":{"line":104,"column":9}},"26":{"start":{"line":106,"column":4},"end":{"line":106,"column":62}}},"fnMap":{"0":{"name":"queryWithAI","decl":{"start":{"line":14,"column":23},"end":{"line":14,"column":34}},"loc":{"start":{"line":14,"column":108},"end":{"line":88,"column":1}}},"1":{"name":"(anonymous_2)","decl":{"start":{"line":38,"column":29},"end":{"line":38,"column":32}},"loc":{"start":{"line":38,"column":37},"end":{"line":41,"column":8}}},"2":{"name":"saveInteraction","decl":{"start":{"line":91,"column":15},"end":{"line":91,"column":30}},"loc":{"start":{"line":91,"column":78},"end":{"line":108,"column":1}}}},"branchMap":{"0":{"loc":{"start":{"line":11,"column":10},"end":{"line":11,"column":68}},"type":"binary-expr","locations":[{"start":{"line":11,"column":10},"end":{"line":11,"column":38}},{"start":{"line":11,"column":42},"end":{"line":11,"column":68}}]},"1":{"loc":{"start":{"line":50,"column":22},"end":{"line":50,"column":60}},"type":"binary-expr","locations":[{"start":{"line":50,"column":22},"end":{"line":50,"column":54}},{"start":{"line":50,"column":58},"end":{"line":50,"column":60}}]},"2":{"loc":{"start":{"line":52,"column":6},"end":{"line":61,"column":7}},"type":"if","locations":[{"start":{"line":52,"column":6},"end":{"line":61,"column":7}}]},"3":{"loc":{"start":{"line":65,"column":4},"end":{"line":67,"column":5}},"type":"if","locations":[{"start":{"line":65,"column":4},"end":{"line":67,"column":5}}]},"4":{"loc":{"start":{"line":81,"column":13},"end":{"line":81,"column":69}},"type":"cond-expr","locations":[{"start":{"line":81,"column":38},"end":{"line":81,"column":51}},{"start":{"line":81,"column":54},"end":{"line":81,"column":69}}]},"5":{"loc":{"start":{"line":82,"column":13},"end":{"line":82,"column":61}},"type":"cond-expr","locations":[{"start":{"line":82,"column":38},"end":{"line":82,"column":49}},{"start":{"line":82,"column":52},"end":{"line":82,"column":61}}]}},"s":{"0":0,"1":0,"2":0,"3":0,"4":0,"5":0,"6":0,"7":0,"8":0,"9":0,"10":0,"11":0,"12":0,"13":0,"14":0,"15":0,"16":0,"17":0,"18":0,"19":0,"20":0,"21":0,"22":0,"23":0,"24":0,"25":0,"26":0},"f":{"0":0,"1":0,"2":0},"b":{"0":[0,0],"1":[0,0],"2":[0],"3":[0],"4":[0,0],"5":[0,0]}}
,"/home/runner/workspace/server/services/serviceInitializer.ts": {"path":"/home/runner/workspace/server/services/serviceInitializer.ts","statementMap":{"0":{"start":{"line":4,"column":0},"end":{"line":4,"column":54}},"1":{"start":{"line":6,"column":0},"end":{"line":6,"column":60}},"2":{"start":{"line":7,"column":0},"end":{"line":7,"column":37}},"3":{"start":{"line":17,"column":4},"end":{"line":42,"column":5}},"4":{"start":{"line":18,"column":6},"end":{"line":18,"column":56}},"5":{"start":{"line":21,"column":6},"end":{"line":21,"column":38}},"6":{"start":{"line":24,"column":6},"end":{"line":24,"column":43}},"7":{"start":{"line":27,"column":6},"end":{"line":31,"column":7}},"8":{"start":{"line":28,"column":8},"end":{"line":28,"column":35}},"9":{"start":{"line":30,"column":8},"end":{"line":30,"column":71}},"10":{"start":{"line":33,"column":6},"end":{"line":33,"column":67}},"11":{"start":{"line":35,"column":6},"end":{"line":38,"column":9}},"12":{"start":{"line":49,"column":4},"end":{"line":63,"column":5}},"13":{"start":{"line":50,"column":6},"end":{"line":50,"column":55}},"14":{"start":{"line":59,"column":6},"end":{"line":59,"column":64}},"15":{"start":{"line":61,"column":6},"end":{"line":61,"column":61}},"16":{"start":{"line":62,"column":6},"end":{"line":62,"column":18}},"17":{"start":{"line":70,"column":4},"end":{"line":87,"column":5}},"18":{"start":{"line":71,"column":6},"end":{"line":71,"column":60}},"19":{"start":{"line":74,"column":6},"end":{"line":81,"column":7}},"20":{"start":{"line":76,"column":30},"end":{"line":76,"column":99}},"21":{"start":{"line":77,"column":8},"end":{"line":77,"column":73}},"22":{"start":{"line":79,"column":8},"end":{"line":79,"column":61}},"23":{"start":{"line":80,"column":8},"end":{"line":80,"column":93}},"24":{"start":{"line":83,"column":6},"end":{"line":83,"column":69}},"25":{"start":{"line":85,"column":6},"end":{"line":85,"column":74}},"26":{"start":{"line":86,"column":6},"end":{"line":86,"column":18}},"27":{"start":{"line":94,"column":4},"end":{"line":107,"column":5}},"28":{"start":{"line":95,"column":6},"end":{"line":95,"column":49}},"29":{"start":{"line":98,"column":6},"end":{"line":98,"column":50}},"30":{"start":{"line":101,"column":6},"end":{"line":101,"column":54}},"31":{"start":{"line":103,"column":6},"end":{"line":103,"column":58}},"32":{"start":{"line":105,"column":6},"end":{"line":105,"column":62}},"33":{"start":{"line":115,"column":4},"end":{"line":125,"column":5}},"34":{"start":{"line":116,"column":6},"end":{"line":116,"column":47}},"35":{"start":{"line":119,"column":6},"end":{"line":119,"column":40}},"36":{"start":{"line":121,"column":6},"end":{"line":121,"column":53}},"37":{"start":{"line":123,"column":6},"end":{"line":123,"column":59}},"38":{"start":{"line":130,"column":13},"end":{"line":130,"column":59}}},"fnMap":{"0":{"name":"(anonymous_1)","decl":{"start":{"line":16,"column":2},"end":{"line":16,"column":7}},"loc":{"start":{"line":16,"column":26},"end":{"line":43,"column":3}}},"1":{"name":"(anonymous_2)","decl":{"start":{"line":48,"column":10},"end":{"line":48,"column":15}},"loc":{"start":{"line":48,"column":34},"end":{"line":64,"column":3}}},"2":{"name":"(anonymous_3)","decl":{"start":{"line":69,"column":10},"end":{"line":69,"column":15}},"loc":{"start":{"line":69,"column":39},"end":{"line":88,"column":3}}},"3":{"name":"(anonymous_4)","decl":{"start":{"line":93,"column":10},"end":{"line":93,"column":29}},"loc":{"start":{"line":93,"column":29},"end":{"line":108,"column":3}}},"4":{"name":"(anonymous_5)","decl":{"start":{"line":114,"column":2},"end":{"line":114,"column":7}},"loc":{"start":{"line":114,"column":24},"end":{"line":126,"column":3}}}},"branchMap":{"0":{"loc":{"start":{"line":27,"column":6},"end":{"line":31,"column":7}},"type":"if","locations":[{"start":{"line":27,"column":6},"end":{"line":31,"column":7}},{"start":{"line":29,"column":13},"end":{"line":31,"column":7}}]},"1":{"loc":{"start":{"line":36,"column":15},"end":{"line":36,"column":69}},"type":"cond-expr","locations":[{"start":{"line":36,"column":40},"end":{"line":36,"column":53}},{"start":{"line":36,"column":56},"end":{"line":36,"column":69}}]},"2":{"loc":{"start":{"line":37,"column":15},"end":{"line":37,"column":63}},"type":"cond-expr","locations":[{"start":{"line":37,"column":40},"end":{"line":37,"column":51}},{"start":{"line":37,"column":54},"end":{"line":37,"column":63}}]}},"s":{"0":0,"1":0,"2":0,"3":0,"4":0,"5":0,"6":0,"7":0,"8":0,"9":0,"10":0,"11":0,"12":0,"13":0,"14":0,"15":0,"16":0,"17":0,"18":0,"19":0,"20":0,"21":0,"22":0,"23":0,"24":0,"25":0,"26":0,"27":0,"28":0,"29":0,"30":0,"31":0,"32":0,"33":0,"34":0,"35":0,"36":0,"37":0,"38":0},"f":{"0":0,"1":0,"2":0,"3":0,"4":0},"b":{"0":[0,0],"1":[0,0],"2":[0,0]}}
,"/home/runner/workspace/server/services/supplements.ts": {"path":"/home/runner/workspace/server/services/supplements.ts","statementMap":{"0":{"start":{"line":2,"column":0},"end":{"line":2,"column":49}},"1":{"start":{"line":3,"column":0},"end":{"line":3,"column":25}},"2":{"start":{"line":4,"column":0},"end":{"line":4,"column":34}},"3":{"start":{"line":5,"column":0},"end":{"line":5,"column":37}},"4":{"start":{"line":13,"column":36},"end":{"line":13,"column":50}},"5":{"start":{"line":14,"column":31},"end":{"line":14,"column":35}},"6":{"start":{"line":17,"column":4},"end":{"line":17,"column":27}},"7":{"start":{"line":18,"column":4},"end":{"line":18,"column":29}},"8":{"start":{"line":19,"column":4},"end":{"line":19,"column":24}},"9":{"start":{"line":20,"column":4},"end":{"line":20,"column":24}},"10":{"start":{"line":21,"column":4},"end":{"line":21,"column":29}},"11":{"start":{"line":25,"column":4},"end":{"line":51,"column":5}},"12":{"start":{"line":26,"column":6},"end":{"line":26,"column":56}},"13":{"start":{"line":29,"column":32},"end":{"line":36,"column":30}},"14":{"start":{"line":38,"column":6},"end":{"line":38,"column":29}},"15":{"start":{"line":39,"column":6},"end":{"line":39,"column":46}},"16":{"start":{"line":41,"column":6},"end":{"line":41,"column":30}},"17":{"start":{"line":42,"column":6},"end":{"line":42,"column":34}},"18":{"start":{"line":45,"column":6},"end":{"line":45,"column":38}},"19":{"start":{"line":47,"column":6},"end":{"line":47,"column":76}},"20":{"start":{"line":49,"column":6},"end":{"line":49,"column":69}},"21":{"start":{"line":50,"column":6},"end":{"line":50,"column":18}},"22":{"start":{"line":55,"column":4},"end":{"line":57,"column":5}},"23":{"start":{"line":56,"column":6},"end":{"line":56,"column":38}},"24":{"start":{"line":58,"column":4},"end":{"line":58,"column":81}},"25":{"start":{"line":58,"column":41},"end":{"line":58,"column":58}},"26":{"start":{"line":62,"column":17},"end":{"line":62,"column":31}},"27":{"start":{"line":64,"column":4},"end":{"line":82,"column":5}},"28":{"start":{"line":65,"column":26},"end":{"line":73,"column":30}},"29":{"start":{"line":75,"column":6},"end":{"line":75,"column":42}},"30":{"start":{"line":75,"column":36},"end":{"line":75,"column":42}},"31":{"start":{"line":77,"column":6},"end":{"line":77,"column":40}},"32":{"start":{"line":78,"column":6},"end":{"line":78,"column":31}},"33":{"start":{"line":81,"column":6},"end":{"line":81,"column":61}},"34":{"start":{"line":81,"column":35},"end":{"line":81,"column":59}},"35":{"start":{"line":86,"column":4},"end":{"line":86,"column":74}},"36":{"start":{"line":87,"column":4},"end":{"line":87,"column":43}},"37":{"start":{"line":91,"column":4},"end":{"line":121,"column":5}},"38":{"start":{"line":92,"column":6},"end":{"line":95,"column":7}},"39":{"start":{"line":93,"column":8},"end":{"line":93,"column":80}},"40":{"start":{"line":94,"column":8},"end":{"line":94,"column":32}},"41":{"start":{"line":97,"column":6},"end":{"line":97,"column":66}},"42":{"start":{"line":100,"column":26},"end":{"line":100,"column":56}},"43":{"start":{"line":102,"column":6},"end":{"line":104,"column":7}},"44":{"start":{"line":103,"column":8},"end":{"line":103,"column":27}},"45":{"start":{"line":107,"column":24},"end":{"line":115,"column":42}},"46":{"start":{"line":117,"column":6},"end":{"line":117,"column":44}},"47":{"start":{"line":119,"column":6},"end":{"line":119,"column":58}},"48":{"start":{"line":120,"column":6},"end":{"line":120,"column":16}},"49":{"start":{"line":125,"column":13},"end":{"line":125,"column":57}}},"fnMap":{"0":{"name":"(anonymous_0)","decl":{"start":{"line":16,"column":2},"end":{"line":16,"column":null}},"loc":{"start":{"line":16,"column":2},"end":{"line":22,"column":3}}},"1":{"name":"(anonymous_1)","decl":{"start":{"line":24,"column":2},"end":{"line":24,"column":7}},"loc":{"start":{"line":24,"column":18},"end":{"line":52,"column":3}}},"2":{"name":"(anonymous_2)","decl":{"start":{"line":54,"column":10},"end":{"line":54,"column":30}},"loc":{"start":{"line":54,"column":30},"end":{"line":59,"column":3}}},"3":{"name":"(anonymous_3)","decl":{"start":{"line":58,"column":35},"end":{"line":58,"column":38}},"loc":{"start":{"line":58,"column":41},"end":{"line":58,"column":58}}},"4":{"name":"(anonymous_4)","decl":{"start":{"line":61,"column":10},"end":{"line":61,"column":15}},"loc":{"start":{"line":61,"column":40},"end":{"line":83,"column":3}}},"5":{"name":"(anonymous_5)","decl":{"start":{"line":81,"column":24},"end":{"line":81,"column":31}},"loc":{"start":{"line":81,"column":35},"end":{"line":81,"column":59}}},"6":{"name":"(anonymous_6)","decl":{"start":{"line":85,"column":10},"end":{"line":85,"column":25}},"loc":{"start":{"line":85,"column":44},"end":{"line":88,"column":3}}},"7":{"name":"(anonymous_7)","decl":{"start":{"line":90,"column":2},"end":{"line":90,"column":7}},"loc":{"start":{"line":90,"column":47},"end":{"line":122,"column":3}}}},"branchMap":{"0":{"loc":{"start":{"line":55,"column":4},"end":{"line":57,"column":5}},"type":"if","locations":[{"start":{"line":55,"column":4},"end":{"line":57,"column":5}}]},"1":{"loc":{"start":{"line":75,"column":6},"end":{"line":75,"column":42}},"type":"if","locations":[{"start":{"line":75,"column":6},"end":{"line":75,"column":42}}]},"2":{"loc":{"start":{"line":90,"column":30},"end":{"line":90,"column":47}},"type":"default-arg","locations":[{"start":{"line":90,"column":46},"end":{"line":90,"column":47}}]},"3":{"loc":{"start":{"line":92,"column":6},"end":{"line":95,"column":7}},"type":"if","locations":[{"start":{"line":92,"column":6},"end":{"line":95,"column":7}}]},"4":{"loc":{"start":{"line":102,"column":6},"end":{"line":104,"column":7}},"type":"if","locations":[{"start":{"line":102,"column":6},"end":{"line":104,"column":7}}]}},"s":{"0":0,"1":0,"2":0,"3":0,"4":0,"5":0,"6":0,"7":0,"8":0,"9":0,"10":0,"11":0,"12":0,"13":0,"14":0,"15":0,"16":0,"17":0,"18":0,"19":0,"20":0,"21":0,"22":0,"23":0,"24":0,"25":0,"26":0,"27":0,"28":0,"29":0,"30":0,"31":0,"32":0,"33":0,"34":0,"35":0,"36":0,"37":0,"38":0,"39":0,"40":0,"41":0,"42":0,"43":0,"44":0,"45":0,"46":0,"47":0,"48":0,"49":0},"f":{"0":0,"1":0,"2":0,"3":0,"4":0,"5":0,"6":0,"7":0},"b":{"0":[0],"1":[0],"2":[0],"3":[0],"4":[0]}}
}
