TN:
SF:server/openai.ts
FN:38,chatWithAI
FN:44,(anonymous_2)
FN:63,(anonymous_3)
FN:129,estimateTokenCount
FN:141,logTokenUsage
FNF:5
FNH:0
FNDA:0,chatWithAI
FNDA:0,(anonymous_2)
FNDA:0,(anonymous_3)
FNDA:0,estimateTokenCount
FNDA:0,logTokenUsage
DA:4,0
DA:5,0
DA:8,0
DA:9,0
DA:14,0
DA:21,0
DA:27,0
DA:38,0
DA:42,0
DA:44,0
DA:46,0
DA:49,0
DA:51,0
DA:59,0
DA:63,0
DA:72,0
DA:74,0
DA:77,0
DA:78,0
DA:79,0
DA:81,0
DA:82,0
DA:88,0
DA:89,0
DA:92,0
DA:97,0
DA:103,0
DA:105,0
DA:114,0
DA:116,0
DA:120,0
DA:129,0
DA:132,0
DA:141,0
DA:142,0
DA:143,0
DA:144,0
DA:146,0
LF:38
LH:0
BRDA:8,0,0,0
BRDA:8,1,0,0
BRDA:8,1,1,0
BRDA:15,2,0,0
BRDA:15,2,1,0
BRDA:49,3,0,0
BRDA:49,3,1,0
BRDA:79,4,0,0
BRDA:79,4,1,0
BRDA:81,5,0,0
BRDA:106,6,0,0
BRDA:106,6,1,0
BRDA:107,7,0,0
BRDA:107,7,1,0
BRDA:108,8,0,0
BRDA:108,8,1,0
BRDA:114,9,0,0
BRDA:114,10,0,0
BRDA:114,10,1,0
BRDA:114,10,2,0
BRF:20
BRH:0
end_of_record
TN:
SF:server/cron/summarizeChats.ts
FN:6,runChatSummarization
FNF:1
FNH:0
FNDA:0,runChatSummarization
DA:2,0
DA:4,0
DA:6,0
DA:7,0
DA:9,0
DA:10,0
DA:11,0
DA:13,0
LF:8
LH:0
BRF:0
BRH:0
end_of_record
TN:
SF:server/cron/summaryManager.ts
FN:17,(anonymous_1)
FN:38,(anonymous_2)
FN:43,(anonymous_3)
FN:53,(anonymous_4)
FN:78,(anonymous_5)
FN:83,(anonymous_6)
FN:92,(anonymous_7)
FN:108,(anonymous_8)
FN:125,(anonymous_9)
FN:144,(anonymous_10)
FNF:10
FNH:8
FNDA:1,(anonymous_1)
FNDA:1,(anonymous_2)
FNDA:0,(anonymous_3)
FNDA:1,(anonymous_4)
FNDA:1,(anonymous_5)
FNDA:0,(anonymous_6)
FNDA:3,(anonymous_7)
FNDA:3,(anonymous_8)
FNDA:2,(anonymous_9)
FNDA:12,(anonymous_10)
DA:3,1
DA:4,1
DA:10,1
DA:11,1
DA:18,1
DA:19,0
DA:22,1
DA:25,1
DA:26,1
DA:27,1
DA:30,1
DA:31,1
DA:34,1
DA:35,1
DA:38,1
DA:40,1
DA:43,1
DA:44,0
DA:54,1
DA:55,0
DA:58,1
DA:61,1
DA:62,1
DA:63,1
DA:66,1
DA:67,1
DA:70,1
DA:71,0
DA:74,1
DA:75,1
DA:78,1
DA:80,1
DA:83,1
DA:84,0
DA:93,3
DA:94,3
DA:95,3
DA:96,3
DA:98,3
DA:99,3
DA:101,0
DA:109,3
DA:110,3
DA:111,3
DA:112,3
DA:114,3
DA:115,3
DA:117,0
DA:126,2
DA:127,2
DA:130,2
DA:133,2
DA:135,2
DA:137,0
DA:145,12
DA:146,1
DA:147,1
DA:150,12
DA:151,1
DA:152,1
DA:155,12
DA:160,1
LF:62
LH:54
BRDA:17,0,0,0
BRDA:18,1,0,0
BRDA:30,2,0,1
BRDA:53,3,0,0
BRDA:53,4,0,0
BRDA:54,5,0,0
BRDA:70,6,0,0
BRDA:70,7,0,1
BRDA:70,7,1,0
BRDA:145,8,0,1
BRDA:150,9,0,1
BRF:11
BRH:4
end_of_record
TN:
SF:server/services/advancedSummaryService.ts
FN:47,(anonymous_1)
FN:97,(anonymous_2)
FN:101,(anonymous_3)
FN:108,(anonymous_4)
FN:119,(anonymous_5)
FN:120,(anonymous_6)
FN:199,(anonymous_7)
FN:220,(anonymous_8)
FN:291,(anonymous_9)
FN:304,(anonymous_10)
FN:320,(anonymous_11)
FN:379,(anonymous_12)
FN:436,(anonymous_13)
FN:479,(anonymous_14)
FN:533,(anonymous_15)
FN:603,(anonymous_16)
FNF:16
FNH:0
FNDA:0,(anonymous_1)
FNDA:0,(anonymous_2)
FNDA:0,(anonymous_3)
FNDA:0,(anonymous_4)
FNDA:0,(anonymous_5)
FNDA:0,(anonymous_6)
FNDA:0,(anonymous_7)
FNDA:0,(anonymous_8)
FNDA:0,(anonymous_9)
FNDA:0,(anonymous_10)
FNDA:0,(anonymous_11)
FNDA:0,(anonymous_12)
FNDA:0,(anonymous_13)
FNDA:0,(anonymous_14)
FNDA:0,(anonymous_15)
FNDA:0,(anonymous_16)
DA:4,0
DA:5,0
DA:6,0
DA:7,0
DA:8,0
DA:9,0
DA:12,0
DA:21,0
DA:22,0
DA:23,0
DA:26,0
DA:48,0
DA:50,0
DA:51,0
DA:53,0
DA:54,0
DA:56,0
DA:59,0
DA:80,0
DA:91,0
DA:92,0
DA:93,0
DA:97,0
DA:98,0
DA:99,0
DA:101,0
DA:105,0
DA:108,0
DA:109,0
DA:112,0
DA:113,0
DA:115,0
DA:116,0
DA:118,0
DA:119,0
DA:120,0
DA:127,0
DA:131,0
DA:132,0
DA:143,0
DA:158,0
DA:161,0
DA:179,0
DA:180,0
DA:183,0
DA:184,0
DA:187,0
DA:188,0
DA:200,0
DA:202,0
DA:214,0
DA:215,0
DA:216,0
DA:220,0
DA:221,0
DA:222,0
DA:226,0
DA:241,0
DA:256,0
DA:259,0
DA:275,0
DA:276,0
DA:279,0
DA:280,0
DA:283,0
DA:284,0
DA:292,0
DA:295,0
DA:302,0
DA:303,0
DA:304,0
DA:306,0
DA:307,0
DA:308,0
DA:313,0
DA:321,0
DA:323,0
DA:324,0
DA:326,0
DA:327,0
DA:330,0
DA:341,0
DA:344,0
DA:345,0
DA:348,0
DA:360,0
DA:361,0
DA:362,0
DA:366,0
DA:369,0
DA:371,0
DA:380,0
DA:382,0
DA:383,0
DA:384,0
DA:387,0
DA:388,0
DA:391,0
DA:397,0
DA:400,0
DA:401,0
DA:404,0
DA:416,0
DA:417,0
DA:418,0
DA:422,0
DA:425,0
DA:427,0
DA:437,0
DA:438,0
DA:439,0
DA:441,0
DA:442,0
DA:448,0
DA:449,0
DA:450,0
DA:453,0
DA:454,0
DA:457,0
DA:472,0
DA:473,0
DA:474,0
DA:477,0
DA:479,0
DA:483,0
DA:484,0
DA:487,0
DA:488,0
DA:489,0
DA:493,0
DA:501,0
DA:512,0
DA:515,0
DA:516,0
DA:519,0
DA:521,0
DA:522,0
DA:534,0
DA:536,0
DA:539,0
DA:541,0
DA:542,0
DA:544,0
DA:550,0
DA:551,0
DA:557,0
DA:559,0
DA:560,0
DA:566,0
DA:567,0
DA:575,0
DA:591,0
DA:592,0
DA:603,0
DA:605,0
DA:606,0
DA:612,0
LF:157
LH:0
BRDA:91,0,0,0
BRDA:91,1,0,0
BRDA:91,1,1,0
BRDA:99,2,0,0
BRDA:99,2,1,0
BRDA:105,3,0,0
BRDA:105,3,1,0
BRDA:116,4,0,0
BRDA:136,5,0,0
BRDA:136,5,1,0
BRDA:139,6,0,0
BRDA:139,6,1,0
BRDA:158,7,0,0
BRDA:158,7,1,0
BRDA:179,8,0,0
BRDA:184,9,0,0
BRDA:184,9,1,0
BRDA:214,10,0,0
BRDA:256,11,0,0
BRDA:256,11,1,0
BRDA:275,12,0,0
BRDA:280,13,0,0
BRDA:280,13,1,0
BRDA:304,14,0,0
BRDA:307,15,0,0
BRDA:307,16,0,0
BRDA:307,16,1,0
BRDA:320,17,0,0
BRDA:360,18,0,0
BRDA:379,19,0,0
BRDA:416,20,0,0
BRDA:441,21,0,0
BRDA:441,21,1,0
BRDA:448,22,0,0
BRDA:472,23,0,0
BRDA:477,24,0,0
BRDA:477,24,1,0
BRDA:483,25,0,0
BRDA:483,25,1,0
BRDA:487,26,0,0
BRDA:512,27,0,0
BRDA:512,27,1,0
BRDA:515,28,0,0
BRDA:533,29,0,0
BRDA:542,30,0,0
BRDA:542,30,1,0
BRDA:550,31,0,0
BRDA:557,32,0,0
BRDA:559,33,0,0
BRDA:559,33,1,0
BRDA:566,34,0,0
BRDA:591,35,0,0
BRF:52
BRH:0
end_of_record
TN:
SF:server/services/emailService.ts
FN:40,sendEmail
FNF:1
FNH:1
FNDA:2,sendEmail
DA:1,1
DA:2,1
DA:5,1
DA:6,1
DA:10,1
DA:40,1
DA:41,2
DA:43,2
DA:44,0
DA:45,0
DA:48,2
DA:49,0
DA:50,0
DA:54,2
DA:55,0
DA:56,0
DA:60,2
DA:71,2
DA:73,1
DA:74,1
DA:75,1
DA:77,0
DA:81,0
DA:84,1
DA:89,1
LF:25
LH:17
BRDA:5,0,0,1
BRDA:12,1,0,1
BRDA:12,1,1,0
BRDA:14,2,0,1
BRDA:14,2,1,1
BRDA:15,3,0,1
BRDA:15,3,1,1
BRDA:16,4,0,1
BRDA:16,4,1,1
BRDA:17,5,0,1
BRDA:17,5,1,1
BRDA:18,6,0,1
BRDA:18,6,1,1
BRDA:19,7,0,1
BRDA:19,7,1,1
BRDA:43,8,0,0
BRDA:48,9,0,0
BRDA:48,10,0,2
BRDA:48,10,1,0
BRDA:54,11,0,0
BRDA:73,12,0,1
BRDA:73,12,1,0
BRDA:73,13,0,1
BRDA:73,13,1,1
BRDA:73,13,2,1
BRDA:85,14,0,1
BRDA:85,14,1,0
BRDA:86,15,0,1
BRDA:86,15,1,0
BRF:29
BRH:21
end_of_record
TN:
SF:server/services/embeddingService.ts
FN:34,(anonymous_1)
FN:58,(anonymous_2)
FN:78,(anonymous_3)
FN:98,(anonymous_4)
FN:121,(anonymous_5)
FN:166,(anonymous_6)
FN:167,(anonymous_7)
FN:181,(anonymous_8)
FN:235,(anonymous_9)
FN:270,initialize
FNF:10
FNH:0
FNDA:0,(anonymous_1)
FNDA:0,(anonymous_2)
FNDA:0,(anonymous_3)
FNDA:0,(anonymous_4)
FNDA:0,(anonymous_5)
FNDA:0,(anonymous_6)
FNDA:0,(anonymous_7)
FNDA:0,(anonymous_8)
FNDA:0,(anonymous_9)
FNDA:0,initialize
DA:3,0
DA:4,0
DA:7,0
DA:8,0
DA:9,0
DA:12,0
DA:15,0
DA:24,0
DA:25,0
DA:26,0
DA:27,0
DA:35,0
DA:36,0
DA:39,0
DA:40,0
DA:42,0
DA:43,0
DA:44,0
DA:47,0
DA:48,0
DA:50,0
DA:51,0
DA:59,0
DA:60,0
DA:65,0
DA:67,0
DA:71,0
DA:79,0
DA:80,0
DA:82,0
DA:88,0
DA:90,0
DA:91,0
DA:99,0
DA:100,0
DA:102,0
DA:107,0
DA:109,0
DA:110,0
DA:122,0
DA:123,0
DA:126,0
DA:146,0
DA:163,0
DA:166,0
DA:167,0
DA:170,0
DA:172,0
DA:173,0
DA:182,0
DA:183,0
DA:185,0
DA:191,0
DA:192,0
DA:195,0
DA:196,0
DA:197,0
DA:200,0
DA:203,0
DA:217,0
DA:218,0
DA:222,0
DA:223,0
DA:227,0
DA:228,0
DA:236,0
DA:237,0
DA:239,0
DA:245,0
DA:246,0
DA:249,0
DA:255,0
DA:256,0
DA:260,0
DA:261,0
DA:271,0
DA:273,0
DA:274,0
DA:275,0
DA:277,0
DA:278,0
DA:283,0
DA:284,0
LF:83
LH:0
BRDA:16,0,0,0
BRDA:16,0,1,0
BRDA:39,1,0,0
BRDA:39,1,1,0
BRDA:42,2,0,0
BRDA:42,3,0,0
BRDA:42,3,1,0
BRDA:68,4,0,0
BRDA:68,4,1,0
BRDA:121,5,0,0
BRDA:191,6,0,0
BRDA:196,7,0,0
BRDA:196,7,1,0
BRDA:200,8,0,0
BRDA:200,8,1,0
BRDA:217,9,0,0
BRDA:218,10,0,0
BRDA:218,10,1,0
BRDA:218,11,0,0
BRDA:218,11,1,0
BRDA:222,12,0,0
BRDA:245,13,0,0
BRDA:255,14,0,0
BRF:23
BRH:0
end_of_record
TN:
SF:server/services/llmContextService.ts
FN:19,constructUserContext
FN:67,(anonymous_2)
FN:67,(anonymous_3)
FN:80,(anonymous_4)
FN:80,(anonymous_5)
FN:88,(anonymous_6)
FN:89,(anonymous_7)
FN:100,(anonymous_8)
FN:100,(anonymous_9)
FN:103,(anonymous_10)
FNF:10
FNH:0
FNDA:0,constructUserContext
FNDA:0,(anonymous_2)
FNDA:0,(anonymous_3)
FNDA:0,(anonymous_4)
FNDA:0,(anonymous_5)
FNDA:0,(anonymous_6)
FNDA:0,(anonymous_7)
FNDA:0,(anonymous_8)
FNDA:0,(anonymous_9)
FNDA:0,(anonymous_10)
DA:4,0
DA:6,0
DA:7,0
DA:8,0
DA:9,0
DA:10,0
DA:11,0
DA:19,0
DA:20,0
DA:21,0
DA:22,0
DA:23,0
DA:26,0
DA:30,0
DA:31,0
DA:33,0
DA:37,0
DA:42,0
DA:53,0
DA:56,0
DA:57,0
DA:58,0
DA:59,0
DA:62,0
DA:63,0
DA:64,0
DA:67,0
DA:68,0
DA:69,0
DA:72,0
DA:73,0
DA:75,0
DA:80,0
DA:81,0
DA:84,0
DA:85,0
DA:86,0
DA:87,0
DA:88,0
DA:89,0
DA:96,0
DA:100,0
DA:101,0
DA:103,0
DA:107,0
DA:111,0
DA:134,0
DA:136,0
DA:138,0
DA:145,0
LF:50
LH:0
BRDA:22,0,0,0
BRDA:42,1,0,0
BRDA:42,1,1,0
BRDA:43,2,0,0
BRDA:43,2,1,0
BRDA:44,3,0,0
BRDA:44,3,1,0
BRDA:45,4,0,0
BRDA:45,4,1,0
BRDA:46,5,0,0
BRDA:46,5,1,0
BRDA:47,6,0,0
BRDA:47,6,1,0
BRDA:48,7,0,0
BRDA:48,7,1,0
BRDA:72,8,0,0
BRDA:72,8,1,0
BRDA:86,9,0,0
BRDA:101,10,0,0
BRDA:101,10,1,0
BRDA:118,11,0,0
BRDA:118,11,1,0
BRDA:121,12,0,0
BRDA:121,12,1,0
BRDA:124,13,0,0
BRDA:124,13,1,0
BRDA:127,14,0,0
BRDA:127,14,1,0
BRDA:140,15,0,0
BRDA:140,15,1,0
BRDA:141,16,0,0
BRDA:141,16,1,0
BRF:32
BRH:0
end_of_record
TN:
SF:server/services/llmContextService_query.ts
FN:32,constructQueryContext
FN:71,(anonymous_2)
FN:74,(anonymous_3)
FN:81,(anonymous_4)
FN:84,(anonymous_5)
FN:92,(anonymous_6)
FN:93,(anonymous_7)
FN:106,(anonymous_8)
FN:109,(anonymous_9)
FN:112,(anonymous_10)
FNF:10
FNH:0
FNDA:0,constructQueryContext
FNDA:0,(anonymous_2)
FNDA:0,(anonymous_3)
FNDA:0,(anonymous_4)
FNDA:0,(anonymous_5)
FNDA:0,(anonymous_6)
FNDA:0,(anonymous_7)
FNDA:0,(anonymous_8)
FNDA:0,(anonymous_9)
FNDA:0,(anonymous_10)
DA:5,0
DA:6,0
DA:7,0
DA:8,0
DA:9,0
DA:12,0
DA:32,0
DA:33,0
DA:35,0
DA:36,0
DA:37,0
DA:45,0
DA:50,0
DA:55,0
DA:65,0
DA:68,0
DA:71,0
DA:72,0
DA:73,0
DA:74,0
DA:75,0
DA:76,0
DA:81,0
DA:82,0
DA:83,0
DA:84,0
DA:85,0
DA:88,0
DA:89,0
DA:90,0
DA:91,0
DA:92,0
DA:93,0
DA:100,0
DA:102,0
DA:106,0
DA:107,0
DA:108,0
DA:109,0
DA:110,0
DA:112,0
DA:116,0
DA:118,0
DA:122,0
DA:123,0
DA:127,0
DA:140,0
DA:142,0
DA:144,0
DA:150,0
LF:50
LH:0
BRDA:35,0,0,0
BRDA:35,1,0,0
BRDA:35,1,1,0
BRDA:55,2,0,0
BRDA:55,2,1,0
BRDA:56,3,0,0
BRDA:56,3,1,0
BRDA:57,4,0,0
BRDA:57,4,1,0
BRDA:58,5,0,0
BRDA:58,5,1,0
BRDA:59,6,0,0
BRDA:59,6,1,0
BRDA:60,7,0,0
BRDA:60,7,1,0
BRDA:61,8,0,0
BRDA:61,8,1,0
BRDA:72,9,0,0
BRDA:82,10,0,0
BRDA:90,11,0,0
BRDA:107,12,0,0
BRDA:110,13,0,0
BRDA:110,13,1,0
BRDA:122,14,0,0
BRDA:145,15,0,0
BRDA:145,15,1,0
BRDA:146,16,0,0
BRDA:146,16,1,0
BRF:28
BRH:0
end_of_record
TN:
SF:server/services/llmService.ts
FN:6,getUserDailyChatCount
FN:26,chatWithAI
FNF:2
FNH:0
FNDA:0,getUserDailyChatCount
FNDA:0,chatWithAI
DA:1,0
DA:2,0
DA:3,0
DA:4,0
DA:7,0
DA:8,0
DA:10,0
DA:21,0
DA:24,0
DA:26,0
DA:27,0
DA:28,0
DA:34,0
DA:36,0
DA:37,0
DA:38,0
DA:41,0
DA:42,0
DA:44,0
DA:45,0
DA:50,0
DA:59,0
DA:61,0
DA:67,0
LF:24
LH:0
BRDA:36,0,0,0
BRDA:36,1,0,0
BRDA:36,1,1,0
BRDA:44,2,0,0
BRDA:44,3,0,0
BRDA:44,3,1,0
BRDA:62,4,0,0
BRDA:62,4,1,0
BRDA:63,5,0,0
BRDA:63,5,1,0
BRF:10
BRH:0
end_of_record
TN:
SF:server/services/llmSummaryService.ts
FN:19,generateChatSummary
FN:48,summarizeOldChats
FN:71,(anonymous_8)
FN:74,(anonymous_9)
FN:81,(anonymous_10)
FN:82,(anonymous_11)
FN:105,(anonymous_12)
FN:113,(anonymous_13)
FNF:8
FNH:0
FNDA:0,generateChatSummary
FNDA:0,summarizeOldChats
FNDA:0,(anonymous_8)
FNDA:0,(anonymous_9)
FNDA:0,(anonymous_10)
FNDA:0,(anonymous_11)
FNDA:0,(anonymous_12)
FNDA:0,(anonymous_13)
DA:1,0
DA:2,0
DA:3,0
DA:19,0
DA:21,0
DA:31,0
DA:39,0
DA:42,0
DA:48,0
DA:49,0
DA:50,0
DA:51,0
DA:52,0
DA:55,0
DA:64,0
DA:65,0
DA:66,0
DA:68,0
DA:71,0
DA:72,0
DA:73,0
DA:74,0
DA:76,0
DA:81,0
DA:82,0
DA:85,0
DA:94,0
DA:95,0
DA:98,0
DA:105,0
DA:110,0
DA:113,0
LF:32
LH:0
BRDA:64,0,0,0
BRF:1
BRH:0
end_of_record
TN:
SF:server/services/logService.ts
FN:5,getQuantitativeLogs
FN:30,getQualitativeLogs
FN:61,getQueryChats
FNF:3
FNH:0
FNDA:0,getQuantitativeLogs
FNDA:0,getQualitativeLogs
FNDA:0,getQueryChats
DA:1,0
DA:2,0
DA:3,0
DA:5,0
DA:6,0
DA:7,0
DA:8,0
DA:11,0
DA:30,0
DA:31,0
DA:32,0
DA:49,0
DA:50,0
DA:53,0
DA:55,0
DA:56,0
DA:61,0
DA:62,0
DA:63,0
DA:70,0
DA:71,0
DA:74,0
DA:76,0
DA:77,0
LF:24
LH:0
BRDA:5,0,0,0
BRDA:7,1,0,0
BRDA:42,2,0,0
BRDA:42,2,1,0
BRDA:49,3,0,0
BRDA:66,4,0,0
BRDA:66,4,1,0
BRDA:70,5,0,0
BRF:8
BRH:0
end_of_record
TN:
SF:server/services/openaiQueryService.ts
FN:14,queryWithAI
FN:38,(anonymous_2)
FN:91,saveInteraction
FNF:3
FNH:0
FNDA:0,queryWithAI
FNDA:0,(anonymous_2)
FNDA:0,saveInteraction
DA:1,0
DA:3,0
DA:4,0
DA:7,0
DA:10,0
DA:14,0
DA:15,0
DA:17,0
DA:29,0
DA:36,0
DA:38,0
DA:46,0
DA:49,0
DA:50,0
DA:52,0
DA:53,0
DA:59,0
DA:60,0
DA:65,0
DA:66,0
DA:70,0
DA:77,0
DA:80,0
DA:86,0
DA:92,0
DA:93,0
DA:106,0
LF:27
LH:0
BRDA:11,0,0,0
BRDA:11,0,1,0
BRDA:50,1,0,0
BRDA:50,1,1,0
BRDA:52,2,0,0
BRDA:65,3,0,0
BRDA:81,4,0,0
BRDA:81,4,1,0
BRDA:82,5,0,0
BRDA:82,5,1,0
BRF:10
BRH:0
end_of_record
TN:
SF:server/services/serviceInitializer.ts
FN:17,(anonymous_1)
FN:49,(anonymous_2)
FN:70,(anonymous_3)
FN:94,(anonymous_4)
FN:115,(anonymous_5)
FNF:5
FNH:3
FNDA:1,(anonymous_1)
FNDA:0,(anonymous_2)
FNDA:0,(anonymous_3)
FNDA:2,(anonymous_4)
FNDA:1,(anonymous_5)
DA:3,1
DA:7,1
DA:8,1
DA:18,1
DA:19,1
DA:22,1
DA:25,1
DA:28,1
DA:29,0
DA:31,1
DA:34,1
DA:36,0
DA:50,0
DA:51,0
DA:54,0
DA:56,0
DA:57,0
DA:60,0
DA:62,0
DA:63,0
DA:71,0
DA:72,0
DA:75,0
DA:77,0
DA:78,0
DA:80,0
DA:81,0
DA:84,0
DA:86,0
DA:87,0
DA:95,2
DA:96,2
DA:99,2
DA:102,2
DA:104,2
DA:106,0
DA:116,1
DA:117,1
DA:120,1
DA:122,1
DA:124,0
DA:131,1
LF:42
LH:20
BRDA:28,0,0,0
BRDA:28,0,1,1
BRDA:37,1,0,0
BRDA:37,1,1,0
BRDA:38,2,0,0
BRDA:38,2,1,0
BRDA:56,3,0,0
BRF:7
BRH:1
end_of_record
TN:
SF:server/services/stripe.ts
FN:18,(anonymous_1)
FN:41,(anonymous_2)
FN:53,(anonymous_3)
FN:69,(anonymous_4)
FNF:4
FNH:0
FNDA:0,(anonymous_1)
FNDA:0,(anonymous_2)
FNDA:0,(anonymous_3)
FNDA:0,(anonymous_4)
DA:1,0
DA:2,0
DA:3,0
DA:4,0
DA:6,0
DA:7,0
DA:10,0
DA:14,0
DA:15,0
DA:17,0
DA:19,0
DA:21,0
DA:23,0
DA:42,0
DA:43,0
DA:54,0
DA:55,0
DA:57,0
DA:58,0
DA:59,0
DA:61,0
DA:65,0
DA:66,0
DA:70,0
LF:24
LH:0
BRDA:6,0,0,0
BRDA:18,1,0,0
BRDA:21,2,0,0
BRDA:33,3,0,0
BRDA:33,3,1,0
BRDA:48,4,0,0
BRDA:48,4,1,0
BRDA:55,5,0,0
BRDA:55,6,0,0
BRDA:55,6,1,0
BRDA:58,7,0,0
BRDA:58,7,1,0
BRF:12
BRH:0
end_of_record
TN:
SF:server/services/supplements.ts
FN:16,(anonymous_0)
FN:24,(anonymous_1)
FN:54,(anonymous_2)
FN:58,(anonymous_3)
FN:61,(anonymous_4)
FN:81,(anonymous_5)
FN:85,(anonymous_6)
FN:90,(anonymous_7)
FNF:8
FNH:0
FNDA:0,(anonymous_0)
FNDA:0,(anonymous_1)
FNDA:0,(anonymous_2)
FNDA:0,(anonymous_3)
FNDA:0,(anonymous_4)
FNDA:0,(anonymous_5)
FNDA:0,(anonymous_6)
FNDA:0,(anonymous_7)
DA:2,0
DA:3,0
DA:4,0
DA:5,0
DA:13,0
DA:14,0
DA:17,0
DA:18,0
DA:19,0
DA:20,0
DA:21,0
DA:25,0
DA:26,0
DA:29,0
DA:38,0
DA:39,0
DA:41,0
DA:42,0
DA:45,0
DA:47,0
DA:49,0
DA:50,0
DA:55,0
DA:56,0
DA:58,0
DA:62,0
DA:64,0
DA:65,0
DA:75,0
DA:77,0
DA:78,0
DA:81,0
DA:86,0
DA:87,0
DA:91,0
DA:92,0
DA:93,0
DA:94,0
DA:97,0
DA:100,0
DA:102,0
DA:103,0
DA:107,0
DA:117,0
DA:119,0
DA:120,0
DA:125,0
LF:47
LH:0
BRDA:55,0,0,0
BRDA:75,1,0,0
BRDA:90,2,0,0
BRDA:92,3,0,0
BRDA:102,4,0,0
BRF:5
BRH:0
end_of_record
