TN:
SF:server/openai.ts
FN:100,chatWithAI
FN:106,(anonymous_1)
FN:125,(anonymous_2)
FN:198,estimateTokenCount
FN:210,logTokenUsage
FNF:5
FNH:0
FNDA:0,chatWithAI
FNDA:0,(anonymous_1)
FNDA:0,(anonymous_2)
FNDA:0,estimateTokenCount
FNDA:0,logTokenUsage
DA:8,0
DA:9,0
DA:14,0
DA:21,0
DA:48,0
DA:89,0
DA:104,0
DA:106,0
DA:108,0
DA:111,0
DA:113,0
DA:121,0
DA:125,0
DA:134,0
DA:136,0
DA:139,0
DA:140,0
DA:141,0
DA:143,0
DA:144,0
DA:150,0
DA:151,0
DA:154,0
DA:159,0
DA:165,0
DA:167,0
DA:176,0
DA:178,0
DA:182,0
DA:189,0
DA:201,0
DA:211,0
DA:212,0
DA:213,0
DA:215,0
LF:35
LH:0
BRDA:8,0,0,0
BRDA:8,1,0,0
BRDA:8,1,1,0
BRDA:15,2,0,0
BRDA:15,2,1,0
BRDA:111,3,0,0
BRDA:111,3,1,0
BRDA:141,4,0,0
BRDA:141,4,1,0
BRDA:143,5,0,0
BRDA:168,6,0,0
BRDA:168,6,1,0
BRDA:169,7,0,0
BRDA:169,7,1,0
BRDA:170,8,0,0
BRDA:170,8,1,0
BRDA:176,9,0,0
BRDA:176,10,0,0
BRDA:176,10,1,0
BRDA:176,10,2,0
BRDA:183,11,0,0
BRDA:183,11,1,0
BRDA:185,12,0,0
BRDA:185,12,1,0
BRF:24
BRH:0
end_of_record
TN:
SF:server/cron/summarizeChats.ts
FN:6,runChatSummarization
FNF:1
FNH:0
FNDA:0,runChatSummarization
DA:7,0
DA:9,0
DA:10,0
DA:11,0
DA:13,0
LF:5
LH:0
BRF:0
BRH:0
end_of_record
TN:
SF:server/cron/summaryManager.ts
FN:21,(anonymous_0)
FN:42,(anonymous_1)
FN:47,(anonymous_2)
FN:57,(anonymous_3)
FN:82,(anonymous_4)
FN:87,(anonymous_5)
FN:96,(anonymous_6)
FN:112,(anonymous_7)
FN:130,(anonymous_8)
FN:166,(anonymous_9)
FN:171,(anonymous_10)
FN:184,(anonymous_11)
FN:210,(anonymous_12)
FN:227,(anonymous_13)
FN:229,(anonymous_14)
FN:236,(anonymous_15)
FNF:16
FNH:0
FNDA:0,(anonymous_0)
FNDA:0,(anonymous_1)
FNDA:0,(anonymous_2)
FNDA:0,(anonymous_3)
FNDA:0,(anonymous_4)
FNDA:0,(anonymous_5)
FNDA:0,(anonymous_6)
FNDA:0,(anonymous_7)
FNDA:0,(anonymous_8)
FNDA:0,(anonymous_9)
FNDA:0,(anonymous_10)
FNDA:0,(anonymous_11)
FNDA:0,(anonymous_12)
FNDA:0,(anonymous_13)
FNDA:0,(anonymous_14)
FNDA:0,(anonymous_15)
DA:13,0
DA:14,0
DA:15,0
DA:22,0
DA:23,0
DA:26,0
DA:29,0
DA:30,0
DA:31,0
DA:34,0
DA:35,0
DA:38,0
DA:39,0
DA:42,0
DA:44,0
DA:47,0
DA:48,0
DA:58,0
DA:59,0
DA:62,0
DA:65,0
DA:66,0
DA:67,0
DA:70,0
DA:71,0
DA:74,0
DA:75,0
DA:78,0
DA:79,0
DA:82,0
DA:84,0
DA:87,0
DA:88,0
DA:97,0
DA:98,0
DA:99,0
DA:100,0
DA:102,0
DA:103,0
DA:105,0
DA:113,0
DA:114,0
DA:115,0
DA:116,0
DA:118,0
DA:119,0
DA:121,0
DA:131,0
DA:132,0
DA:135,0
DA:138,0
DA:139,0
DA:142,0
DA:145,0
DA:147,0
DA:152,0
DA:154,0
DA:155,0
DA:167,0
DA:169,0
DA:171,0
DA:172,0
DA:173,0
DA:174,0
DA:176,0
DA:185,0
DA:187,0
DA:194,0
DA:196,0
DA:199,0
DA:200,0
DA:201,0
DA:202,0
DA:203,0
DA:205,0
DA:206,0
DA:210,0
DA:212,0
DA:213,0
DA:217,0
DA:218,0
DA:221,0
DA:223,0
DA:228,0
DA:229,0
DA:230,0
DA:231,0
DA:233,0
DA:237,0
DA:238,0
DA:239,0
DA:242,0
DA:243,0
DA:244,0
DA:247,0
DA:248,0
DA:249,0
DA:252,0
DA:253,0
DA:254,0
DA:255,0
DA:258,0
DA:263,0
LF:103
LH:0
BRDA:21,0,0,0
BRDA:22,1,0,0
BRDA:34,2,0,0
BRDA:57,3,0,0
BRDA:57,4,0,0
BRDA:58,5,0,0
BRDA:74,6,0,0
BRDA:74,7,0,0
BRDA:74,7,1,0
BRDA:166,8,0,0
BRDA:202,9,0,0
BRDA:202,9,1,0
BRDA:217,10,0,0
BRDA:227,11,0,0
BRDA:237,12,0,0
BRDA:242,13,0,0
BRDA:247,14,0,0
BRDA:252,15,0,0
BRF:18
BRH:0
end_of_record
TN:
SF:server/cron/updateTrialStatuses.ts
FN:7,updateTrialStatuses
FNF:1
FNH:0
FNDA:0,updateTrialStatuses
DA:8,0
DA:11,0
DA:16,0
DA:17,0
LF:4
LH:0
BRF:0
BRH:0
end_of_record
TN:
SF:server/services/advancedSummaryService.ts
FN:61,(anonymous_0)
FN:111,(anonymous_1)
FN:115,(anonymous_2)
FN:122,(anonymous_3)
FN:133,(anonymous_4)
FN:134,(anonymous_5)
FN:213,(anonymous_6)
FN:234,(anonymous_7)
FN:305,(anonymous_8)
FN:318,(anonymous_9)
FN:334,(anonymous_10)
FN:393,(anonymous_11)
FN:450,(anonymous_12)
FN:493,(anonymous_13)
FN:547,(anonymous_14)
FN:617,(anonymous_15)
FN:630,(anonymous_16)
FN:659,(anonymous_17)
FN:686,(anonymous_18)
FNF:19
FNH:0
FNDA:0,(anonymous_0)
FNDA:0,(anonymous_1)
FNDA:0,(anonymous_2)
FNDA:0,(anonymous_3)
FNDA:0,(anonymous_4)
FNDA:0,(anonymous_5)
FNDA:0,(anonymous_6)
FNDA:0,(anonymous_7)
FNDA:0,(anonymous_8)
FNDA:0,(anonymous_9)
FNDA:0,(anonymous_10)
FNDA:0,(anonymous_11)
FNDA:0,(anonymous_12)
FNDA:0,(anonymous_13)
FNDA:0,(anonymous_14)
FNDA:0,(anonymous_15)
FNDA:0,(anonymous_16)
FNDA:0,(anonymous_17)
FNDA:0,(anonymous_18)
DA:11,0
DA:20,0
DA:21,0
DA:22,0
DA:25,0
DA:40,0
DA:62,0
DA:64,0
DA:65,0
DA:67,0
DA:68,0
DA:70,0
DA:73,0
DA:94,0
DA:105,0
DA:106,0
DA:107,0
DA:111,0
DA:112,0
DA:113,0
DA:115,0
DA:119,0
DA:122,0
DA:123,0
DA:126,0
DA:127,0
DA:129,0
DA:130,0
DA:132,0
DA:133,0
DA:134,0
DA:141,0
DA:145,0
DA:146,0
DA:157,0
DA:172,0
DA:175,0
DA:193,0
DA:194,0
DA:197,0
DA:198,0
DA:201,0
DA:202,0
DA:214,0
DA:216,0
DA:228,0
DA:229,0
DA:230,0
DA:234,0
DA:235,0
DA:236,0
DA:240,0
DA:255,0
DA:270,0
DA:273,0
DA:289,0
DA:290,0
DA:293,0
DA:294,0
DA:297,0
DA:298,0
DA:306,0
DA:309,0
DA:316,0
DA:317,0
DA:318,0
DA:320,0
DA:321,0
DA:322,0
DA:327,0
DA:335,0
DA:337,0
DA:338,0
DA:340,0
DA:341,0
DA:344,0
DA:355,0
DA:358,0
DA:359,0
DA:362,0
DA:374,0
DA:375,0
DA:376,0
DA:380,0
DA:383,0
DA:385,0
DA:394,0
DA:396,0
DA:397,0
DA:398,0
DA:401,0
DA:402,0
DA:405,0
DA:411,0
DA:414,0
DA:415,0
DA:418,0
DA:430,0
DA:431,0
DA:432,0
DA:436,0
DA:439,0
DA:441,0
DA:451,0
DA:452,0
DA:453,0
DA:455,0
DA:456,0
DA:462,0
DA:463,0
DA:464,0
DA:467,0
DA:468,0
DA:471,0
DA:486,0
DA:487,0
DA:488,0
DA:491,0
DA:493,0
DA:497,0
DA:498,0
DA:501,0
DA:502,0
DA:503,0
DA:507,0
DA:515,0
DA:526,0
DA:529,0
DA:530,0
DA:533,0
DA:535,0
DA:536,0
DA:548,0
DA:550,0
DA:553,0
DA:555,0
DA:556,0
DA:558,0
DA:564,0
DA:565,0
DA:571,0
DA:573,0
DA:574,0
DA:580,0
DA:581,0
DA:589,0
DA:605,0
DA:606,0
DA:617,0
DA:619,0
DA:620,0
DA:631,0
DA:632,0
DA:633,0
DA:635,0
DA:638,0
DA:659,0
DA:661,0
DA:662,0
DA:663,0
DA:667,0
DA:668,0
DA:669,0
DA:670,0
DA:671,0
DA:673,0
DA:677,0
DA:679,0
DA:680,0
DA:681,0
DA:683,0
DA:684,0
DA:686,0
DA:690,0
DA:692,0
DA:696,0
DA:711,0
DA:714,0
DA:728,0
DA:734,0
DA:735,0
DA:738,0
DA:739,0
DA:742,0
DA:743,0
DA:749,0
LF:186
LH:0
BRDA:105,0,0,0
BRDA:105,1,0,0
BRDA:105,1,1,0
BRDA:113,2,0,0
BRDA:113,2,1,0
BRDA:119,3,0,0
BRDA:119,3,1,0
BRDA:130,4,0,0
BRDA:150,5,0,0
BRDA:150,5,1,0
BRDA:153,6,0,0
BRDA:153,6,1,0
BRDA:172,7,0,0
BRDA:172,7,1,0
BRDA:193,8,0,0
BRDA:198,9,0,0
BRDA:198,9,1,0
BRDA:228,10,0,0
BRDA:270,11,0,0
BRDA:270,11,1,0
BRDA:289,12,0,0
BRDA:294,13,0,0
BRDA:294,13,1,0
BRDA:318,14,0,0
BRDA:321,15,0,0
BRDA:321,16,0,0
BRDA:321,16,1,0
BRDA:334,17,0,0
BRDA:374,18,0,0
BRDA:393,19,0,0
BRDA:430,20,0,0
BRDA:455,21,0,0
BRDA:455,21,1,0
BRDA:462,22,0,0
BRDA:486,23,0,0
BRDA:491,24,0,0
BRDA:491,24,1,0
BRDA:497,25,0,0
BRDA:497,25,1,0
BRDA:501,26,0,0
BRDA:526,27,0,0
BRDA:526,27,1,0
BRDA:529,28,0,0
BRDA:547,29,0,0
BRDA:556,30,0,0
BRDA:556,30,1,0
BRDA:564,31,0,0
BRDA:571,32,0,0
BRDA:573,33,0,0
BRDA:573,33,1,0
BRDA:580,34,0,0
BRDA:605,35,0,0
BRDA:630,36,0,0
BRDA:661,37,0,0
BRDA:669,38,0,0
BRDA:669,38,1,0
BRDA:670,39,0,0
BRDA:684,40,0,0
BRDA:684,40,1,0
BRDA:690,41,0,0
BRDA:690,41,1,0
BRDA:690,42,0,0
BRDA:690,42,1,0
BRDA:711,43,0,0
BRDA:711,43,1,0
BRDA:734,44,0,0
BRDA:739,45,0,0
BRDA:739,45,1,0
BRF:68
BRH:0
end_of_record
TN:
SF:server/services/biomarkerExtractionService.ts
FN:45,(anonymous_0)
FN:57,(anonymous_1)
FN:70,(anonymous_2)
FN:101,(anonymous_3)
FN:333,(anonymous_4)
FN:466,(anonymous_5)
FN:472,(anonymous_6)
FN:564,(anonymous_7)
FN:638,(anonymous_8)
FN:644,(anonymous_9)
FN:664,(anonymous_10)
FN:672,(anonymous_11)
FN:689,(anonymous_12)
FN:716,(anonymous_13)
FN:723,(anonymous_14)
FN:727,(anonymous_15)
FN:733,(anonymous_16)
FN:751,(anonymous_17)
FN:776,(anonymous_18)
FN:792,(anonymous_19)
FN:849,(anonymous_20)
FN:906,(anonymous_21)
FN:933,(anonymous_22)
FN:959,(anonymous_23)
FN:960,(anonymous_24)
FN:969,(anonymous_25)
FN:1020,(anonymous_26)
FN:1064,(anonymous_27)
FN:1065,(anonymous_28)
FN:1066,(anonymous_29)
FN:1071,(anonymous_30)
FN:1090,(anonymous_31)
FN:1159,(anonymous_32)
FNF:33
FNH:0
FNDA:0,(anonymous_0)
FNDA:0,(anonymous_1)
FNDA:0,(anonymous_2)
FNDA:0,(anonymous_3)
FNDA:0,(anonymous_4)
FNDA:0,(anonymous_5)
FNDA:0,(anonymous_6)
FNDA:0,(anonymous_7)
FNDA:0,(anonymous_8)
FNDA:0,(anonymous_9)
FNDA:0,(anonymous_10)
FNDA:0,(anonymous_11)
FNDA:0,(anonymous_12)
FNDA:0,(anonymous_13)
FNDA:0,(anonymous_14)
FNDA:0,(anonymous_15)
FNDA:0,(anonymous_16)
FNDA:0,(anonymous_17)
FNDA:0,(anonymous_18)
FNDA:0,(anonymous_19)
FNDA:0,(anonymous_20)
FNDA:0,(anonymous_21)
FNDA:0,(anonymous_22)
FNDA:0,(anonymous_23)
FNDA:0,(anonymous_24)
FNDA:0,(anonymous_25)
FNDA:0,(anonymous_26)
FNDA:0,(anonymous_27)
FNDA:0,(anonymous_28)
FNDA:0,(anonymous_29)
FNDA:0,(anonymous_30)
FNDA:0,(anonymous_31)
FNDA:0,(anonymous_32)
DA:40,0
DA:46,0
DA:47,0
DA:48,0
DA:49,0
DA:51,0
DA:58,0
DA:60,0
DA:61,0
DA:63,0
DA:64,0
DA:71,0
DA:73,0
DA:74,0
DA:77,0
DA:78,0
DA:81,0
DA:82,0
DA:83,0
DA:86,0
DA:87,0
DA:88,0
DA:89,0
DA:91,0
DA:93,0
DA:94,0
DA:102,0
DA:103,0
DA:104,0
DA:105,0
DA:113,0
DA:129,0
DA:334,0
DA:335,0
DA:342,0
DA:351,0
DA:359,0
DA:360,0
DA:361,0
DA:362,0
DA:363,0
DA:364,0
DA:365,0
DA:367,0
DA:373,0
DA:374,0
DA:375,0
DA:377,0
DA:379,0
DA:381,0
DA:383,0
DA:384,0
DA:387,0
DA:388,0
DA:389,0
DA:391,0
DA:392,0
DA:393,0
DA:396,0
DA:397,0
DA:398,0
DA:399,0
DA:403,0
DA:404,0
DA:407,0
DA:418,0
DA:419,0
DA:420,0
DA:421,0
DA:422,0
DA:429,0
DA:430,0
DA:436,0
DA:437,0
DA:446,0
DA:447,0
DA:449,0
DA:450,0
DA:461,0
DA:466,0
DA:469,0
DA:473,0
DA:474,0
DA:476,0
DA:529,0
DA:557,0
DA:564,0
DA:575,0
DA:576,0
DA:577,0
DA:578,0
DA:579,0
DA:581,0
DA:588,0
DA:589,0
DA:590,0
DA:592,0
DA:601,0
DA:602,0
DA:604,0
DA:612,0
DA:617,0
DA:619,0
DA:625,0
DA:628,0
DA:630,0
DA:634,0
DA:639,0
DA:640,0
DA:641,0
DA:644,0
DA:657,0
DA:660,0
DA:669,0
DA:672,0
DA:673,0
DA:674,0
DA:676,0
DA:677,0
DA:682,0
DA:683,0
DA:684,0
DA:686,0
DA:693,0
DA:694,0
DA:696,0
DA:697,0
DA:699,0
DA:702,0
DA:704,0
DA:706,0
DA:710,0
DA:717,0
DA:722,0
DA:723,0
DA:726,0
DA:727,0
DA:730,0
DA:735,0
DA:738,0
DA:742,0
DA:748,0
DA:756,0
DA:759,0
DA:760,0
DA:763,0
DA:766,0
DA:773,0
DA:778,0
DA:793,0
DA:794,0
DA:803,0
DA:804,0
DA:806,0
DA:812,0
DA:817,0
DA:818,0
DA:830,0
DA:841,0
DA:845,0
DA:848,0
DA:850,0
DA:851,0
DA:852,0
DA:857,0
DA:858,0
DA:860,0
DA:861,0
DA:864,0
DA:868,0
DA:872,0
DA:873,0
DA:877,0
DA:879,0
DA:897,0
DA:899,0
DA:903,0
DA:906,0
DA:908,0
DA:909,0
DA:913,0
DA:914,0
DA:915,0
DA:916,0
DA:917,0
DA:921,0
DA:927,0
DA:928,0
DA:931,0
DA:932,0
DA:933,0
DA:945,0
DA:957,0
DA:959,0
DA:960,0
DA:963,0
DA:969,0
DA:975,0
DA:977,0
DA:984,0
DA:987,0
DA:992,0
DA:993,0
DA:1003,0
DA:1009,0
DA:1016,0
DA:1021,0
DA:1024,0
DA:1026,0
DA:1032,0
DA:1033,0
DA:1037,0
DA:1042,0
DA:1043,0
DA:1047,0
DA:1059,0
DA:1060,0
DA:1062,0
DA:1064,0
DA:1065,0
DA:1066,0
DA:1069,0
DA:1071,0
DA:1085,0
DA:1088,0
DA:1089,0
DA:1090,0
DA:1102,0
DA:1109,0
DA:1113,0
DA:1115,0
DA:1118,0
DA:1133,0
DA:1136,0
DA:1149,0
DA:1155,0
DA:1160,0
DA:1161,0
DA:1162,0
DA:1163,0
LF:240
LH:0
BRDA:47,0,0,0
BRDA:60,1,0,0
BRDA:73,2,0,0
BRDA:77,3,0,0
BRDA:81,4,0,0
BRDA:87,5,0,0
BRDA:93,6,0,0
BRDA:93,6,1,0
BRDA:103,7,0,0
BRDA:104,8,0,0
BRDA:361,9,0,0
BRDA:367,10,0,0
BRDA:367,10,1,0
BRDA:379,11,0,0
BRDA:379,11,1,0
BRDA:387,12,0,0
BRDA:387,12,1,0
BRDA:388,13,0,0
BRDA:388,13,1,0
BRDA:388,13,2,0
BRDA:391,14,0,0
BRDA:398,15,0,0
BRDA:410,16,0,0
BRDA:410,16,1,0
BRDA:415,17,0,0
BRDA:415,17,1,0
BRDA:432,18,0,0
BRDA:432,18,1,0
BRDA:439,19,0,0
BRDA:439,19,1,0
BRDA:449,20,0,0
BRDA:576,21,0,0
BRDA:576,21,1,0
BRDA:576,22,0,0
BRDA:576,22,1,0
BRDA:583,23,0,0
BRDA:583,23,1,0
BRDA:597,24,0,0
BRDA:597,24,1,0
BRDA:606,25,0,0
BRDA:606,25,1,0
BRDA:607,26,0,0
BRDA:607,26,1,0
BRDA:620,27,0,0
BRDA:620,27,1,0
BRDA:631,28,0,0
BRDA:631,28,1,0
BRDA:632,29,0,0
BRDA:632,29,1,0
BRDA:652,30,0,0
BRDA:652,30,1,0
BRDA:653,31,0,0
BRDA:653,31,1,0
BRDA:658,32,0,0
BRDA:658,32,1,0
BRDA:676,33,0,0
BRDA:676,34,0,0
BRDA:676,34,1,0
BRDA:676,34,2,0
BRDA:676,35,0,0
BRDA:676,35,1,0
BRDA:706,36,0,0
BRDA:706,36,1,0
BRDA:738,37,0,0
BRDA:738,37,1,0
BRDA:795,38,0,0
BRDA:795,38,1,0
BRDA:817,39,0,0
BRDA:817,39,1,0
BRDA:851,40,0,0
BRDA:851,40,1,0
BRDA:852,41,0,0
BRDA:852,41,1,0
BRDA:853,42,0,0
BRDA:853,42,1,0
BRDA:858,43,0,0
BRDA:858,43,1,0
BRDA:859,44,0,0
BRDA:859,44,1,0
BRDA:860,45,0,0
BRDA:866,46,0,0
BRDA:866,46,1,0
BRDA:872,47,0,0
BRDA:872,48,0,0
BRDA:872,48,1,0
BRDA:872,48,2,0
BRDA:877,49,0,0
BRDA:877,49,1,0
BRDA:884,50,0,0
BRDA:884,50,1,0
BRDA:887,51,0,0
BRDA:887,51,1,0
BRDA:888,52,0,0
BRDA:888,52,1,0
BRDA:889,53,0,0
BRDA:889,53,1,0
BRDA:891,54,0,0
BRDA:891,54,1,0
BRDA:900,55,0,0
BRDA:900,55,1,0
BRDA:908,56,0,0
BRDA:927,57,0,0
BRDA:931,58,0,0
BRDA:931,58,1,0
BRDA:937,59,0,0
BRDA:937,59,1,0
BRDA:969,60,0,0
BRDA:969,60,1,0
BRDA:989,61,0,0
BRDA:989,61,1,0
BRDA:997,62,0,0
BRDA:997,62,1,0
BRDA:1004,63,0,0
BRDA:1004,63,1,0
BRDA:1005,64,0,0
BRDA:1005,64,1,0
BRDA:1010,65,0,0
BRDA:1010,65,1,0
BRDA:1011,66,0,0
BRDA:1011,66,1,0
BRDA:1032,67,0,0
BRDA:1037,68,0,0
BRDA:1037,68,1,0
BRDA:1037,68,2,0
BRDA:1037,68,3,0
BRDA:1042,69,0,0
BRDA:1069,70,0,0
BRDA:1069,70,1,0
BRDA:1075,71,0,0
BRDA:1075,71,1,0
BRDA:1077,72,0,0
BRDA:1077,72,1,0
BRDA:1078,73,0,0
BRDA:1078,73,1,0
BRDA:1078,73,2,0
BRDA:1079,74,0,0
BRDA:1079,74,1,0
BRDA:1080,75,0,0
BRDA:1080,75,1,0
BRDA:1081,76,0,0
BRDA:1081,76,1,0
BRDA:1088,77,0,0
BRDA:1088,77,1,0
BRDA:1092,78,0,0
BRDA:1092,78,1,0
BRDA:1095,79,0,0
BRDA:1095,79,1,0
BRDA:1098,80,0,0
BRDA:1098,80,1,0
BRDA:1104,81,0,0
BRDA:1104,81,1,0
BRDA:1143,82,0,0
BRDA:1143,82,1,0
BRDA:1144,83,0,0
BRDA:1144,83,1,0
BRDA:1150,84,0,0
BRDA:1150,84,1,0
BRDA:1151,85,0,0
BRDA:1151,85,1,0
BRDA:1152,86,0,0
BRDA:1152,86,1,0
BRDA:1161,87,0,0
BRDA:1161,88,0,0
BRDA:1161,88,1,0
BRDA:1162,89,0,0
BRDA:1162,90,0,0
BRDA:1162,90,1,0
BRF:167
BRH:0
end_of_record
TN:
SF:server/services/biomarkerPatternService.ts
FN:53,(anonymous_0)
FN:54,(anonymous_1)
FN:57,(anonymous_2)
FN:71,(anonymous_3)
FN:127,(anonymous_4)
FN:154,(anonymous_5)
FN:178,(anonymous_6)
FN:246,(anonymous_7)
FN:263,(anonymous_8)
FNF:9
FNH:0
FNDA:0,(anonymous_0)
FNDA:0,(anonymous_1)
FNDA:0,(anonymous_2)
FNDA:0,(anonymous_3)
FNDA:0,(anonymous_4)
FNDA:0,(anonymous_5)
FNDA:0,(anonymous_6)
FNDA:0,(anonymous_7)
FNDA:0,(anonymous_8)
DA:35,0
DA:51,0
DA:53,0
DA:54,0
DA:57,0
DA:63,0
DA:72,0
DA:74,0
DA:128,0
DA:129,0
DA:131,0
DA:132,0
DA:136,0
DA:137,0
DA:138,0
DA:140,0
DA:141,0
DA:142,0
DA:146,0
DA:147,0
DA:148,0
DA:151,0
DA:155,0
DA:156,0
DA:158,0
DA:159,0
DA:162,0
DA:163,0
DA:164,0
DA:165,0
DA:166,0
DA:175,0
DA:179,0
DA:180,0
DA:186,0
DA:187,0
DA:189,0
DA:190,0
DA:191,0
DA:192,0
DA:194,0
DA:195,0
DA:200,0
DA:204,0
DA:216,0
DA:217,0
DA:218,0
DA:223,0
DA:227,0
DA:229,0
DA:231,0
DA:236,0
DA:246,0
DA:249,0
DA:250,0
DA:251,0
DA:252,0
DA:253,0
DA:254,0
DA:258,0
DA:260,0
DA:263,0
DA:266,0
DA:270,0
LF:64
LH:0
BRDA:129,0,0,0
BRDA:136,1,0,0
BRDA:136,2,0,0
BRDA:136,2,1,0
BRDA:140,3,0,0
BRDA:140,4,0,0
BRDA:140,4,1,0
BRDA:146,5,0,0
BRDA:146,6,0,0
BRDA:146,6,1,0
BRDA:156,7,0,0
BRDA:159,8,0,0
BRDA:162,9,0,0
BRDA:165,10,0,0
BRDA:194,11,0,0
BRDA:207,12,0,0
BRDA:207,12,1,0
BRDA:207,12,2,0
BRDA:217,13,0,0
BRDA:238,14,0,0
BRDA:238,14,1,0
BRDA:253,15,0,0
BRDA:253,16,0,0
BRDA:253,16,1,0
BRF:24
BRH:0
end_of_record
TN:
SF:server/services/emailService.ts
FN:27,sendEmail
FN:80,sendWelcomeEmail
FNF:2
FNH:0
FNDA:0,sendEmail
FNDA:0,sendWelcomeEmail
DA:6,0
DA:7,0
DA:28,0
DA:30,0
DA:31,0
DA:32,0
DA:36,0
DA:37,0
DA:38,0
DA:42,0
DA:43,0
DA:44,0
DA:48,0
DA:59,0
DA:61,0
DA:62,0
DA:63,0
DA:66,0
DA:67,0
DA:69,0
DA:70,0
DA:81,0
LF:22
LH:0
BRDA:6,0,0,0
BRDA:30,1,0,0
BRDA:36,2,0,0
BRDA:42,3,0,0
BRDA:42,4,0,0
BRDA:42,4,1,0
BRDA:42,4,2,0
BRDA:61,5,0,0
BRF:8
BRH:0
end_of_record
TN:
SF:server/services/embeddingService.ts
FN:22,(anonymous_0)
FN:38,(anonymous_1)
FN:62,(anonymous_2)
FN:105,(anonymous_3)
FN:118,(anonymous_4)
FN:155,(anonymous_5)
FN:183,(anonymous_6)
FN:243,(anonymous_7)
FN:244,(anonymous_8)
FN:273,(anonymous_9)
FN:308,(anonymous_10)
FN:315,(anonymous_11)
FN:334,(anonymous_12)
FN:359,(anonymous_13)
FN:372,(anonymous_14)
FN:377,(anonymous_15)
FN:392,(anonymous_16)
FN:393,(anonymous_17)
FN:408,(anonymous_18)
FN:429,(anonymous_19)
FNF:20
FNH:0
FNDA:0,(anonymous_0)
FNDA:0,(anonymous_1)
FNDA:0,(anonymous_2)
FNDA:0,(anonymous_3)
FNDA:0,(anonymous_4)
FNDA:0,(anonymous_5)
FNDA:0,(anonymous_6)
FNDA:0,(anonymous_7)
FNDA:0,(anonymous_8)
FNDA:0,(anonymous_9)
FNDA:0,(anonymous_10)
FNDA:0,(anonymous_11)
FNDA:0,(anonymous_12)
FNDA:0,(anonymous_13)
FNDA:0,(anonymous_14)
FNDA:0,(anonymous_15)
FNDA:0,(anonymous_16)
FNDA:0,(anonymous_17)
FNDA:0,(anonymous_18)
FNDA:0,(anonymous_19)
DA:14,0
DA:15,0
DA:16,0
DA:17,0
DA:24,0
DA:30,0
DA:39,0
DA:40,0
DA:43,0
DA:44,0
DA:46,0
DA:47,0
DA:48,0
DA:51,0
DA:52,0
DA:54,0
DA:55,0
DA:63,0
DA:65,0
DA:68,0
DA:69,0
DA:70,0
DA:74,0
DA:78,0
DA:82,0
DA:87,0
DA:90,0
DA:92,0
DA:94,0
DA:98,0
DA:106,0
DA:107,0
DA:108,0
DA:109,0
DA:110,0
DA:112,0
DA:119,0
DA:121,0
DA:132,0
DA:133,0
DA:134,0
DA:137,0
DA:139,0
DA:145,0
DA:147,0
DA:148,0
DA:156,0
DA:158,0
DA:164,0
DA:165,0
DA:166,0
DA:169,0
DA:171,0
DA:176,0
DA:178,0
DA:179,0
DA:184,0
DA:185,0
DA:188,0
DA:189,0
DA:192,0
DA:194,0
DA:196,0
DA:214,0
DA:233,0
DA:237,0
DA:242,0
DA:243,0
DA:244,0
DA:247,0
DA:250,0
DA:256,0
DA:260,0
DA:262,0
DA:268,0
DA:274,0
DA:275,0
DA:278,0
DA:292,0
DA:308,0
DA:315,0
DA:323,0
DA:325,0
DA:326,0
DA:335,0
DA:337,0
DA:340,0
DA:349,0
DA:351,0
DA:352,0
DA:360,0
DA:362,0
DA:365,0
DA:371,0
DA:372,0
DA:375,0
DA:377,0
DA:379,0
DA:384,0
DA:391,0
DA:392,0
DA:393,0
DA:398,0
DA:400,0
DA:401,0
DA:409,0
DA:410,0
DA:411,0
DA:413,0
DA:414,0
DA:415,0
DA:416,0
DA:419,0
DA:420,0
DA:422,0
DA:423,0
DA:426,0
DA:430,0
DA:432,0
DA:433,0
DA:434,0
DA:436,0
DA:442,0
DA:443,0
DA:449,0
DA:451,0
DA:452,0
DA:458,0
DA:459,0
DA:467,0
DA:483,0
DA:484,0
DA:493,0
DA:502,0
DA:506,0
LF:135
LH:0
BRDA:43,0,0,0
BRDA:43,0,1,0
BRDA:46,1,0,0
BRDA:46,2,0,0
BRDA:46,2,1,0
BRDA:69,3,0,0
BRDA:95,4,0,0
BRDA:95,4,1,0
BRDA:132,5,0,0
BRDA:164,6,0,0
BRDA:183,7,0,0
BRDA:233,8,0,0
BRDA:233,8,1,0
BRDA:235,9,0,0
BRDA:235,9,1,0
BRDA:237,10,0,0
BRDA:237,10,1,0
BRDA:239,11,0,0
BRDA:239,11,1,0
BRDA:251,12,0,0
BRDA:251,12,1,0
BRDA:252,13,0,0
BRDA:252,13,1,0
BRDA:263,14,0,0
BRDA:263,14,1,0
BRDA:264,15,0,0
BRDA:264,15,1,0
BRDA:359,16,0,0
BRDA:372,17,0,0
BRDA:372,17,1,0
BRDA:375,18,0,0
BRDA:422,19,0,0
BRDA:422,20,0,0
BRDA:422,20,1,0
BRDA:434,21,0,0
BRDA:434,21,1,0
BRDA:442,22,0,0
BRDA:449,23,0,0
BRDA:451,24,0,0
BRDA:451,24,1,0
BRDA:458,25,0,0
BRDA:483,26,0,0
BRDA:494,27,0,0
BRDA:494,27,1,0
BRDA:495,28,0,0
BRDA:495,28,1,0
BRDA:496,29,0,0
BRDA:496,29,1,0
BRF:48
BRH:0
end_of_record
TN:
SF:server/services/labSummaryService.ts
FN:35,(anonymous_0)
FN:67,(anonymous_1)
FN:88,(anonymous_2)
FN:94,(anonymous_3)
FN:182,(anonymous_4)
FN:374,(anonymous_5)
FN:413,(anonymous_6)
FN:429,(anonymous_7)
FN:432,(anonymous_8)
FNF:9
FNH:0
FNDA:0,(anonymous_0)
FNDA:0,(anonymous_1)
FNDA:0,(anonymous_2)
FNDA:0,(anonymous_3)
FNDA:0,(anonymous_4)
FNDA:0,(anonymous_5)
FNDA:0,(anonymous_6)
FNDA:0,(anonymous_7)
FNDA:0,(anonymous_8)
DA:13,0
DA:19,0
DA:20,0
DA:21,0
DA:23,0
DA:36,0
DA:37,0
DA:43,0
DA:44,0
DA:45,0
DA:49,0
DA:50,0
DA:53,0
DA:54,0
DA:55,0
DA:59,0
DA:60,0
DA:62,0
DA:64,0
DA:65,0
DA:67,0
DA:69,0
DA:75,0
DA:80,0
DA:82,0
DA:83,0
DA:87,0
DA:89,0
DA:92,0
DA:95,0
DA:96,0
DA:100,0
DA:103,0
DA:104,0
DA:105,0
DA:107,0
DA:111,0
DA:124,0
DA:130,0
DA:135,0
DA:145,0
DA:148,0
DA:149,0
DA:150,0
DA:156,0
DA:157,0
DA:158,0
DA:163,0
DA:175,0
DA:176,0
DA:177,0
DA:180,0
DA:182,0
DA:188,0
DA:196,0
DA:202,0
DA:203,0
DA:206,0
DA:209,0
DA:215,0
DA:235,0
DA:236,0
DA:237,0
DA:239,0
DA:243,0
DA:266,0
DA:267,0
DA:268,0
DA:296,0
DA:302,0
DA:306,0
DA:313,0
DA:316,0
DA:320,0
DA:323,0
DA:327,0
DA:328,0
DA:331,0
DA:346,0
DA:348,0
DA:359,0
DA:361,0
DA:362,0
DA:365,0
DA:370,0
DA:375,0
DA:376,0
DA:383,0
DA:385,0
DA:386,0
DA:387,0
DA:394,0
DA:395,0
DA:396,0
DA:406,0
DA:408,0
DA:409,0
DA:414,0
DA:415,0
DA:426,0
DA:427,0
DA:428,0
DA:430,0
DA:433,0
DA:438,0
DA:440,0
DA:441,0
DA:446,0
LF:108
LH:0
BRDA:43,0,0,0
BRDA:53,1,0,0
BRDA:64,2,0,0
BRDA:64,2,1,0
BRDA:64,3,0,0
BRDA:64,3,1,0
BRDA:64,3,2,0
BRDA:82,4,0,0
BRDA:82,5,0,0
BRDA:82,5,1,0
BRDA:118,6,0,0
BRDA:118,6,1,0
BRDA:126,7,0,0
BRDA:126,7,1,0
BRDA:136,8,0,0
BRDA:136,8,1,0
BRDA:137,9,0,0
BRDA:137,9,1,0
BRDA:146,10,0,0
BRDA:146,10,1,0
BRDA:148,11,0,0
BRDA:148,11,1,0
BRDA:148,12,0,0
BRDA:148,12,1,0
BRDA:148,12,2,0
BRDA:148,12,3,0
BRDA:157,13,0,0
BRDA:157,13,1,0
BRDA:176,14,0,0
BRDA:176,14,1,0
BRDA:177,15,0,0
BRDA:177,15,1,0
BRDA:190,16,0,0
BRDA:190,16,1,0
BRDA:202,17,0,0
BRDA:202,18,0,0
BRDA:202,18,1,0
BRDA:267,19,0,0
BRDA:307,20,0,0
BRDA:307,20,1,0
BRDA:308,21,0,0
BRDA:308,21,1,0
BRDA:314,22,0,0
BRDA:314,22,1,0
BRDA:316,23,0,0
BRDA:316,23,1,0
BRDA:317,24,0,0
BRDA:317,24,1,0
BRDA:324,25,0,0
BRDA:324,25,1,0
BRDA:327,26,0,0
BRDA:346,27,0,0
BRDA:346,27,1,0
BRDA:366,28,0,0
BRDA:366,28,1,0
BRDA:367,29,0,0
BRDA:367,29,1,0
BRDA:374,30,0,0
BRDA:386,31,0,0
BRDA:386,31,1,0
BRDA:386,32,0,0
BRDA:386,32,1,0
BRDA:395,33,0,0
BRDA:413,34,0,0
BRDA:427,35,0,0
BRF:65
BRH:0
end_of_record
TN:
SF:server/services/labTextPreprocessingService.ts
FN:122,(anonymous_0)
FN:125,(anonymous_1)
FN:129,(anonymous_2)
FN:132,(anonymous_3)
FN:141,(anonymous_4)
FN:206,(anonymous_5)
FN:308,(anonymous_6)
FN:318,(anonymous_7)
FN:387,(anonymous_8)
FN:416,(anonymous_9)
FN:437,(anonymous_10)
FN:443,(anonymous_11)
FN:449,(anonymous_12)
FN:466,(anonymous_13)
FN:472,(anonymous_14)
FN:476,(anonymous_15)
FN:485,(anonymous_16)
FN:504,(anonymous_17)
FN:523,(anonymous_18)
FN:544,(anonymous_19)
FN:549,(anonymous_20)
FN:571,(anonymous_21)
FN:697,(anonymous_22)
FN:711,(anonymous_23)
FN:766,(anonymous_24)
FN:842,(anonymous_25)
FN:850,(anonymous_26)
FN:858,(anonymous_27)
FN:910,(anonymous_28)
FN:916,(anonymous_29)
FNF:30
FNH:0
FNDA:0,(anonymous_0)
FNDA:0,(anonymous_1)
FNDA:0,(anonymous_2)
FNDA:0,(anonymous_3)
FNDA:0,(anonymous_4)
FNDA:0,(anonymous_5)
FNDA:0,(anonymous_6)
FNDA:0,(anonymous_7)
FNDA:0,(anonymous_8)
FNDA:0,(anonymous_9)
FNDA:0,(anonymous_10)
FNDA:0,(anonymous_11)
FNDA:0,(anonymous_12)
FNDA:0,(anonymous_13)
FNDA:0,(anonymous_14)
FNDA:0,(anonymous_15)
FNDA:0,(anonymous_16)
FNDA:0,(anonymous_17)
FNDA:0,(anonymous_18)
FNDA:0,(anonymous_19)
FNDA:0,(anonymous_20)
FNDA:0,(anonymous_21)
FNDA:0,(anonymous_22)
FNDA:0,(anonymous_23)
FNDA:0,(anonymous_24)
FNDA:0,(anonymous_25)
FNDA:0,(anonymous_26)
FNDA:0,(anonymous_27)
FNDA:0,(anonymous_28)
FNDA:0,(anonymous_29)
DA:21,0
DA:46,0
DA:58,0
DA:123,0
DA:125,0
DA:126,0
DA:131,0
DA:132,0
DA:134,0
DA:135,0
DA:136,0
DA:137,0
DA:141,0
DA:142,0
DA:143,0
DA:145,0
DA:149,0
DA:150,0
DA:151,0
DA:152,0
DA:154,0
DA:155,0
DA:157,0
DA:158,0
DA:159,0
DA:161,0
DA:163,0
DA:165,0
DA:166,0
DA:167,0
DA:170,0
DA:171,0
DA:174,0
DA:178,0
DA:181,0
DA:188,0
DA:191,0
DA:192,0
DA:193,0
DA:196,0
DA:198,0
DA:202,0
DA:208,0
DA:209,0
DA:212,0
DA:213,0
DA:214,0
DA:215,0
DA:216,0
DA:218,0
DA:219,0
DA:222,0
DA:282,0
DA:286,0
DA:287,0
DA:293,0
DA:296,0
DA:299,0
DA:305,0
DA:309,0
DA:310,0
DA:311,0
DA:313,0
DA:314,0
DA:319,0
DA:320,0
DA:321,0
DA:324,0
DA:344,0
DA:345,0
DA:348,0
DA:386,0
DA:387,0
DA:388,0
DA:389,0
DA:393,0
DA:400,0
DA:406,0
DA:408,0
DA:412,0
DA:417,0
DA:437,0
DA:438,0
DA:439,0
DA:445,0
DA:446,0
DA:450,0
DA:466,0
DA:472,0
DA:473,0
DA:475,0
DA:476,0
DA:477,0
DA:478,0
DA:482,0
DA:487,0
DA:488,0
DA:500,0
DA:505,0
DA:506,0
DA:510,0
DA:524,0
DA:534,0
DA:544,0
DA:545,0
DA:550,0
DA:551,0
DA:552,0
DA:553,0
DA:554,0
DA:571,0
DA:572,0
DA:575,0
DA:576,0
DA:577,0
DA:580,0
DA:581,0
DA:585,0
DA:586,0
DA:587,0
DA:588,0
DA:589,0
DA:590,0
DA:594,0
DA:598,0
DA:599,0
DA:600,0
DA:691,0
DA:692,0
DA:693,0
DA:697,0
DA:698,0
DA:707,0
DA:720,0
DA:721,0
DA:722,0
DA:725,0
DA:726,0
DA:727,0
DA:728,0
DA:729,0
DA:733,0
DA:734,0
DA:749,0
DA:750,0
DA:762,0
DA:765,0
DA:766,0
DA:768,0
DA:769,0
DA:773,0
DA:789,0
DA:798,0
DA:799,0
DA:809,0
DA:812,0
DA:823,0
DA:847,0
DA:855,0
DA:859,0
DA:861,0
DA:863,0
DA:864,0
DA:867,0
DA:875,0
DA:876,0
DA:877,0
DA:881,0
DA:882,0
DA:885,0
DA:887,0
DA:891,0
DA:893,0
DA:899,0
DA:901,0
DA:905,0
DA:913,0
DA:940,0
DA:944,0
LF:179
LH:0
BRDA:134,0,0,0
BRDA:134,0,1,0
BRDA:142,1,0,0
BRDA:155,2,0,0
BRDA:155,2,1,0
BRDA:155,3,0,0
BRDA:155,3,1,0
BRDA:157,4,0,0
BRDA:161,5,0,0
BRDA:161,6,0,0
BRDA:161,6,1,0
BRDA:170,7,0,0
BRDA:191,8,0,0
BRDA:191,9,0,0
BRDA:191,9,1,0
BRDA:199,10,0,0
BRDA:199,10,1,0
BRDA:200,11,0,0
BRDA:200,11,1,0
BRDA:222,12,0,0
BRDA:286,13,0,0
BRDA:286,14,0,0
BRDA:286,14,1,0
BRDA:286,14,2,0
BRDA:289,15,0,0
BRDA:289,15,1,0
BRDA:290,16,0,0
BRDA:290,16,1,0
BRDA:291,17,0,0
BRDA:291,17,1,0
BRDA:320,18,0,0
BRDA:320,18,1,0
BRDA:344,19,0,0
BRDA:344,19,1,0
BRDA:345,20,0,0
BRDA:345,20,1,0
BRDA:409,21,0,0
BRDA:409,21,1,0
BRDA:410,22,0,0
BRDA:410,22,1,0
BRDA:439,23,0,0
BRDA:439,23,1,0
BRDA:446,24,0,0
BRDA:446,24,1,0
BRDA:468,25,0,0
BRDA:468,25,1,0
BRDA:473,26,0,0
BRDA:485,27,0,0
BRDA:487,28,0,0
BRDA:487,29,0,0
BRDA:487,29,1,0
BRDA:501,30,0,0
BRDA:501,30,1,0
BRDA:502,31,0,0
BRDA:502,31,1,0
BRDA:503,32,0,0
BRDA:503,32,1,0
BRDA:505,33,0,0
BRDA:505,33,1,0
BRDA:513,34,0,0
BRDA:513,34,1,0
BRDA:514,35,0,0
BRDA:514,35,1,0
BRDA:515,36,0,0
BRDA:515,36,1,0
BRDA:535,37,0,0
BRDA:535,37,1,0
BRDA:538,38,0,0
BRDA:538,38,1,0
BRDA:575,39,0,0
BRDA:576,40,0,0
BRDA:577,41,0,0
BRDA:580,42,0,0
BRDA:580,43,0,0
BRDA:580,43,1,0
BRDA:580,43,2,0
BRDA:580,43,3,0
BRDA:586,44,0,0
BRDA:587,45,0,0
BRDA:587,45,1,0
BRDA:588,46,0,0
BRDA:588,47,0,0
BRDA:588,47,1,0
BRDA:589,48,0,0
BRDA:590,49,0,0
BRDA:590,50,0,0
BRDA:590,50,1,0
BRDA:600,51,0,0
BRDA:691,52,0,0
BRDA:702,53,0,0
BRDA:702,53,1,0
BRDA:703,54,0,0
BRDA:703,54,1,0
BRDA:714,55,0,0
BRDA:725,56,0,0
BRDA:861,57,0,0
BRDA:861,57,1,0
BRDA:863,58,0,0
BRDA:875,59,0,0
BRDA:875,59,1,0
BRDA:877,60,0,0
BRDA:877,60,1,0
BRDA:878,61,0,0
BRDA:878,61,1,0
BRDA:882,62,0,0
BRDA:882,62,1,0
BRDA:902,63,0,0
BRDA:902,63,1,0
BRF:108
BRH:0
end_of_record
TN:
SF:server/services/labUploadService.ts
FN:50,(anonymous_0)
FN:52,(anonymous_1)
FN:75,(anonymous_2)
FN:95,(anonymous_3)
FN:119,(anonymous_4)
FN:182,(anonymous_5)
FN:207,(anonymous_6)
FN:239,(anonymous_7)
FN:252,(anonymous_8)
FN:256,(anonymous_9)
FN:282,(anonymous_10)
FNF:11
FNH:0
FNDA:0,(anonymous_0)
FNDA:0,(anonymous_1)
FNDA:0,(anonymous_2)
FNDA:0,(anonymous_3)
FNDA:0,(anonymous_4)
FNDA:0,(anonymous_5)
FNDA:0,(anonymous_6)
FNDA:0,(anonymous_7)
FNDA:0,(anonymous_8)
FNDA:0,(anonymous_9)
FNDA:0,(anonymous_10)
DA:48,0
DA:53,0
DA:62,0
DA:63,0
DA:67,0
DA:68,0
DA:70,0
DA:71,0
DA:76,0
DA:79,0
DA:80,0
DA:81,0
DA:84,0
DA:85,0
DA:86,0
DA:89,0
DA:90,0
DA:92,0
DA:101,0
DA:116,0
DA:120,0
DA:122,0
DA:129,0
DA:132,0
DA:135,0
DA:142,0
DA:145,0
DA:152,0
DA:155,0
DA:161,0
DA:162,0
DA:166,0
DA:169,0
DA:182,0
DA:200,0
DA:207,0
DA:208,0
DA:212,0
DA:219,0
DA:226,0
DA:235,0
DA:240,0
DA:246,0
DA:253,0
DA:257,0
DA:259,0
DA:260,0
DA:261,0
DA:265,0
DA:268,0
DA:271,0
DA:274,0
DA:281,0
DA:283,0
DA:289,0
DA:291,0
DA:297,0
DA:302,0
LF:58
LH:0
BRDA:62,0,0,0
BRDA:70,1,0,0
BRDA:70,2,0,0
BRDA:70,2,1,0
BRDA:71,3,0,0
BRDA:71,3,1,0
BRDA:79,4,0,0
BRDA:161,5,0,0
BRDA:166,6,0,0
BRDA:166,6,1,0
BRDA:175,7,0,0
BRDA:175,7,1,0
BRDA:181,8,0,0
BRDA:181,8,1,0
BRDA:184,9,0,0
BRDA:184,9,1,0
BRDA:187,10,0,0
BRDA:187,10,1,0
BRDA:193,11,0,0
BRDA:193,11,1,0
BRDA:214,12,0,0
BRDA:214,12,1,0
BRDA:215,13,0,0
BRDA:215,13,1,0
BRDA:222,14,0,0
BRDA:222,14,1,0
BRDA:230,15,0,0
BRDA:230,15,1,0
BRDA:240,16,0,0
BRDA:240,16,1,0
BRDA:260,17,0,0
BRDA:285,18,0,0
BRDA:285,18,1,0
BRDA:294,19,0,0
BRDA:294,19,1,0
BRDA:295,20,0,0
BRDA:295,20,1,0
BRF:37
BRH:0
end_of_record
TN:
SF:server/services/llmContextService.ts
FN:13,constructUserContext
FN:57,(anonymous_1)
FN:58,(anonymous_2)
FN:59,(anonymous_3)
FN:86,(anonymous_4)
FN:86,(anonymous_5)
FN:99,(anonymous_6)
FN:104,(anonymous_7)
FN:112,(anonymous_8)
FN:113,(anonymous_9)
FN:124,(anonymous_10)
FN:124,(anonymous_11)
FN:127,(anonymous_12)
FN:135,(anonymous_13)
FN:262,getFallbackRelevantContent
FNF:15
FNH:0
FNDA:0,constructUserContext
FNDA:0,(anonymous_1)
FNDA:0,(anonymous_2)
FNDA:0,(anonymous_3)
FNDA:0,(anonymous_4)
FNDA:0,(anonymous_5)
FNDA:0,(anonymous_6)
FNDA:0,(anonymous_7)
FNDA:0,(anonymous_8)
FNDA:0,(anonymous_9)
FNDA:0,(anonymous_10)
FNDA:0,(anonymous_11)
FNDA:0,(anonymous_12)
FNDA:0,(anonymous_13)
FNDA:0,getFallbackRelevantContent
DA:14,0
DA:15,0
DA:16,0
DA:17,0
DA:20,0
DA:23,0
DA:24,0
DA:25,0
DA:27,0
DA:31,0
DA:36,0
DA:46,0
DA:49,0
DA:50,0
DA:52,0
DA:53,0
DA:56,0
DA:57,0
DA:58,0
DA:59,0
DA:62,0
DA:64,0
DA:70,0
DA:74,0
DA:75,0
DA:76,0
DA:77,0
DA:78,0
DA:81,0
DA:82,0
DA:83,0
DA:86,0
DA:87,0
DA:88,0
DA:91,0
DA:92,0
DA:94,0
DA:99,0
DA:100,0
DA:104,0
DA:105,0
DA:107,0
DA:109,0
DA:110,0
DA:111,0
DA:112,0
DA:113,0
DA:120,0
DA:124,0
DA:125,0
DA:127,0
DA:131,0
DA:135,0
DA:136,0
DA:139,0
DA:147,0
DA:148,0
DA:149,0
DA:152,0
DA:156,0
DA:165,0
DA:166,0
DA:167,0
DA:169,0
DA:170,0
DA:171,0
DA:172,0
DA:175,0
DA:178,0
DA:179,0
DA:183,0
DA:184,0
DA:187,0
DA:188,0
DA:193,0
DA:194,0
DA:195,0
DA:196,0
DA:198,0
DA:199,0
DA:204,0
DA:209,0
DA:236,0
DA:238,0
DA:241,0
DA:243,0
DA:245,0
DA:252,0
DA:263,0
DA:264,0
DA:267,0
DA:280,0
DA:281,0
DA:289,0
DA:302,0
DA:303,0
DA:310,0
DA:311,0
DA:313,0
DA:314,0
LF:100
LH:0
BRDA:16,0,0,0
BRDA:36,1,0,0
BRDA:36,1,1,0
BRDA:37,2,0,0
BRDA:37,2,1,0
BRDA:38,3,0,0
BRDA:38,3,1,0
BRDA:39,4,0,0
BRDA:39,4,1,0
BRDA:40,5,0,0
BRDA:40,5,1,0
BRDA:41,6,0,0
BRDA:41,6,1,0
BRDA:42,7,0,0
BRDA:42,7,1,0
BRDA:65,8,0,0
BRDA:65,8,1,0
BRDA:66,9,0,0
BRDA:66,9,1,0
BRDA:91,10,0,0
BRDA:91,10,1,0
BRDA:100,11,0,0
BRDA:100,11,1,0
BRDA:110,12,0,0
BRDA:125,13,0,0
BRDA:125,13,1,0
BRDA:135,14,0,0
BRDA:157,15,0,0
BRDA:157,15,1,0
BRDA:158,16,0,0
BRDA:158,16,1,0
BRDA:159,17,0,0
BRDA:159,17,1,0
BRDA:160,18,0,0
BRDA:160,18,1,0
BRDA:161,19,0,0
BRDA:161,19,1,0
BRDA:162,20,0,0
BRDA:162,20,1,0
BRDA:169,21,0,0
BRDA:178,22,0,0
BRDA:183,23,0,0
BRDA:187,24,0,0
BRDA:187,24,1,0
BRDA:190,25,0,0
BRDA:190,25,1,0
BRDA:194,26,0,0
BRDA:194,26,1,0
BRDA:215,27,0,0
BRDA:215,27,1,0
BRDA:217,28,0,0
BRDA:217,28,1,0
BRDA:220,29,0,0
BRDA:220,29,1,0
BRDA:223,30,0,0
BRDA:223,30,1,0
BRDA:226,31,0,0
BRDA:226,31,1,0
BRDA:229,32,0,0
BRDA:229,32,1,0
BRDA:229,32,2,0
BRDA:247,33,0,0
BRDA:247,33,1,0
BRDA:248,34,0,0
BRDA:248,34,1,0
BRF:65
BRH:0
end_of_record
TN:
SF:server/services/llmContextService_query.ts
FN:32,checkUserHasAnyLogs
FN:79,constructQueryContext
FN:139,(anonymous_2)
FN:164,(anonymous_3)
FN:180,(anonymous_4)
FN:181,(anonymous_5)
FN:182,(anonymous_6)
FN:192,(anonymous_7)
FN:195,(anonymous_8)
FN:202,(anonymous_9)
FN:209,(anonymous_10)
FN:217,(anonymous_11)
FN:218,(anonymous_12)
FN:231,(anonymous_13)
FN:234,(anonymous_14)
FN:237,(anonymous_15)
FN:274,(anonymous_16)
FN:277,(anonymous_17)
FNF:18
FNH:0
FNDA:0,checkUserHasAnyLogs
FNDA:0,constructQueryContext
FNDA:0,(anonymous_2)
FNDA:0,(anonymous_3)
FNDA:0,(anonymous_4)
FNDA:0,(anonymous_5)
FNDA:0,(anonymous_6)
FNDA:0,(anonymous_7)
FNDA:0,(anonymous_8)
FNDA:0,(anonymous_9)
FNDA:0,(anonymous_10)
FNDA:0,(anonymous_11)
FNDA:0,(anonymous_12)
FNDA:0,(anonymous_13)
FNDA:0,(anonymous_14)
FNDA:0,(anonymous_15)
FNDA:0,(anonymous_16)
FNDA:0,(anonymous_17)
DA:33,0
DA:35,0
DA:41,0
DA:47,0
DA:52,0
DA:54,0
DA:60,0
DA:61,0
DA:80,0
DA:82,0
DA:83,0
DA:84,0
DA:92,0
DA:95,0
DA:96,0
DA:97,0
DA:99,0
DA:103,0
DA:108,0
DA:118,0
DA:121,0
DA:123,0
DA:125,0
DA:137,0
DA:138,0
DA:139,0
DA:140,0
DA:141,0
DA:146,0
DA:147,0
DA:149,0
DA:162,0
DA:163,0
DA:164,0
DA:165,0
DA:166,0
DA:171,0
DA:174,0
DA:175,0
DA:176,0
DA:179,0
DA:180,0
DA:181,0
DA:182,0
DA:185,0
DA:187,0
DA:192,0
DA:193,0
DA:194,0
DA:195,0
DA:196,0
DA:197,0
DA:202,0
DA:203,0
DA:207,0
DA:208,0
DA:209,0
DA:210,0
DA:213,0
DA:214,0
DA:215,0
DA:216,0
DA:217,0
DA:218,0
DA:225,0
DA:227,0
DA:231,0
DA:232,0
DA:233,0
DA:234,0
DA:235,0
DA:237,0
DA:241,0
DA:243,0
DA:247,0
DA:248,0
DA:250,0
DA:251,0
DA:253,0
DA:272,0
DA:273,0
DA:274,0
DA:275,0
DA:277,0
DA:281,0
DA:284,0
DA:288,0
DA:289,0
DA:293,0
DA:294,0
DA:295,0
DA:296,0
DA:298,0
DA:299,0
DA:301,0
DA:302,0
DA:303,0
DA:307,0
DA:313,0
DA:330,0
DA:333,0
DA:334,0
DA:336,0
DA:338,0
DA:346,0
LF:105
LH:0
BRDA:52,0,0,0
BRDA:52,0,1,0
BRDA:52,1,0,0
BRDA:52,1,1,0
BRDA:52,2,0,0
BRDA:52,2,1,0
BRDA:55,3,0,0
BRDA:55,3,1,0
BRDA:55,3,2,0
BRDA:55,4,0,0
BRDA:55,4,1,0
BRDA:56,5,0,0
BRDA:56,5,1,0
BRDA:57,6,0,0
BRDA:57,6,1,0
BRDA:82,7,0,0
BRDA:82,8,0,0
BRDA:82,8,1,0
BRDA:108,9,0,0
BRDA:108,9,1,0
BRDA:109,10,0,0
BRDA:109,10,1,0
BRDA:110,11,0,0
BRDA:110,11,1,0
BRDA:111,12,0,0
BRDA:111,12,1,0
BRDA:112,13,0,0
BRDA:112,13,1,0
BRDA:113,14,0,0
BRDA:113,14,1,0
BRDA:114,15,0,0
BRDA:114,15,1,0
BRDA:137,16,0,0
BRDA:162,17,0,0
BRDA:193,18,0,0
BRDA:203,19,0,0
BRDA:203,19,1,0
BRDA:207,20,0,0
BRDA:215,21,0,0
BRDA:232,22,0,0
BRDA:235,23,0,0
BRDA:235,23,1,0
BRDA:247,24,0,0
BRDA:272,25,0,0
BRDA:272,25,1,0
BRDA:275,26,0,0
BRDA:275,26,1,0
BRDA:294,27,0,0
BRDA:298,28,0,0
BRDA:303,29,0,0
BRDA:303,29,1,0
BRDA:319,30,0,0
BRDA:319,30,1,0
BRDA:321,31,0,0
BRDA:321,31,1,0
BRDA:339,32,0,0
BRDA:339,32,1,0
BRDA:340,33,0,0
BRDA:340,33,1,0
BRDA:341,34,0,0
BRDA:341,34,1,0
BRF:61
BRH:0
end_of_record
TN:
SF:server/services/llmService.ts
FN:15,getUserDailyChatCount
FN:39,chatWithAI
FN:96,qualitativeChatWithAI
FNF:3
FNH:0
FNDA:0,getUserDailyChatCount
FNDA:0,chatWithAI
FNDA:0,qualitativeChatWithAI
DA:16,0
DA:17,0
DA:19,0
DA:30,0
DA:40,0
DA:42,0
DA:43,0
DA:50,0
DA:52,0
DA:53,0
DA:54,0
DA:57,0
DA:58,0
DA:59,0
DA:63,0
DA:67,0
DA:76,0
DA:77,0
DA:79,0
DA:85,0
DA:97,0
DA:98,0
DA:105,0
DA:107,0
DA:108,0
DA:112,0
DA:117,0
DA:118,0
DA:120,0
DA:122,0
DA:128,0
LF:31
LH:0
BRDA:52,0,0,0
BRDA:52,1,0,0
BRDA:52,1,1,0
BRDA:58,2,0,0
BRDA:80,3,0,0
BRDA:80,3,1,0
BRDA:81,4,0,0
BRDA:81,4,1,0
BRDA:107,5,0,0
BRDA:123,6,0,0
BRDA:123,6,1,0
BRDA:124,7,0,0
BRDA:124,7,1,0
BRF:13
BRH:0
end_of_record
TN:
SF:server/services/llmSummaryService.ts
FN:19,generateChatSummary
FN:48,summarizeOldChats
FN:71,(anonymous_2)
FN:74,(anonymous_3)
FN:105,(anonymous_4)
FN:113,(anonymous_5)
FNF:6
FNH:0
FNDA:0,generateChatSummary
FNDA:0,summarizeOldChats
FNDA:0,(anonymous_2)
FNDA:0,(anonymous_3)
FNDA:0,(anonymous_4)
FNDA:0,(anonymous_5)
DA:21,0
DA:31,0
DA:39,0
DA:42,0
DA:49,0
DA:50,0
DA:51,0
DA:52,0
DA:55,0
DA:64,0
DA:65,0
DA:66,0
DA:68,0
DA:71,0
DA:72,0
DA:73,0
DA:74,0
DA:76,0
DA:81,0
DA:82,0
DA:85,0
DA:94,0
DA:95,0
DA:98,0
DA:105,0
DA:110,0
DA:113,0
LF:27
LH:0
BRDA:64,0,0,0
BRF:1
BRH:0
end_of_record
TN:
SF:server/services/logService.ts
FN:5,getQuantitativeLogs
FN:30,getQualitativeLogs
FN:61,getQueryChats
FNF:3
FNH:0
FNDA:0,getQuantitativeLogs
FNDA:0,getQualitativeLogs
FNDA:0,getQueryChats
DA:6,0
DA:7,0
DA:8,0
DA:11,0
DA:31,0
DA:32,0
DA:49,0
DA:50,0
DA:53,0
DA:55,0
DA:56,0
DA:62,0
DA:63,0
DA:70,0
DA:71,0
DA:74,0
DA:76,0
DA:77,0
LF:18
LH:0
BRDA:5,0,0,0
BRDA:7,1,0,0
BRDA:42,2,0,0
BRDA:42,2,1,0
BRDA:49,3,0,0
BRDA:66,4,0,0
BRDA:66,4,1,0
BRDA:70,5,0,0
BRF:8
BRH:0
end_of_record
TN:
SF:server/services/openaiQualitativeService.ts
FN:9,qualitativeChatWithAI
FNF:1
FNH:0
FNDA:0,qualitativeChatWithAI
DA:10,0
DA:12,0
DA:15,0
DA:16,0
DA:19,0
DA:20,0
DA:28,0
DA:33,0
DA:38,0
DA:41,0
DA:44,0
DA:51,0
DA:54,0
DA:62,0
DA:64,0
DA:67,0
DA:68,0
DA:71,0
DA:72,0
DA:81,0
DA:82,0
DA:87,0
DA:88,0
DA:92,0
DA:93,0
DA:94,0
DA:97,0
DA:101,0
DA:104,0
DA:105,0
DA:106,0
DA:112,0
DA:113,0
DA:114,0
DA:117,0
DA:133,0
DA:142,0
DA:148,0
DA:151,0
DA:157,0
LF:40
LH:0
BRDA:12,0,0,0
BRDA:12,0,1,0
BRDA:15,1,0,0
BRDA:19,2,0,0
BRDA:19,3,0,0
BRDA:19,3,1,0
BRDA:38,4,0,0
BRDA:38,4,1,0
BRDA:41,5,0,0
BRDA:41,5,1,0
BRDA:74,6,0,0
BRDA:74,6,1,0
BRDA:81,7,0,0
BRDA:92,8,0,0
BRDA:104,9,0,0
BRDA:104,10,0,0
BRDA:104,10,1,0
BRDA:112,11,0,0
BRDA:112,11,1,0
BRDA:113,12,0,0
BRDA:135,13,0,0
BRDA:135,13,1,0
BRDA:144,14,0,0
BRDA:144,14,1,0
BRDA:145,15,0,0
BRDA:145,15,1,0
BRDA:152,16,0,0
BRDA:152,16,1,0
BRDA:153,17,0,0
BRDA:153,17,1,0
BRF:30
BRH:0
end_of_record
TN:
SF:server/services/openaiQueryService.ts
FN:8,queryWithAI
FNF:1
FNH:0
FNDA:0,queryWithAI
DA:9,0
DA:10,0
DA:11,0
DA:14,0
DA:15,0
DA:18,0
DA:19,0
DA:27,0
DA:32,0
DA:36,0
DA:37,0
DA:39,0
DA:41,0
DA:51,0
DA:52,0
DA:60,0
DA:67,0
DA:69,0
DA:70,0
DA:72,0
DA:73,0
DA:80,0
DA:81,0
DA:85,0
DA:86,0
DA:87,0
DA:100,0
DA:106,0
DA:115,0
DA:122,0
DA:125,0
DA:133,0
DA:139,0
DA:146,0
LF:34
LH:0
BRDA:11,0,0,0
BRDA:11,0,1,0
BRDA:14,1,0,0
BRDA:18,2,0,0
BRDA:18,3,0,0
BRDA:18,3,1,0
BRDA:37,4,0,0
BRDA:37,4,1,0
BRDA:70,5,0,0
BRDA:70,5,1,0
BRDA:72,6,0,0
BRDA:85,7,0,0
BRDA:108,8,0,0
BRDA:108,8,1,0
BRDA:109,9,0,0
BRDA:109,9,1,0
BRDA:127,10,0,0
BRDA:127,10,1,0
BRDA:128,11,0,0
BRDA:128,11,1,0
BRDA:134,12,0,0
BRDA:134,12,1,0
BRDA:140,13,0,0
BRDA:140,13,1,0
BRDA:141,14,0,0
BRDA:141,14,1,0
BRF:26
BRH:0
end_of_record
TN:
SF:server/services/serviceInitializer.ts
FN:17,(anonymous_7)
FN:52,(anonymous_8)
FN:73,(anonymous_9)
FN:97,(anonymous_10)
FN:117,(anonymous_11)
FN:117,(anonymous_12)
FN:119,(anonymous_13)
FN:140,(anonymous_14)
FN:164,(anonymous_15)
FNF:9
FNH:6
FNDA:1,(anonymous_7)
FNDA:0,(anonymous_8)
FNDA:0,(anonymous_9)
FNDA:1,(anonymous_10)
FNDA:1,(anonymous_11)
FNDA:1,(anonymous_12)
FNDA:0,(anonymous_13)
FNDA:2,(anonymous_14)
FNDA:1,(anonymous_15)
DA:2,1
DA:3,1
DA:4,1
DA:6,1
DA:8,1
DA:18,1
DA:19,1
DA:22,1
DA:25,1
DA:28,1
DA:31,1
DA:32,0
DA:34,1
DA:37,1
DA:39,0
DA:53,0
DA:54,0
DA:57,0
DA:59,0
DA:60,0
DA:63,0
DA:65,0
DA:66,0
DA:74,0
DA:75,0
DA:78,0
DA:80,0
DA:81,0
DA:83,0
DA:84,0
DA:87,0
DA:89,0
DA:90,0
DA:98,1
DA:99,1
DA:102,1
DA:103,1
DA:104,1
DA:105,0
DA:106,0
DA:110,1
DA:111,1
DA:114,1
DA:115,1
DA:117,1
DA:118,1
DA:120,0
DA:123,0
DA:126,0
DA:127,0
DA:130,1
DA:132,0
DA:141,2
DA:142,2
DA:145,2
DA:148,2
DA:151,2
DA:153,0
DA:155,2
DA:165,1
DA:166,1
DA:169,1
DA:171,1
DA:173,0
DA:180,1
LF:65
LH:36
BRDA:31,0,0,0
BRDA:31,0,1,1
BRDA:40,1,0,0
BRDA:40,1,1,0
BRDA:41,2,0,0
BRDA:41,2,1,0
BRDA:59,3,0,0
BRDA:104,4,0,0
BRF:8
BRH:1
end_of_record
TN:
SF:server/services/stripe.ts
FN:13,(anonymous_0)
FN:24,(anonymous_1)
FN:54,(anonymous_2)
FN:64,(anonymous_3)
FN:80,(anonymous_4)
FN:107,(anonymous_5)
FN:119,(anonymous_6)
FNF:7
FNH:0
FNDA:0,(anonymous_0)
FNDA:0,(anonymous_1)
FNDA:0,(anonymous_2)
FNDA:0,(anonymous_3)
FNDA:0,(anonymous_4)
FNDA:0,(anonymous_5)
FNDA:0,(anonymous_6)
DA:6,0
DA:7,0
DA:14,0
DA:31,0
DA:33,0
DA:55,0
DA:65,0
DA:71,0
DA:81,0
DA:84,0
DA:85,0
DA:86,0
DA:88,0
DA:99,0
DA:109,0
DA:114,0
DA:119,0
DA:120,0
DA:124,0
LF:19
LH:0
BRDA:6,0,0,0
BRDA:114,1,0,0
BRDA:114,1,1,0
BRF:3
BRH:0
end_of_record
TN:
SF:server/services/supplementLookupService.ts
FN:33,(anonymous_0)
FN:47,(anonymous_1)
FN:48,(anonymous_2)
FN:56,(anonymous_3)
FN:102,(anonymous_4)
FN:111,(anonymous_5)
FN:123,(anonymous_6)
FN:144,(anonymous_7)
FN:147,(anonymous_8)
FNF:9
FNH:0
FNDA:0,(anonymous_0)
FNDA:0,(anonymous_1)
FNDA:0,(anonymous_2)
FNDA:0,(anonymous_3)
FNDA:0,(anonymous_4)
FNDA:0,(anonymous_5)
FNDA:0,(anonymous_6)
FNDA:0,(anonymous_7)
FNDA:0,(anonymous_8)
DA:38,0
DA:39,0
DA:42,0
DA:43,0
DA:46,0
DA:47,0
DA:48,0
DA:51,0
DA:52,0
DA:56,0
DA:57,0
DA:61,0
DA:83,0
DA:85,0
DA:87,0
DA:93,0
DA:104,0
DA:110,0
DA:111,0
DA:112,0
DA:124,0
DA:126,0
DA:128,0
DA:129,0
DA:130,0
DA:133,0
DA:136,0
DA:138,0
DA:139,0
DA:141,0
DA:142,0
DA:144,0
DA:145,0
DA:147,0
DA:151,0
DA:155,0
DA:161,0
DA:165,0
DA:167,0
DA:173,0
DA:179,0
LF:41
LH:0
BRDA:36,0,0,0
BRDA:51,1,0,0
BRDA:88,2,0,0
BRDA:88,2,1,0
BRDA:89,3,0,0
BRDA:89,3,1,0
BRDA:128,4,0,0
BRDA:141,5,0,0
BRDA:145,6,0,0
BRDA:145,6,1,0
BRDA:151,7,0,0
BRDA:151,7,1,0
BRDA:155,8,0,0
BRDA:155,8,1,0
BRDA:156,9,0,0
BRDA:156,9,1,0
BRDA:157,10,0,0
BRDA:157,10,1,0
BRDA:168,11,0,0
BRDA:168,11,1,0
BRDA:169,12,0,0
BRDA:169,12,1,0
BRF:22
BRH:0
end_of_record
TN:
SF:server/services/supplements.ts
FN:16,(anonymous_0)
FN:24,(anonymous_1)
FN:54,(anonymous_2)
FN:58,(anonymous_3)
FN:61,(anonymous_4)
FN:81,(anonymous_5)
FN:85,(anonymous_6)
FN:90,(anonymous_7)
FNF:8
FNH:0
FNDA:0,(anonymous_0)
FNDA:0,(anonymous_1)
FNDA:0,(anonymous_2)
FNDA:0,(anonymous_3)
FNDA:0,(anonymous_4)
FNDA:0,(anonymous_5)
FNDA:0,(anonymous_6)
FNDA:0,(anonymous_7)
DA:13,0
DA:14,0
DA:17,0
DA:18,0
DA:19,0
DA:20,0
DA:21,0
DA:25,0
DA:26,0
DA:29,0
DA:38,0
DA:39,0
DA:41,0
DA:42,0
DA:45,0
DA:47,0
DA:49,0
DA:50,0
DA:55,0
DA:56,0
DA:58,0
DA:62,0
DA:64,0
DA:65,0
DA:75,0
DA:77,0
DA:78,0
DA:81,0
DA:86,0
DA:87,0
DA:91,0
DA:92,0
DA:93,0
DA:94,0
DA:97,0
DA:100,0
DA:102,0
DA:103,0
DA:107,0
DA:117,0
DA:119,0
DA:120,0
DA:125,0
LF:43
LH:0
BRDA:55,0,0,0
BRDA:75,1,0,0
BRDA:90,2,0,0
BRDA:92,3,0,0
BRDA:102,4,0,0
BRF:5
BRH:0
end_of_record
TN:
SF:server/services/tierLimitService.ts
FN:29,(anonymous_0)
FN:63,(anonymous_1)
FN:71,(anonymous_2)
FN:102,(anonymous_3)
FNF:4
FNH:0
FNDA:0,(anonymous_0)
FNDA:0,(anonymous_1)
FNDA:0,(anonymous_2)
FNDA:0,(anonymous_3)
DA:13,0
DA:28,0
DA:30,0
DA:34,0
DA:36,0
DA:39,0
DA:42,0
DA:45,0
DA:46,0
DA:48,0
DA:49,0
DA:50,0
DA:56,0
DA:60,0
DA:64,0
DA:72,0
DA:76,0
DA:78,0
DA:81,0
DA:84,0
DA:87,0
DA:88,0
DA:89,0
DA:90,0
DA:96,0
DA:99,0
DA:103,0
LF:27
LH:0
BRDA:34,0,0,0
BRDA:39,1,0,0
BRDA:42,2,0,0
BRDA:46,3,0,0
BRDA:46,3,1,0
BRDA:48,4,0,0
BRDA:48,5,0,0
BRDA:48,5,1,0
BRDA:60,6,0,0
BRDA:60,6,1,0
BRDA:76,7,0,0
BRDA:81,8,0,0
BRDA:84,9,0,0
BRDA:88,10,0,0
BRDA:88,10,1,0
BRDA:89,11,0,0
BRDA:89,12,0,0
BRDA:89,12,1,0
BRDA:99,13,0,0
BRDA:99,13,1,0
BRF:20
BRH:0
end_of_record
TN:
SF:server/services/__tests__/biomarkerPatternService.test.ts
FN:4,(anonymous_0)
FN:103,(anonymous_1)
FN:115,(anonymous_2)
FN:125,(anonymous_3)
FN:135,(anonymous_4)
FN:155,(anonymous_5)
FN:187,(anonymous_6)
FN:188,(anonymous_7)
FN:194,(anonymous_8)
FN:199,(anonymous_9)
FN:207,(anonymous_10)
FN:208,(anonymous_11)
FN:215,(anonymous_12)
FN:216,(anonymous_13)
FN:217,(anonymous_14)
FN:224,(anonymous_15)
FNF:16
FNH:0
FNDA:0,(anonymous_0)
FNDA:0,(anonymous_1)
FNDA:0,(anonymous_2)
FNDA:0,(anonymous_3)
FNDA:0,(anonymous_4)
FNDA:0,(anonymous_5)
FNDA:0,(anonymous_6)
FNDA:0,(anonymous_7)
FNDA:0,(anonymous_8)
FNDA:0,(anonymous_9)
FNDA:0,(anonymous_10)
FNDA:0,(anonymous_11)
FNDA:0,(anonymous_12)
FNDA:0,(anonymous_13)
FNDA:0,(anonymous_14)
FNDA:0,(anonymous_15)
DA:4,0
DA:6,0
DA:103,0
DA:104,0
DA:105,0
DA:106,0
DA:107,0
DA:108,0
DA:109,0
DA:110,0
DA:115,0
DA:116,0
DA:118,0
DA:119,0
DA:120,0
DA:123,0
DA:124,0
DA:125,0
DA:126,0
DA:129,0
DA:130,0
DA:135,0
DA:136,0
DA:155,0
DA:156,0
DA:157,0
DA:158,0
DA:160,0
DA:161,0
DA:162,0
DA:164,0
DA:165,0
DA:166,0
DA:169,0
DA:170,0
DA:172,0
DA:181,0
DA:182,0
DA:187,0
DA:188,0
DA:189,0
DA:190,0
DA:191,0
DA:194,0
DA:195,0
DA:196,0
DA:199,0
DA:200,0
DA:201,0
DA:202,0
DA:207,0
DA:208,0
DA:209,0
DA:215,0
DA:216,0
DA:217,0
DA:219,0
DA:220,0
DA:221,0
DA:224,0
DA:225,0
DA:226,0
LF:62
LH:0
BRDA:109,0,0,0
BRDA:118,1,0,0
BRDA:123,2,0,0
BRDA:123,2,1,0
BRDA:164,3,0,0
BRDA:164,4,0,0
BRDA:164,4,1,0
BRDA:165,5,0,0
BRDA:165,6,0,0
BRDA:165,6,1,0
BRDA:166,7,0,0
BRDA:166,8,0,0
BRDA:166,8,1,0
BRF:13
BRH:0
end_of_record
